[2024-06-11T08:06:16.564+0000] {processor.py:161} INFO - Started process (PID=5932) to work on /opt/airflow/dags/dag_billpayment.py
[2024-06-11T08:06:16.564+0000] {processor.py:830} INFO - Processing file /opt/airflow/dags/dag_billpayment.py for tasks to queue
[2024-06-11T08:06:16.565+0000] {logging_mixin.py:188} INFO - [2024-06-11T08:06:16.565+0000] {dagbag.py:545} INFO - Filling up the DagBag from /opt/airflow/dags/dag_billpayment.py
[2024-06-11T08:06:16.610+0000] {processor.py:840} INFO - DAG(s) 'dag_ingest_cybertrack_superapps_v_billpayment' retrieved from /opt/airflow/dags/dag_billpayment.py
[2024-06-11T08:06:16.684+0000] {logging_mixin.py:188} INFO - [2024-06-11T08:06:16.683+0000] {override.py:1829} INFO - Created Permission View: can delete on DAG:dag_ingest_cybertrack_superapps_v_billpayment
[2024-06-11T08:06:16.690+0000] {logging_mixin.py:188} INFO - [2024-06-11T08:06:16.690+0000] {override.py:1829} INFO - Created Permission View: can edit on DAG:dag_ingest_cybertrack_superapps_v_billpayment
[2024-06-11T08:06:16.693+0000] {logging_mixin.py:188} INFO - [2024-06-11T08:06:16.693+0000] {override.py:1829} INFO - Created Permission View: can read on DAG:dag_ingest_cybertrack_superapps_v_billpayment
[2024-06-11T08:06:16.693+0000] {logging_mixin.py:188} INFO - [2024-06-11T08:06:16.693+0000] {dag.py:3096} INFO - Sync 1 DAGs
[2024-06-11T08:06:16.707+0000] {logging_mixin.py:188} INFO - [2024-06-11T08:06:16.706+0000] {dag.py:3118} INFO - Creating ORM DAG for dag_ingest_cybertrack_superapps_v_billpayment
[2024-06-11T08:06:16.721+0000] {logging_mixin.py:188} INFO - [2024-06-11T08:06:16.721+0000] {dag.py:3954} INFO - Setting next_dagrun for dag_ingest_cybertrack_superapps_v_billpayment to 2024-06-09 17:00:00+00:00, run_after=2024-06-10 17:00:00+00:00
[2024-06-11T08:06:16.731+0000] {processor.py:183} INFO - Processing /opt/airflow/dags/dag_billpayment.py took 0.173 seconds
[2024-06-11T08:06:47.093+0000] {processor.py:161} INFO - Started process (PID=5958) to work on /opt/airflow/dags/dag_billpayment.py
[2024-06-11T08:06:47.095+0000] {processor.py:830} INFO - Processing file /opt/airflow/dags/dag_billpayment.py for tasks to queue
[2024-06-11T08:06:47.096+0000] {logging_mixin.py:188} INFO - [2024-06-11T08:06:47.095+0000] {dagbag.py:545} INFO - Filling up the DagBag from /opt/airflow/dags/dag_billpayment.py
[2024-06-11T08:06:47.126+0000] {processor.py:840} INFO - DAG(s) 'dag_ingest_cybertrack_superapps_v_billpayment' retrieved from /opt/airflow/dags/dag_billpayment.py
[2024-06-11T08:06:47.145+0000] {logging_mixin.py:188} INFO - [2024-06-11T08:06:47.145+0000] {dag.py:3096} INFO - Sync 1 DAGs
[2024-06-11T08:06:47.157+0000] {logging_mixin.py:188} INFO - [2024-06-11T08:06:47.157+0000] {dag.py:3954} INFO - Setting next_dagrun for dag_ingest_cybertrack_superapps_v_billpayment to 2024-06-09 17:00:00+00:00, run_after=2024-06-10 17:00:00+00:00
[2024-06-11T08:06:47.167+0000] {processor.py:183} INFO - Processing /opt/airflow/dags/dag_billpayment.py took 0.082 seconds
[2024-06-11T08:07:17.573+0000] {processor.py:161} INFO - Started process (PID=5984) to work on /opt/airflow/dags/dag_billpayment.py
[2024-06-11T08:07:17.575+0000] {processor.py:830} INFO - Processing file /opt/airflow/dags/dag_billpayment.py for tasks to queue
[2024-06-11T08:07:17.576+0000] {logging_mixin.py:188} INFO - [2024-06-11T08:07:17.576+0000] {dagbag.py:545} INFO - Filling up the DagBag from /opt/airflow/dags/dag_billpayment.py
[2024-06-11T08:07:17.602+0000] {processor.py:840} INFO - DAG(s) 'dag_ingest_cybertrack_superapps_v_billpayment' retrieved from /opt/airflow/dags/dag_billpayment.py
[2024-06-11T08:07:17.620+0000] {logging_mixin.py:188} INFO - [2024-06-11T08:07:17.619+0000] {dag.py:3096} INFO - Sync 1 DAGs
[2024-06-11T08:07:17.633+0000] {logging_mixin.py:188} INFO - [2024-06-11T08:07:17.633+0000] {dag.py:3954} INFO - Setting next_dagrun for dag_ingest_cybertrack_superapps_v_billpayment to 2024-06-09 17:00:00+00:00, run_after=2024-06-10 17:00:00+00:00
[2024-06-11T08:07:17.641+0000] {processor.py:183} INFO - Processing /opt/airflow/dags/dag_billpayment.py took 0.075 seconds
[2024-06-11T08:07:48.079+0000] {processor.py:161} INFO - Started process (PID=6010) to work on /opt/airflow/dags/dag_billpayment.py
[2024-06-11T08:07:48.081+0000] {processor.py:830} INFO - Processing file /opt/airflow/dags/dag_billpayment.py for tasks to queue
[2024-06-11T08:07:48.083+0000] {logging_mixin.py:188} INFO - [2024-06-11T08:07:48.082+0000] {dagbag.py:545} INFO - Filling up the DagBag from /opt/airflow/dags/dag_billpayment.py
[2024-06-11T08:07:48.126+0000] {processor.py:840} INFO - DAG(s) 'dag_ingest_cybertrack_superapps_v_billpayment' retrieved from /opt/airflow/dags/dag_billpayment.py
[2024-06-11T08:07:48.155+0000] {logging_mixin.py:188} INFO - [2024-06-11T08:07:48.154+0000] {dag.py:3096} INFO - Sync 1 DAGs
[2024-06-11T08:07:48.170+0000] {logging_mixin.py:188} INFO - [2024-06-11T08:07:48.170+0000] {dag.py:3954} INFO - Setting next_dagrun for dag_ingest_cybertrack_superapps_v_billpayment to 2024-06-10 17:00:00+00:00, run_after=2024-06-11 17:00:00+00:00
[2024-06-11T08:07:48.179+0000] {processor.py:183} INFO - Processing /opt/airflow/dags/dag_billpayment.py took 0.117 seconds
[2024-06-11T08:08:18.506+0000] {processor.py:161} INFO - Started process (PID=6040) to work on /opt/airflow/dags/dag_billpayment.py
[2024-06-11T08:08:18.509+0000] {processor.py:830} INFO - Processing file /opt/airflow/dags/dag_billpayment.py for tasks to queue
[2024-06-11T08:08:18.510+0000] {logging_mixin.py:188} INFO - [2024-06-11T08:08:18.509+0000] {dagbag.py:545} INFO - Filling up the DagBag from /opt/airflow/dags/dag_billpayment.py
[2024-06-11T08:08:18.546+0000] {processor.py:840} INFO - DAG(s) 'dag_ingest_cybertrack_superapps_v_billpayment' retrieved from /opt/airflow/dags/dag_billpayment.py
[2024-06-11T08:08:18.564+0000] {logging_mixin.py:188} INFO - [2024-06-11T08:08:18.564+0000] {dag.py:3096} INFO - Sync 1 DAGs
[2024-06-11T08:08:18.576+0000] {logging_mixin.py:188} INFO - [2024-06-11T08:08:18.576+0000] {dag.py:3954} INFO - Setting next_dagrun for dag_ingest_cybertrack_superapps_v_billpayment to 2024-06-10 17:00:00+00:00, run_after=2024-06-11 17:00:00+00:00
[2024-06-11T08:08:18.584+0000] {processor.py:183} INFO - Processing /opt/airflow/dags/dag_billpayment.py took 0.087 seconds
[2024-06-11T08:08:39.913+0000] {processor.py:161} INFO - Started process (PID=6060) to work on /opt/airflow/dags/dag_billpayment.py
[2024-06-11T08:08:39.914+0000] {processor.py:830} INFO - Processing file /opt/airflow/dags/dag_billpayment.py for tasks to queue
[2024-06-11T08:08:39.915+0000] {logging_mixin.py:188} INFO - [2024-06-11T08:08:39.915+0000] {dagbag.py:545} INFO - Filling up the DagBag from /opt/airflow/dags/dag_billpayment.py
[2024-06-11T08:08:39.963+0000] {processor.py:840} INFO - DAG(s) 'dag_ingest_cybertrack_superapps_v_billpayment' retrieved from /opt/airflow/dags/dag_billpayment.py
[2024-06-11T08:08:39.980+0000] {logging_mixin.py:188} INFO - [2024-06-11T08:08:39.980+0000] {dag.py:3096} INFO - Sync 1 DAGs
[2024-06-11T08:08:39.992+0000] {logging_mixin.py:188} INFO - [2024-06-11T08:08:39.992+0000] {dag.py:3954} INFO - Setting next_dagrun for dag_ingest_cybertrack_superapps_v_billpayment to 2024-06-10 17:00:00+00:00, run_after=2024-06-11 17:00:00+00:00
[2024-06-11T08:08:40.001+0000] {processor.py:183} INFO - Processing /opt/airflow/dags/dag_billpayment.py took 0.097 seconds
[2024-06-11T08:09:10.385+0000] {processor.py:161} INFO - Started process (PID=6092) to work on /opt/airflow/dags/dag_billpayment.py
[2024-06-11T08:09:10.387+0000] {processor.py:830} INFO - Processing file /opt/airflow/dags/dag_billpayment.py for tasks to queue
[2024-06-11T08:09:10.388+0000] {logging_mixin.py:188} INFO - [2024-06-11T08:09:10.388+0000] {dagbag.py:545} INFO - Filling up the DagBag from /opt/airflow/dags/dag_billpayment.py
[2024-06-11T08:09:10.422+0000] {processor.py:840} INFO - DAG(s) 'dag_ingest_cybertrack_superapps_v_billpayment' retrieved from /opt/airflow/dags/dag_billpayment.py
[2024-06-11T08:09:10.438+0000] {logging_mixin.py:188} INFO - [2024-06-11T08:09:10.438+0000] {dag.py:3096} INFO - Sync 1 DAGs
[2024-06-11T08:09:10.448+0000] {logging_mixin.py:188} INFO - [2024-06-11T08:09:10.448+0000] {dag.py:3954} INFO - Setting next_dagrun for dag_ingest_cybertrack_superapps_v_billpayment to 2024-06-10 17:00:00+00:00, run_after=2024-06-11 17:00:00+00:00
[2024-06-11T08:09:10.455+0000] {processor.py:183} INFO - Processing /opt/airflow/dags/dag_billpayment.py took 0.078 seconds
[2024-06-11T08:09:40.840+0000] {processor.py:161} INFO - Started process (PID=6124) to work on /opt/airflow/dags/dag_billpayment.py
[2024-06-11T08:09:40.842+0000] {processor.py:830} INFO - Processing file /opt/airflow/dags/dag_billpayment.py for tasks to queue
[2024-06-11T08:09:40.843+0000] {logging_mixin.py:188} INFO - [2024-06-11T08:09:40.842+0000] {dagbag.py:545} INFO - Filling up the DagBag from /opt/airflow/dags/dag_billpayment.py
[2024-06-11T08:09:40.878+0000] {processor.py:840} INFO - DAG(s) 'dag_ingest_cybertrack_superapps_v_billpayment' retrieved from /opt/airflow/dags/dag_billpayment.py
[2024-06-11T08:09:40.904+0000] {logging_mixin.py:188} INFO - [2024-06-11T08:09:40.904+0000] {dag.py:3096} INFO - Sync 1 DAGs
[2024-06-11T08:09:40.923+0000] {logging_mixin.py:188} INFO - [2024-06-11T08:09:40.923+0000] {dag.py:3954} INFO - Setting next_dagrun for dag_ingest_cybertrack_superapps_v_billpayment to 2024-06-10 17:00:00+00:00, run_after=2024-06-11 17:00:00+00:00
[2024-06-11T08:09:40.935+0000] {processor.py:183} INFO - Processing /opt/airflow/dags/dag_billpayment.py took 0.102 seconds
[2024-06-11T08:10:11.572+0000] {processor.py:161} INFO - Started process (PID=6150) to work on /opt/airflow/dags/dag_billpayment.py
[2024-06-11T08:10:11.573+0000] {processor.py:830} INFO - Processing file /opt/airflow/dags/dag_billpayment.py for tasks to queue
[2024-06-11T08:10:11.575+0000] {logging_mixin.py:188} INFO - [2024-06-11T08:10:11.574+0000] {dagbag.py:545} INFO - Filling up the DagBag from /opt/airflow/dags/dag_billpayment.py
[2024-06-11T08:10:11.606+0000] {processor.py:840} INFO - DAG(s) 'dag_ingest_cybertrack_superapps_v_billpayment' retrieved from /opt/airflow/dags/dag_billpayment.py
[2024-06-11T08:10:11.626+0000] {logging_mixin.py:188} INFO - [2024-06-11T08:10:11.626+0000] {dag.py:3096} INFO - Sync 1 DAGs
[2024-06-11T08:10:11.639+0000] {logging_mixin.py:188} INFO - [2024-06-11T08:10:11.638+0000] {dag.py:3954} INFO - Setting next_dagrun for dag_ingest_cybertrack_superapps_v_billpayment to 2024-06-10 17:00:00+00:00, run_after=2024-06-11 17:00:00+00:00
[2024-06-11T08:10:11.648+0000] {processor.py:183} INFO - Processing /opt/airflow/dags/dag_billpayment.py took 0.084 seconds
[2024-06-11T08:10:42.196+0000] {processor.py:161} INFO - Started process (PID=6176) to work on /opt/airflow/dags/dag_billpayment.py
[2024-06-11T08:10:42.199+0000] {processor.py:830} INFO - Processing file /opt/airflow/dags/dag_billpayment.py for tasks to queue
[2024-06-11T08:10:42.200+0000] {logging_mixin.py:188} INFO - [2024-06-11T08:10:42.200+0000] {dagbag.py:545} INFO - Filling up the DagBag from /opt/airflow/dags/dag_billpayment.py
[2024-06-11T08:10:42.232+0000] {processor.py:840} INFO - DAG(s) 'dag_ingest_cybertrack_superapps_v_billpayment' retrieved from /opt/airflow/dags/dag_billpayment.py
[2024-06-11T08:10:42.248+0000] {logging_mixin.py:188} INFO - [2024-06-11T08:10:42.248+0000] {dag.py:3096} INFO - Sync 1 DAGs
[2024-06-11T08:10:42.258+0000] {logging_mixin.py:188} INFO - [2024-06-11T08:10:42.258+0000] {dag.py:3954} INFO - Setting next_dagrun for dag_ingest_cybertrack_superapps_v_billpayment to 2024-06-10 17:00:00+00:00, run_after=2024-06-11 17:00:00+00:00
[2024-06-11T08:10:42.265+0000] {processor.py:183} INFO - Processing /opt/airflow/dags/dag_billpayment.py took 0.077 seconds
[2024-06-11T08:11:12.737+0000] {processor.py:161} INFO - Started process (PID=6202) to work on /opt/airflow/dags/dag_billpayment.py
[2024-06-11T08:11:12.740+0000] {processor.py:830} INFO - Processing file /opt/airflow/dags/dag_billpayment.py for tasks to queue
[2024-06-11T08:11:12.741+0000] {logging_mixin.py:188} INFO - [2024-06-11T08:11:12.740+0000] {dagbag.py:545} INFO - Filling up the DagBag from /opt/airflow/dags/dag_billpayment.py
[2024-06-11T08:11:12.774+0000] {processor.py:840} INFO - DAG(s) 'dag_ingest_cybertrack_superapps_v_billpayment' retrieved from /opt/airflow/dags/dag_billpayment.py
[2024-06-11T08:11:12.790+0000] {logging_mixin.py:188} INFO - [2024-06-11T08:11:12.790+0000] {dag.py:3096} INFO - Sync 1 DAGs
[2024-06-11T08:11:12.800+0000] {logging_mixin.py:188} INFO - [2024-06-11T08:11:12.800+0000] {dag.py:3954} INFO - Setting next_dagrun for dag_ingest_cybertrack_superapps_v_billpayment to 2024-06-10 17:00:00+00:00, run_after=2024-06-11 17:00:00+00:00
[2024-06-11T08:11:12.807+0000] {processor.py:183} INFO - Processing /opt/airflow/dags/dag_billpayment.py took 0.077 seconds
[2024-06-11T08:11:43.299+0000] {processor.py:161} INFO - Started process (PID=6228) to work on /opt/airflow/dags/dag_billpayment.py
[2024-06-11T08:11:43.300+0000] {processor.py:830} INFO - Processing file /opt/airflow/dags/dag_billpayment.py for tasks to queue
[2024-06-11T08:11:43.301+0000] {logging_mixin.py:188} INFO - [2024-06-11T08:11:43.301+0000] {dagbag.py:545} INFO - Filling up the DagBag from /opt/airflow/dags/dag_billpayment.py
[2024-06-11T08:11:43.333+0000] {processor.py:840} INFO - DAG(s) 'dag_ingest_cybertrack_superapps_v_billpayment' retrieved from /opt/airflow/dags/dag_billpayment.py
[2024-06-11T08:11:43.348+0000] {logging_mixin.py:188} INFO - [2024-06-11T08:11:43.348+0000] {dag.py:3096} INFO - Sync 1 DAGs
[2024-06-11T08:11:43.358+0000] {logging_mixin.py:188} INFO - [2024-06-11T08:11:43.358+0000] {dag.py:3954} INFO - Setting next_dagrun for dag_ingest_cybertrack_superapps_v_billpayment to 2024-06-10 17:00:00+00:00, run_after=2024-06-11 17:00:00+00:00
[2024-06-11T08:11:43.365+0000] {processor.py:183} INFO - Processing /opt/airflow/dags/dag_billpayment.py took 0.073 seconds
[2024-06-11T08:12:13.850+0000] {processor.py:161} INFO - Started process (PID=6254) to work on /opt/airflow/dags/dag_billpayment.py
[2024-06-11T08:12:13.851+0000] {processor.py:830} INFO - Processing file /opt/airflow/dags/dag_billpayment.py for tasks to queue
[2024-06-11T08:12:13.852+0000] {logging_mixin.py:188} INFO - [2024-06-11T08:12:13.851+0000] {dagbag.py:545} INFO - Filling up the DagBag from /opt/airflow/dags/dag_billpayment.py
[2024-06-11T08:12:13.868+0000] {processor.py:840} INFO - DAG(s) 'dag_ingest_cybertrack_superapps_v_billpayment' retrieved from /opt/airflow/dags/dag_billpayment.py
[2024-06-11T08:12:13.879+0000] {logging_mixin.py:188} INFO - [2024-06-11T08:12:13.879+0000] {dag.py:3096} INFO - Sync 1 DAGs
[2024-06-11T08:12:13.889+0000] {logging_mixin.py:188} INFO - [2024-06-11T08:12:13.889+0000] {dag.py:3954} INFO - Setting next_dagrun for dag_ingest_cybertrack_superapps_v_billpayment to 2024-06-10 17:00:00+00:00, run_after=2024-06-11 17:00:00+00:00
[2024-06-11T08:12:13.896+0000] {processor.py:183} INFO - Processing /opt/airflow/dags/dag_billpayment.py took 0.049 seconds
[2024-06-11T08:12:44.363+0000] {processor.py:161} INFO - Started process (PID=6280) to work on /opt/airflow/dags/dag_billpayment.py
[2024-06-11T08:12:44.365+0000] {processor.py:830} INFO - Processing file /opt/airflow/dags/dag_billpayment.py for tasks to queue
[2024-06-11T08:12:44.366+0000] {logging_mixin.py:188} INFO - [2024-06-11T08:12:44.365+0000] {dagbag.py:545} INFO - Filling up the DagBag from /opt/airflow/dags/dag_billpayment.py
[2024-06-11T08:12:44.395+0000] {processor.py:840} INFO - DAG(s) 'dag_ingest_cybertrack_superapps_v_billpayment' retrieved from /opt/airflow/dags/dag_billpayment.py
[2024-06-11T08:12:44.409+0000] {logging_mixin.py:188} INFO - [2024-06-11T08:12:44.409+0000] {dag.py:3096} INFO - Sync 1 DAGs
[2024-06-11T08:12:44.420+0000] {logging_mixin.py:188} INFO - [2024-06-11T08:12:44.420+0000] {dag.py:3954} INFO - Setting next_dagrun for dag_ingest_cybertrack_superapps_v_billpayment to 2024-06-10 17:00:00+00:00, run_after=2024-06-11 17:00:00+00:00
[2024-06-11T08:12:44.427+0000] {processor.py:183} INFO - Processing /opt/airflow/dags/dag_billpayment.py took 0.072 seconds
[2024-06-11T08:13:14.933+0000] {processor.py:161} INFO - Started process (PID=6306) to work on /opt/airflow/dags/dag_billpayment.py
[2024-06-11T08:13:14.934+0000] {processor.py:830} INFO - Processing file /opt/airflow/dags/dag_billpayment.py for tasks to queue
[2024-06-11T08:13:14.936+0000] {logging_mixin.py:188} INFO - [2024-06-11T08:13:14.935+0000] {dagbag.py:545} INFO - Filling up the DagBag from /opt/airflow/dags/dag_billpayment.py
[2024-06-11T08:13:14.967+0000] {processor.py:840} INFO - DAG(s) 'dag_ingest_cybertrack_superapps_v_billpayment' retrieved from /opt/airflow/dags/dag_billpayment.py
[2024-06-11T08:13:14.982+0000] {logging_mixin.py:188} INFO - [2024-06-11T08:13:14.982+0000] {dag.py:3096} INFO - Sync 1 DAGs
[2024-06-11T08:13:14.992+0000] {logging_mixin.py:188} INFO - [2024-06-11T08:13:14.992+0000] {dag.py:3954} INFO - Setting next_dagrun for dag_ingest_cybertrack_superapps_v_billpayment to 2024-06-10 17:00:00+00:00, run_after=2024-06-11 17:00:00+00:00
[2024-06-11T08:13:14.999+0000] {processor.py:183} INFO - Processing /opt/airflow/dags/dag_billpayment.py took 0.074 seconds
[2024-06-11T08:13:45.342+0000] {processor.py:161} INFO - Started process (PID=6332) to work on /opt/airflow/dags/dag_billpayment.py
[2024-06-11T08:13:45.343+0000] {processor.py:830} INFO - Processing file /opt/airflow/dags/dag_billpayment.py for tasks to queue
[2024-06-11T08:13:45.344+0000] {logging_mixin.py:188} INFO - [2024-06-11T08:13:45.344+0000] {dagbag.py:545} INFO - Filling up the DagBag from /opt/airflow/dags/dag_billpayment.py
[2024-06-11T08:13:45.375+0000] {processor.py:840} INFO - DAG(s) 'dag_ingest_cybertrack_superapps_v_billpayment' retrieved from /opt/airflow/dags/dag_billpayment.py
[2024-06-11T08:13:45.401+0000] {logging_mixin.py:188} INFO - [2024-06-11T08:13:45.401+0000] {dag.py:3096} INFO - Sync 1 DAGs
[2024-06-11T08:13:45.414+0000] {logging_mixin.py:188} INFO - [2024-06-11T08:13:45.414+0000] {dag.py:3954} INFO - Setting next_dagrun for dag_ingest_cybertrack_superapps_v_billpayment to 2024-06-10 17:00:00+00:00, run_after=2024-06-11 17:00:00+00:00
[2024-06-11T08:13:45.421+0000] {processor.py:183} INFO - Processing /opt/airflow/dags/dag_billpayment.py took 0.086 seconds
[2024-06-11T08:14:15.861+0000] {processor.py:161} INFO - Started process (PID=6358) to work on /opt/airflow/dags/dag_billpayment.py
[2024-06-11T08:14:15.862+0000] {processor.py:830} INFO - Processing file /opt/airflow/dags/dag_billpayment.py for tasks to queue
[2024-06-11T08:14:15.862+0000] {logging_mixin.py:188} INFO - [2024-06-11T08:14:15.862+0000] {dagbag.py:545} INFO - Filling up the DagBag from /opt/airflow/dags/dag_billpayment.py
[2024-06-11T08:14:15.879+0000] {processor.py:840} INFO - DAG(s) 'dag_ingest_cybertrack_superapps_v_billpayment' retrieved from /opt/airflow/dags/dag_billpayment.py
[2024-06-11T08:14:15.890+0000] {logging_mixin.py:188} INFO - [2024-06-11T08:14:15.890+0000] {dag.py:3096} INFO - Sync 1 DAGs
[2024-06-11T08:14:15.900+0000] {logging_mixin.py:188} INFO - [2024-06-11T08:14:15.899+0000] {dag.py:3954} INFO - Setting next_dagrun for dag_ingest_cybertrack_superapps_v_billpayment to 2024-06-10 17:00:00+00:00, run_after=2024-06-11 17:00:00+00:00
[2024-06-11T08:14:15.906+0000] {processor.py:183} INFO - Processing /opt/airflow/dags/dag_billpayment.py took 0.048 seconds
[2024-06-11T08:14:46.423+0000] {processor.py:161} INFO - Started process (PID=6384) to work on /opt/airflow/dags/dag_billpayment.py
[2024-06-11T08:14:46.426+0000] {processor.py:830} INFO - Processing file /opt/airflow/dags/dag_billpayment.py for tasks to queue
[2024-06-11T08:14:46.427+0000] {logging_mixin.py:188} INFO - [2024-06-11T08:14:46.427+0000] {dagbag.py:545} INFO - Filling up the DagBag from /opt/airflow/dags/dag_billpayment.py
[2024-06-11T08:14:46.458+0000] {processor.py:840} INFO - DAG(s) 'dag_ingest_cybertrack_superapps_v_billpayment' retrieved from /opt/airflow/dags/dag_billpayment.py
[2024-06-11T08:14:46.471+0000] {logging_mixin.py:188} INFO - [2024-06-11T08:14:46.471+0000] {dag.py:3096} INFO - Sync 1 DAGs
[2024-06-11T08:14:46.482+0000] {logging_mixin.py:188} INFO - [2024-06-11T08:14:46.482+0000] {dag.py:3954} INFO - Setting next_dagrun for dag_ingest_cybertrack_superapps_v_billpayment to 2024-06-10 17:00:00+00:00, run_after=2024-06-11 17:00:00+00:00
[2024-06-11T08:14:46.489+0000] {processor.py:183} INFO - Processing /opt/airflow/dags/dag_billpayment.py took 0.077 seconds
[2024-06-11T08:15:17.043+0000] {processor.py:161} INFO - Started process (PID=6416) to work on /opt/airflow/dags/dag_billpayment.py
[2024-06-11T08:15:17.046+0000] {processor.py:830} INFO - Processing file /opt/airflow/dags/dag_billpayment.py for tasks to queue
[2024-06-11T08:15:17.047+0000] {logging_mixin.py:188} INFO - [2024-06-11T08:15:17.046+0000] {dagbag.py:545} INFO - Filling up the DagBag from /opt/airflow/dags/dag_billpayment.py
[2024-06-11T08:15:17.077+0000] {processor.py:840} INFO - DAG(s) 'dag_ingest_cybertrack_superapps_v_billpayment' retrieved from /opt/airflow/dags/dag_billpayment.py
[2024-06-11T08:15:17.092+0000] {logging_mixin.py:188} INFO - [2024-06-11T08:15:17.091+0000] {dag.py:3096} INFO - Sync 1 DAGs
[2024-06-11T08:15:17.102+0000] {logging_mixin.py:188} INFO - [2024-06-11T08:15:17.102+0000] {dag.py:3954} INFO - Setting next_dagrun for dag_ingest_cybertrack_superapps_v_billpayment to 2024-06-10 17:00:00+00:00, run_after=2024-06-11 17:00:00+00:00
[2024-06-11T08:15:17.109+0000] {processor.py:183} INFO - Processing /opt/airflow/dags/dag_billpayment.py took 0.073 seconds
[2024-06-11T08:15:47.641+0000] {processor.py:161} INFO - Started process (PID=6442) to work on /opt/airflow/dags/dag_billpayment.py
[2024-06-11T08:15:47.642+0000] {processor.py:830} INFO - Processing file /opt/airflow/dags/dag_billpayment.py for tasks to queue
[2024-06-11T08:15:47.644+0000] {logging_mixin.py:188} INFO - [2024-06-11T08:15:47.643+0000] {dagbag.py:545} INFO - Filling up the DagBag from /opt/airflow/dags/dag_billpayment.py
[2024-06-11T08:15:47.676+0000] {processor.py:840} INFO - DAG(s) 'dag_ingest_cybertrack_superapps_v_billpayment' retrieved from /opt/airflow/dags/dag_billpayment.py
[2024-06-11T08:15:47.692+0000] {logging_mixin.py:188} INFO - [2024-06-11T08:15:47.692+0000] {dag.py:3096} INFO - Sync 1 DAGs
[2024-06-11T08:15:47.701+0000] {logging_mixin.py:188} INFO - [2024-06-11T08:15:47.701+0000] {dag.py:3954} INFO - Setting next_dagrun for dag_ingest_cybertrack_superapps_v_billpayment to 2024-06-10 17:00:00+00:00, run_after=2024-06-11 17:00:00+00:00
[2024-06-11T08:15:47.709+0000] {processor.py:183} INFO - Processing /opt/airflow/dags/dag_billpayment.py took 0.075 seconds
[2024-06-11T08:16:18.148+0000] {processor.py:161} INFO - Started process (PID=6468) to work on /opt/airflow/dags/dag_billpayment.py
[2024-06-11T08:16:18.149+0000] {processor.py:830} INFO - Processing file /opt/airflow/dags/dag_billpayment.py for tasks to queue
[2024-06-11T08:16:18.150+0000] {logging_mixin.py:188} INFO - [2024-06-11T08:16:18.150+0000] {dagbag.py:545} INFO - Filling up the DagBag from /opt/airflow/dags/dag_billpayment.py
[2024-06-11T08:16:18.187+0000] {processor.py:840} INFO - DAG(s) 'dag_ingest_cybertrack_superapps_v_billpayment' retrieved from /opt/airflow/dags/dag_billpayment.py
[2024-06-11T08:16:18.201+0000] {logging_mixin.py:188} INFO - [2024-06-11T08:16:18.201+0000] {dag.py:3096} INFO - Sync 1 DAGs
[2024-06-11T08:16:18.211+0000] {logging_mixin.py:188} INFO - [2024-06-11T08:16:18.211+0000] {dag.py:3954} INFO - Setting next_dagrun for dag_ingest_cybertrack_superapps_v_billpayment to 2024-06-10 17:00:00+00:00, run_after=2024-06-11 17:00:00+00:00
[2024-06-11T08:16:18.217+0000] {processor.py:183} INFO - Processing /opt/airflow/dags/dag_billpayment.py took 0.076 seconds
[2024-06-11T08:16:48.669+0000] {processor.py:161} INFO - Started process (PID=6494) to work on /opt/airflow/dags/dag_billpayment.py
[2024-06-11T08:16:48.670+0000] {processor.py:830} INFO - Processing file /opt/airflow/dags/dag_billpayment.py for tasks to queue
[2024-06-11T08:16:48.671+0000] {logging_mixin.py:188} INFO - [2024-06-11T08:16:48.670+0000] {dagbag.py:545} INFO - Filling up the DagBag from /opt/airflow/dags/dag_billpayment.py
[2024-06-11T08:16:48.695+0000] {processor.py:840} INFO - DAG(s) 'dag_ingest_cybertrack_superapps_v_billpayment' retrieved from /opt/airflow/dags/dag_billpayment.py
[2024-06-11T08:16:48.707+0000] {logging_mixin.py:188} INFO - [2024-06-11T08:16:48.707+0000] {dag.py:3096} INFO - Sync 1 DAGs
[2024-06-11T08:16:48.717+0000] {logging_mixin.py:188} INFO - [2024-06-11T08:16:48.717+0000] {dag.py:3954} INFO - Setting next_dagrun for dag_ingest_cybertrack_superapps_v_billpayment to 2024-06-10 17:00:00+00:00, run_after=2024-06-11 17:00:00+00:00
[2024-06-11T08:16:48.725+0000] {processor.py:183} INFO - Processing /opt/airflow/dags/dag_billpayment.py took 0.062 seconds
[2024-06-11T08:17:19.189+0000] {processor.py:161} INFO - Started process (PID=6520) to work on /opt/airflow/dags/dag_billpayment.py
[2024-06-11T08:17:19.191+0000] {processor.py:830} INFO - Processing file /opt/airflow/dags/dag_billpayment.py for tasks to queue
[2024-06-11T08:17:19.192+0000] {logging_mixin.py:188} INFO - [2024-06-11T08:17:19.192+0000] {dagbag.py:545} INFO - Filling up the DagBag from /opt/airflow/dags/dag_billpayment.py
[2024-06-11T08:17:19.223+0000] {processor.py:840} INFO - DAG(s) 'dag_ingest_cybertrack_superapps_v_billpayment' retrieved from /opt/airflow/dags/dag_billpayment.py
[2024-06-11T08:17:19.238+0000] {logging_mixin.py:188} INFO - [2024-06-11T08:17:19.238+0000] {dag.py:3096} INFO - Sync 1 DAGs
[2024-06-11T08:17:19.249+0000] {logging_mixin.py:188} INFO - [2024-06-11T08:17:19.249+0000] {dag.py:3954} INFO - Setting next_dagrun for dag_ingest_cybertrack_superapps_v_billpayment to 2024-06-10 17:00:00+00:00, run_after=2024-06-11 17:00:00+00:00
[2024-06-11T08:17:19.255+0000] {processor.py:183} INFO - Processing /opt/airflow/dags/dag_billpayment.py took 0.074 seconds
[2024-06-11T08:17:49.765+0000] {processor.py:161} INFO - Started process (PID=6546) to work on /opt/airflow/dags/dag_billpayment.py
[2024-06-11T08:17:49.766+0000] {processor.py:830} INFO - Processing file /opt/airflow/dags/dag_billpayment.py for tasks to queue
[2024-06-11T08:17:49.767+0000] {logging_mixin.py:188} INFO - [2024-06-11T08:17:49.767+0000] {dagbag.py:545} INFO - Filling up the DagBag from /opt/airflow/dags/dag_billpayment.py
[2024-06-11T08:17:49.798+0000] {processor.py:840} INFO - DAG(s) 'dag_ingest_cybertrack_superapps_v_billpayment' retrieved from /opt/airflow/dags/dag_billpayment.py
[2024-06-11T08:17:49.813+0000] {logging_mixin.py:188} INFO - [2024-06-11T08:17:49.813+0000] {dag.py:3096} INFO - Sync 1 DAGs
[2024-06-11T08:17:49.824+0000] {logging_mixin.py:188} INFO - [2024-06-11T08:17:49.823+0000] {dag.py:3954} INFO - Setting next_dagrun for dag_ingest_cybertrack_superapps_v_billpayment to 2024-06-10 17:00:00+00:00, run_after=2024-06-11 17:00:00+00:00
[2024-06-11T08:17:49.830+0000] {processor.py:183} INFO - Processing /opt/airflow/dags/dag_billpayment.py took 0.072 seconds
[2024-06-11T08:18:20.371+0000] {processor.py:161} INFO - Started process (PID=6572) to work on /opt/airflow/dags/dag_billpayment.py
[2024-06-11T08:18:20.374+0000] {processor.py:830} INFO - Processing file /opt/airflow/dags/dag_billpayment.py for tasks to queue
[2024-06-11T08:18:20.375+0000] {logging_mixin.py:188} INFO - [2024-06-11T08:18:20.374+0000] {dagbag.py:545} INFO - Filling up the DagBag from /opt/airflow/dags/dag_billpayment.py
[2024-06-11T08:18:20.406+0000] {processor.py:840} INFO - DAG(s) 'dag_ingest_cybertrack_superapps_v_billpayment' retrieved from /opt/airflow/dags/dag_billpayment.py
[2024-06-11T08:18:20.422+0000] {logging_mixin.py:188} INFO - [2024-06-11T08:18:20.422+0000] {dag.py:3096} INFO - Sync 1 DAGs
[2024-06-11T08:18:20.433+0000] {logging_mixin.py:188} INFO - [2024-06-11T08:18:20.432+0000] {dag.py:3954} INFO - Setting next_dagrun for dag_ingest_cybertrack_superapps_v_billpayment to 2024-06-10 17:00:00+00:00, run_after=2024-06-11 17:00:00+00:00
[2024-06-11T08:18:20.440+0000] {processor.py:183} INFO - Processing /opt/airflow/dags/dag_billpayment.py took 0.076 seconds
[2024-06-11T08:18:50.885+0000] {processor.py:161} INFO - Started process (PID=6598) to work on /opt/airflow/dags/dag_billpayment.py
[2024-06-11T08:18:50.886+0000] {processor.py:830} INFO - Processing file /opt/airflow/dags/dag_billpayment.py for tasks to queue
[2024-06-11T08:18:50.887+0000] {logging_mixin.py:188} INFO - [2024-06-11T08:18:50.887+0000] {dagbag.py:545} INFO - Filling up the DagBag from /opt/airflow/dags/dag_billpayment.py
[2024-06-11T08:18:50.918+0000] {processor.py:840} INFO - DAG(s) 'dag_ingest_cybertrack_superapps_v_billpayment' retrieved from /opt/airflow/dags/dag_billpayment.py
[2024-06-11T08:18:50.933+0000] {logging_mixin.py:188} INFO - [2024-06-11T08:18:50.933+0000] {dag.py:3096} INFO - Sync 1 DAGs
[2024-06-11T08:18:50.942+0000] {logging_mixin.py:188} INFO - [2024-06-11T08:18:50.942+0000] {dag.py:3954} INFO - Setting next_dagrun for dag_ingest_cybertrack_superapps_v_billpayment to 2024-06-10 17:00:00+00:00, run_after=2024-06-11 17:00:00+00:00
[2024-06-11T08:18:50.949+0000] {processor.py:183} INFO - Processing /opt/airflow/dags/dag_billpayment.py took 0.070 seconds
[2024-06-11T08:19:21.505+0000] {processor.py:161} INFO - Started process (PID=6624) to work on /opt/airflow/dags/dag_billpayment.py
[2024-06-11T08:19:21.506+0000] {processor.py:830} INFO - Processing file /opt/airflow/dags/dag_billpayment.py for tasks to queue
[2024-06-11T08:19:21.507+0000] {logging_mixin.py:188} INFO - [2024-06-11T08:19:21.507+0000] {dagbag.py:545} INFO - Filling up the DagBag from /opt/airflow/dags/dag_billpayment.py
[2024-06-11T08:19:21.540+0000] {processor.py:840} INFO - DAG(s) 'dag_ingest_cybertrack_superapps_v_billpayment' retrieved from /opt/airflow/dags/dag_billpayment.py
[2024-06-11T08:19:21.556+0000] {logging_mixin.py:188} INFO - [2024-06-11T08:19:21.555+0000] {dag.py:3096} INFO - Sync 1 DAGs
[2024-06-11T08:19:21.565+0000] {logging_mixin.py:188} INFO - [2024-06-11T08:19:21.565+0000] {dag.py:3954} INFO - Setting next_dagrun for dag_ingest_cybertrack_superapps_v_billpayment to 2024-06-10 17:00:00+00:00, run_after=2024-06-11 17:00:00+00:00
[2024-06-11T08:19:21.572+0000] {processor.py:183} INFO - Processing /opt/airflow/dags/dag_billpayment.py took 0.076 seconds
[2024-06-11T08:19:52.087+0000] {processor.py:161} INFO - Started process (PID=6650) to work on /opt/airflow/dags/dag_billpayment.py
[2024-06-11T08:19:52.088+0000] {processor.py:830} INFO - Processing file /opt/airflow/dags/dag_billpayment.py for tasks to queue
[2024-06-11T08:19:52.089+0000] {logging_mixin.py:188} INFO - [2024-06-11T08:19:52.089+0000] {dagbag.py:545} INFO - Filling up the DagBag from /opt/airflow/dags/dag_billpayment.py
[2024-06-11T08:19:52.119+0000] {processor.py:840} INFO - DAG(s) 'dag_ingest_cybertrack_superapps_v_billpayment' retrieved from /opt/airflow/dags/dag_billpayment.py
[2024-06-11T08:19:52.134+0000] {logging_mixin.py:188} INFO - [2024-06-11T08:19:52.134+0000] {dag.py:3096} INFO - Sync 1 DAGs
[2024-06-11T08:19:52.145+0000] {logging_mixin.py:188} INFO - [2024-06-11T08:19:52.144+0000] {dag.py:3954} INFO - Setting next_dagrun for dag_ingest_cybertrack_superapps_v_billpayment to 2024-06-10 17:00:00+00:00, run_after=2024-06-11 17:00:00+00:00
[2024-06-11T08:19:52.151+0000] {processor.py:183} INFO - Processing /opt/airflow/dags/dag_billpayment.py took 0.072 seconds
[2024-06-11T08:20:22.646+0000] {processor.py:161} INFO - Started process (PID=6676) to work on /opt/airflow/dags/dag_billpayment.py
[2024-06-11T08:20:22.647+0000] {processor.py:830} INFO - Processing file /opt/airflow/dags/dag_billpayment.py for tasks to queue
[2024-06-11T08:20:22.648+0000] {logging_mixin.py:188} INFO - [2024-06-11T08:20:22.648+0000] {dagbag.py:545} INFO - Filling up the DagBag from /opt/airflow/dags/dag_billpayment.py
[2024-06-11T08:20:22.680+0000] {processor.py:840} INFO - DAG(s) 'dag_ingest_cybertrack_superapps_v_billpayment' retrieved from /opt/airflow/dags/dag_billpayment.py
[2024-06-11T08:20:22.699+0000] {logging_mixin.py:188} INFO - [2024-06-11T08:20:22.699+0000] {dag.py:3096} INFO - Sync 1 DAGs
[2024-06-11T08:20:22.712+0000] {logging_mixin.py:188} INFO - [2024-06-11T08:20:22.712+0000] {dag.py:3954} INFO - Setting next_dagrun for dag_ingest_cybertrack_superapps_v_billpayment to 2024-06-10 17:00:00+00:00, run_after=2024-06-11 17:00:00+00:00
[2024-06-11T08:20:22.720+0000] {processor.py:183} INFO - Processing /opt/airflow/dags/dag_billpayment.py took 0.081 seconds
[2024-06-11T08:20:53.085+0000] {processor.py:161} INFO - Started process (PID=6702) to work on /opt/airflow/dags/dag_billpayment.py
[2024-06-11T08:20:53.088+0000] {processor.py:830} INFO - Processing file /opt/airflow/dags/dag_billpayment.py for tasks to queue
[2024-06-11T08:20:53.088+0000] {logging_mixin.py:188} INFO - [2024-06-11T08:20:53.088+0000] {dagbag.py:545} INFO - Filling up the DagBag from /opt/airflow/dags/dag_billpayment.py
[2024-06-11T08:20:53.121+0000] {processor.py:840} INFO - DAG(s) 'dag_ingest_cybertrack_superapps_v_billpayment' retrieved from /opt/airflow/dags/dag_billpayment.py
[2024-06-11T08:20:53.141+0000] {logging_mixin.py:188} INFO - [2024-06-11T08:20:53.141+0000] {dag.py:3096} INFO - Sync 1 DAGs
[2024-06-11T08:20:53.161+0000] {logging_mixin.py:188} INFO - [2024-06-11T08:20:53.160+0000] {dag.py:3954} INFO - Setting next_dagrun for dag_ingest_cybertrack_superapps_v_billpayment to 2024-06-10 17:00:00+00:00, run_after=2024-06-11 17:00:00+00:00
[2024-06-11T08:20:53.175+0000] {processor.py:183} INFO - Processing /opt/airflow/dags/dag_billpayment.py took 0.096 seconds
[2024-06-11T08:21:23.729+0000] {processor.py:161} INFO - Started process (PID=6728) to work on /opt/airflow/dags/dag_billpayment.py
[2024-06-11T08:21:23.730+0000] {processor.py:830} INFO - Processing file /opt/airflow/dags/dag_billpayment.py for tasks to queue
[2024-06-11T08:21:23.731+0000] {logging_mixin.py:188} INFO - [2024-06-11T08:21:23.731+0000] {dagbag.py:545} INFO - Filling up the DagBag from /opt/airflow/dags/dag_billpayment.py
[2024-06-11T08:21:23.761+0000] {processor.py:840} INFO - DAG(s) 'dag_ingest_cybertrack_superapps_v_billpayment' retrieved from /opt/airflow/dags/dag_billpayment.py
[2024-06-11T08:21:23.781+0000] {logging_mixin.py:188} INFO - [2024-06-11T08:21:23.780+0000] {dag.py:3096} INFO - Sync 1 DAGs
[2024-06-11T08:21:23.800+0000] {logging_mixin.py:188} INFO - [2024-06-11T08:21:23.800+0000] {dag.py:3954} INFO - Setting next_dagrun for dag_ingest_cybertrack_superapps_v_billpayment to 2024-06-10 17:00:00+00:00, run_after=2024-06-11 17:00:00+00:00
[2024-06-11T08:21:23.807+0000] {processor.py:183} INFO - Processing /opt/airflow/dags/dag_billpayment.py took 0.082 seconds
[2024-06-11T08:21:54.203+0000] {processor.py:161} INFO - Started process (PID=6754) to work on /opt/airflow/dags/dag_billpayment.py
[2024-06-11T08:21:54.205+0000] {processor.py:830} INFO - Processing file /opt/airflow/dags/dag_billpayment.py for tasks to queue
[2024-06-11T08:21:54.206+0000] {logging_mixin.py:188} INFO - [2024-06-11T08:21:54.206+0000] {dagbag.py:545} INFO - Filling up the DagBag from /opt/airflow/dags/dag_billpayment.py
[2024-06-11T08:21:54.236+0000] {processor.py:840} INFO - DAG(s) 'dag_ingest_cybertrack_superapps_v_billpayment' retrieved from /opt/airflow/dags/dag_billpayment.py
[2024-06-11T08:21:54.250+0000] {logging_mixin.py:188} INFO - [2024-06-11T08:21:54.250+0000] {dag.py:3096} INFO - Sync 1 DAGs
[2024-06-11T08:21:54.260+0000] {logging_mixin.py:188} INFO - [2024-06-11T08:21:54.260+0000] {dag.py:3954} INFO - Setting next_dagrun for dag_ingest_cybertrack_superapps_v_billpayment to 2024-06-10 17:00:00+00:00, run_after=2024-06-11 17:00:00+00:00
[2024-06-11T08:21:54.267+0000] {processor.py:183} INFO - Processing /opt/airflow/dags/dag_billpayment.py took 0.071 seconds
[2024-06-11T08:22:24.744+0000] {processor.py:161} INFO - Started process (PID=6780) to work on /opt/airflow/dags/dag_billpayment.py
[2024-06-11T08:22:24.746+0000] {processor.py:830} INFO - Processing file /opt/airflow/dags/dag_billpayment.py for tasks to queue
[2024-06-11T08:22:24.747+0000] {logging_mixin.py:188} INFO - [2024-06-11T08:22:24.747+0000] {dagbag.py:545} INFO - Filling up the DagBag from /opt/airflow/dags/dag_billpayment.py
[2024-06-11T08:22:24.780+0000] {processor.py:840} INFO - DAG(s) 'dag_ingest_cybertrack_superapps_v_billpayment' retrieved from /opt/airflow/dags/dag_billpayment.py
[2024-06-11T08:22:24.793+0000] {logging_mixin.py:188} INFO - [2024-06-11T08:22:24.793+0000] {dag.py:3096} INFO - Sync 1 DAGs
[2024-06-11T08:22:24.803+0000] {logging_mixin.py:188} INFO - [2024-06-11T08:22:24.803+0000] {dag.py:3954} INFO - Setting next_dagrun for dag_ingest_cybertrack_superapps_v_billpayment to 2024-06-10 17:00:00+00:00, run_after=2024-06-11 17:00:00+00:00
[2024-06-11T08:22:24.810+0000] {processor.py:183} INFO - Processing /opt/airflow/dags/dag_billpayment.py took 0.075 seconds
[2024-06-11T08:22:55.180+0000] {processor.py:161} INFO - Started process (PID=6806) to work on /opt/airflow/dags/dag_billpayment.py
[2024-06-11T08:22:55.182+0000] {processor.py:830} INFO - Processing file /opt/airflow/dags/dag_billpayment.py for tasks to queue
[2024-06-11T08:22:55.183+0000] {logging_mixin.py:188} INFO - [2024-06-11T08:22:55.183+0000] {dagbag.py:545} INFO - Filling up the DagBag from /opt/airflow/dags/dag_billpayment.py
[2024-06-11T08:22:55.215+0000] {processor.py:840} INFO - DAG(s) 'dag_ingest_cybertrack_superapps_v_billpayment' retrieved from /opt/airflow/dags/dag_billpayment.py
[2024-06-11T08:22:55.230+0000] {logging_mixin.py:188} INFO - [2024-06-11T08:22:55.230+0000] {dag.py:3096} INFO - Sync 1 DAGs
[2024-06-11T08:22:55.241+0000] {logging_mixin.py:188} INFO - [2024-06-11T08:22:55.241+0000] {dag.py:3954} INFO - Setting next_dagrun for dag_ingest_cybertrack_superapps_v_billpayment to 2024-06-10 17:00:00+00:00, run_after=2024-06-11 17:00:00+00:00
[2024-06-11T08:22:55.248+0000] {processor.py:183} INFO - Processing /opt/airflow/dags/dag_billpayment.py took 0.075 seconds
[2024-06-11T08:23:25.663+0000] {processor.py:161} INFO - Started process (PID=6832) to work on /opt/airflow/dags/dag_billpayment.py
[2024-06-11T08:23:25.665+0000] {processor.py:830} INFO - Processing file /opt/airflow/dags/dag_billpayment.py for tasks to queue
[2024-06-11T08:23:25.666+0000] {logging_mixin.py:188} INFO - [2024-06-11T08:23:25.665+0000] {dagbag.py:545} INFO - Filling up the DagBag from /opt/airflow/dags/dag_billpayment.py
[2024-06-11T08:23:25.694+0000] {processor.py:840} INFO - DAG(s) 'dag_ingest_cybertrack_superapps_v_billpayment' retrieved from /opt/airflow/dags/dag_billpayment.py
[2024-06-11T08:23:25.714+0000] {logging_mixin.py:188} INFO - [2024-06-11T08:23:25.714+0000] {dag.py:3096} INFO - Sync 1 DAGs
[2024-06-11T08:23:25.725+0000] {logging_mixin.py:188} INFO - [2024-06-11T08:23:25.725+0000] {dag.py:3954} INFO - Setting next_dagrun for dag_ingest_cybertrack_superapps_v_billpayment to 2024-06-10 17:00:00+00:00, run_after=2024-06-11 17:00:00+00:00
[2024-06-11T08:23:25.734+0000] {processor.py:183} INFO - Processing /opt/airflow/dags/dag_billpayment.py took 0.076 seconds
[2024-06-11T08:23:56.159+0000] {processor.py:161} INFO - Started process (PID=6858) to work on /opt/airflow/dags/dag_billpayment.py
[2024-06-11T08:23:56.160+0000] {processor.py:830} INFO - Processing file /opt/airflow/dags/dag_billpayment.py for tasks to queue
[2024-06-11T08:23:56.161+0000] {logging_mixin.py:188} INFO - [2024-06-11T08:23:56.161+0000] {dagbag.py:545} INFO - Filling up the DagBag from /opt/airflow/dags/dag_billpayment.py
[2024-06-11T08:23:56.183+0000] {processor.py:840} INFO - DAG(s) 'dag_ingest_cybertrack_superapps_v_billpayment' retrieved from /opt/airflow/dags/dag_billpayment.py
[2024-06-11T08:23:56.195+0000] {logging_mixin.py:188} INFO - [2024-06-11T08:23:56.195+0000] {dag.py:3096} INFO - Sync 1 DAGs
[2024-06-11T08:23:56.206+0000] {logging_mixin.py:188} INFO - [2024-06-11T08:23:56.206+0000] {dag.py:3954} INFO - Setting next_dagrun for dag_ingest_cybertrack_superapps_v_billpayment to 2024-06-10 17:00:00+00:00, run_after=2024-06-11 17:00:00+00:00
[2024-06-11T08:23:56.213+0000] {processor.py:183} INFO - Processing /opt/airflow/dags/dag_billpayment.py took 0.058 seconds
[2024-06-11T08:24:26.597+0000] {processor.py:161} INFO - Started process (PID=6884) to work on /opt/airflow/dags/dag_billpayment.py
[2024-06-11T08:24:26.599+0000] {processor.py:830} INFO - Processing file /opt/airflow/dags/dag_billpayment.py for tasks to queue
[2024-06-11T08:24:26.601+0000] {logging_mixin.py:188} INFO - [2024-06-11T08:24:26.600+0000] {dagbag.py:545} INFO - Filling up the DagBag from /opt/airflow/dags/dag_billpayment.py
[2024-06-11T08:24:26.630+0000] {processor.py:840} INFO - DAG(s) 'dag_ingest_cybertrack_superapps_v_billpayment' retrieved from /opt/airflow/dags/dag_billpayment.py
[2024-06-11T08:24:26.645+0000] {logging_mixin.py:188} INFO - [2024-06-11T08:24:26.645+0000] {dag.py:3096} INFO - Sync 1 DAGs
[2024-06-11T08:24:26.655+0000] {logging_mixin.py:188} INFO - [2024-06-11T08:24:26.655+0000] {dag.py:3954} INFO - Setting next_dagrun for dag_ingest_cybertrack_superapps_v_billpayment to 2024-06-10 17:00:00+00:00, run_after=2024-06-11 17:00:00+00:00
[2024-06-11T08:24:26.663+0000] {processor.py:183} INFO - Processing /opt/airflow/dags/dag_billpayment.py took 0.073 seconds
[2024-06-11T08:24:57.169+0000] {processor.py:161} INFO - Started process (PID=6910) to work on /opt/airflow/dags/dag_billpayment.py
[2024-06-11T08:24:57.171+0000] {processor.py:830} INFO - Processing file /opt/airflow/dags/dag_billpayment.py for tasks to queue
[2024-06-11T08:24:57.172+0000] {logging_mixin.py:188} INFO - [2024-06-11T08:24:57.171+0000] {dagbag.py:545} INFO - Filling up the DagBag from /opt/airflow/dags/dag_billpayment.py
[2024-06-11T08:24:57.215+0000] {processor.py:840} INFO - DAG(s) 'dag_ingest_cybertrack_superapps_v_billpayment' retrieved from /opt/airflow/dags/dag_billpayment.py
[2024-06-11T08:24:57.248+0000] {logging_mixin.py:188} INFO - [2024-06-11T08:24:57.247+0000] {dag.py:3096} INFO - Sync 1 DAGs
[2024-06-11T08:24:57.275+0000] {logging_mixin.py:188} INFO - [2024-06-11T08:24:57.275+0000] {dag.py:3954} INFO - Setting next_dagrun for dag_ingest_cybertrack_superapps_v_billpayment to 2024-06-10 17:00:00+00:00, run_after=2024-06-11 17:00:00+00:00
[2024-06-11T08:24:57.291+0000] {processor.py:183} INFO - Processing /opt/airflow/dags/dag_billpayment.py took 0.129 seconds
[2024-06-11T08:25:27.652+0000] {processor.py:161} INFO - Started process (PID=6936) to work on /opt/airflow/dags/dag_billpayment.py
[2024-06-11T08:25:27.654+0000] {processor.py:830} INFO - Processing file /opt/airflow/dags/dag_billpayment.py for tasks to queue
[2024-06-11T08:25:27.655+0000] {logging_mixin.py:188} INFO - [2024-06-11T08:25:27.655+0000] {dagbag.py:545} INFO - Filling up the DagBag from /opt/airflow/dags/dag_billpayment.py
[2024-06-11T08:25:27.676+0000] {processor.py:840} INFO - DAG(s) 'dag_ingest_cybertrack_superapps_v_billpayment' retrieved from /opt/airflow/dags/dag_billpayment.py
[2024-06-11T08:25:27.694+0000] {logging_mixin.py:188} INFO - [2024-06-11T08:25:27.694+0000] {dag.py:3096} INFO - Sync 1 DAGs
[2024-06-11T08:25:27.710+0000] {logging_mixin.py:188} INFO - [2024-06-11T08:25:27.710+0000] {dag.py:3954} INFO - Setting next_dagrun for dag_ingest_cybertrack_superapps_v_billpayment to 2024-06-10 17:00:00+00:00, run_after=2024-06-11 17:00:00+00:00
[2024-06-11T08:25:27.723+0000] {processor.py:183} INFO - Processing /opt/airflow/dags/dag_billpayment.py took 0.074 seconds
[2024-06-11T08:25:58.192+0000] {processor.py:161} INFO - Started process (PID=6962) to work on /opt/airflow/dags/dag_billpayment.py
[2024-06-11T08:25:58.194+0000] {processor.py:830} INFO - Processing file /opt/airflow/dags/dag_billpayment.py for tasks to queue
[2024-06-11T08:25:58.195+0000] {logging_mixin.py:188} INFO - [2024-06-11T08:25:58.194+0000] {dagbag.py:545} INFO - Filling up the DagBag from /opt/airflow/dags/dag_billpayment.py
[2024-06-11T08:25:58.226+0000] {processor.py:840} INFO - DAG(s) 'dag_ingest_cybertrack_superapps_v_billpayment' retrieved from /opt/airflow/dags/dag_billpayment.py
[2024-06-11T08:25:58.242+0000] {logging_mixin.py:188} INFO - [2024-06-11T08:25:58.242+0000] {dag.py:3096} INFO - Sync 1 DAGs
[2024-06-11T08:25:58.254+0000] {logging_mixin.py:188} INFO - [2024-06-11T08:25:58.254+0000] {dag.py:3954} INFO - Setting next_dagrun for dag_ingest_cybertrack_superapps_v_billpayment to 2024-06-10 17:00:00+00:00, run_after=2024-06-11 17:00:00+00:00
[2024-06-11T08:25:58.262+0000] {processor.py:183} INFO - Processing /opt/airflow/dags/dag_billpayment.py took 0.082 seconds
[2024-06-11T08:26:28.824+0000] {processor.py:161} INFO - Started process (PID=6993) to work on /opt/airflow/dags/dag_billpayment.py
[2024-06-11T08:26:28.826+0000] {processor.py:830} INFO - Processing file /opt/airflow/dags/dag_billpayment.py for tasks to queue
[2024-06-11T08:26:28.826+0000] {logging_mixin.py:188} INFO - [2024-06-11T08:26:28.826+0000] {dagbag.py:545} INFO - Filling up the DagBag from /opt/airflow/dags/dag_billpayment.py
[2024-06-11T08:26:28.843+0000] {processor.py:840} INFO - DAG(s) 'dag_ingest_cybertrack_superapps_v_billpayment' retrieved from /opt/airflow/dags/dag_billpayment.py
[2024-06-11T08:26:28.855+0000] {logging_mixin.py:188} INFO - [2024-06-11T08:26:28.855+0000] {dag.py:3096} INFO - Sync 1 DAGs
[2024-06-11T08:26:28.864+0000] {logging_mixin.py:188} INFO - [2024-06-11T08:26:28.864+0000] {dag.py:3954} INFO - Setting next_dagrun for dag_ingest_cybertrack_superapps_v_billpayment to 2024-06-10 17:00:00+00:00, run_after=2024-06-11 17:00:00+00:00
[2024-06-11T08:26:28.870+0000] {processor.py:183} INFO - Processing /opt/airflow/dags/dag_billpayment.py took 0.049 seconds
[2024-06-11T08:26:59.298+0000] {processor.py:161} INFO - Started process (PID=7024) to work on /opt/airflow/dags/dag_billpayment.py
[2024-06-11T08:26:59.299+0000] {processor.py:830} INFO - Processing file /opt/airflow/dags/dag_billpayment.py for tasks to queue
[2024-06-11T08:26:59.300+0000] {logging_mixin.py:188} INFO - [2024-06-11T08:26:59.300+0000] {dagbag.py:545} INFO - Filling up the DagBag from /opt/airflow/dags/dag_billpayment.py
[2024-06-11T08:26:59.331+0000] {processor.py:840} INFO - DAG(s) 'dag_ingest_cybertrack_superapps_v_billpayment' retrieved from /opt/airflow/dags/dag_billpayment.py
[2024-06-11T08:26:59.346+0000] {logging_mixin.py:188} INFO - [2024-06-11T08:26:59.346+0000] {dag.py:3096} INFO - Sync 1 DAGs
[2024-06-11T08:26:59.356+0000] {logging_mixin.py:188} INFO - [2024-06-11T08:26:59.356+0000] {dag.py:3954} INFO - Setting next_dagrun for dag_ingest_cybertrack_superapps_v_billpayment to 2024-06-10 17:00:00+00:00, run_after=2024-06-11 17:00:00+00:00
[2024-06-11T08:26:59.363+0000] {processor.py:183} INFO - Processing /opt/airflow/dags/dag_billpayment.py took 0.074 seconds
[2024-06-11T08:27:29.844+0000] {processor.py:161} INFO - Started process (PID=7055) to work on /opt/airflow/dags/dag_billpayment.py
[2024-06-11T08:27:29.846+0000] {processor.py:830} INFO - Processing file /opt/airflow/dags/dag_billpayment.py for tasks to queue
[2024-06-11T08:27:29.847+0000] {logging_mixin.py:188} INFO - [2024-06-11T08:27:29.847+0000] {dagbag.py:545} INFO - Filling up the DagBag from /opt/airflow/dags/dag_billpayment.py
[2024-06-11T08:27:29.878+0000] {processor.py:840} INFO - DAG(s) 'dag_ingest_cybertrack_superapps_v_billpayment' retrieved from /opt/airflow/dags/dag_billpayment.py
[2024-06-11T08:27:29.893+0000] {logging_mixin.py:188} INFO - [2024-06-11T08:27:29.892+0000] {dag.py:3096} INFO - Sync 1 DAGs
[2024-06-11T08:27:29.903+0000] {logging_mixin.py:188} INFO - [2024-06-11T08:27:29.903+0000] {dag.py:3954} INFO - Setting next_dagrun for dag_ingest_cybertrack_superapps_v_billpayment to 2024-06-10 17:00:00+00:00, run_after=2024-06-11 17:00:00+00:00
[2024-06-11T08:27:29.910+0000] {processor.py:183} INFO - Processing /opt/airflow/dags/dag_billpayment.py took 0.075 seconds
[2024-06-11T08:30:39.698+0000] {processor.py:161} INFO - Started process (PID=7068) to work on /opt/airflow/dags/dag_billpayment.py
[2024-06-11T08:30:39.699+0000] {processor.py:830} INFO - Processing file /opt/airflow/dags/dag_billpayment.py for tasks to queue
[2024-06-11T08:30:39.700+0000] {logging_mixin.py:188} INFO - [2024-06-11T08:30:39.699+0000] {dagbag.py:545} INFO - Filling up the DagBag from /opt/airflow/dags/dag_billpayment.py
[2024-06-11T08:30:39.736+0000] {processor.py:840} INFO - DAG(s) 'dag_ingest_cybertrack_superapps_v_billpayment' retrieved from /opt/airflow/dags/dag_billpayment.py
[2024-06-11T08:30:39.758+0000] {logging_mixin.py:188} INFO - [2024-06-11T08:30:39.757+0000] {dag.py:3096} INFO - Sync 1 DAGs
[2024-06-11T08:30:39.773+0000] {logging_mixin.py:188} INFO - [2024-06-11T08:30:39.773+0000] {dag.py:3954} INFO - Setting next_dagrun for dag_ingest_cybertrack_superapps_v_billpayment to 2024-06-10 17:00:00+00:00, run_after=2024-06-11 17:00:00+00:00
[2024-06-11T08:30:39.783+0000] {processor.py:183} INFO - Processing /opt/airflow/dags/dag_billpayment.py took 0.091 seconds
[2024-06-11T08:31:10.239+0000] {processor.py:161} INFO - Started process (PID=7099) to work on /opt/airflow/dags/dag_billpayment.py
[2024-06-11T08:31:10.242+0000] {processor.py:830} INFO - Processing file /opt/airflow/dags/dag_billpayment.py for tasks to queue
[2024-06-11T08:31:10.244+0000] {logging_mixin.py:188} INFO - [2024-06-11T08:31:10.243+0000] {dagbag.py:545} INFO - Filling up the DagBag from /opt/airflow/dags/dag_billpayment.py
[2024-06-11T08:31:10.298+0000] {processor.py:840} INFO - DAG(s) 'dag_ingest_cybertrack_superapps_v_billpayment' retrieved from /opt/airflow/dags/dag_billpayment.py
[2024-06-11T08:31:10.322+0000] {logging_mixin.py:188} INFO - [2024-06-11T08:31:10.321+0000] {dag.py:3096} INFO - Sync 1 DAGs
[2024-06-11T08:31:10.342+0000] {logging_mixin.py:188} INFO - [2024-06-11T08:31:10.342+0000] {dag.py:3954} INFO - Setting next_dagrun for dag_ingest_cybertrack_superapps_v_billpayment to 2024-06-10 17:00:00+00:00, run_after=2024-06-11 17:00:00+00:00
[2024-06-11T08:31:10.365+0000] {processor.py:183} INFO - Processing /opt/airflow/dags/dag_billpayment.py took 0.143 seconds
[2024-06-11T08:31:40.958+0000] {processor.py:161} INFO - Started process (PID=7132) to work on /opt/airflow/dags/dag_billpayment.py
[2024-06-11T08:31:40.961+0000] {processor.py:830} INFO - Processing file /opt/airflow/dags/dag_billpayment.py for tasks to queue
[2024-06-11T08:31:40.962+0000] {logging_mixin.py:188} INFO - [2024-06-11T08:31:40.962+0000] {dagbag.py:545} INFO - Filling up the DagBag from /opt/airflow/dags/dag_billpayment.py
[2024-06-11T08:31:41.001+0000] {processor.py:840} INFO - DAG(s) 'dag_ingest_cybertrack_superapps_v_billpayment' retrieved from /opt/airflow/dags/dag_billpayment.py
[2024-06-11T08:31:41.022+0000] {logging_mixin.py:188} INFO - [2024-06-11T08:31:41.022+0000] {dag.py:3096} INFO - Sync 1 DAGs
[2024-06-11T08:31:41.046+0000] {logging_mixin.py:188} INFO - [2024-06-11T08:31:41.046+0000] {dag.py:3954} INFO - Setting next_dagrun for dag_ingest_cybertrack_superapps_v_billpayment to 2024-06-10 17:00:00+00:00, run_after=2024-06-11 17:00:00+00:00
[2024-06-11T08:31:41.056+0000] {processor.py:183} INFO - Processing /opt/airflow/dags/dag_billpayment.py took 0.115 seconds
[2024-06-11T08:32:11.390+0000] {processor.py:161} INFO - Started process (PID=7167) to work on /opt/airflow/dags/dag_billpayment.py
[2024-06-11T08:32:11.397+0000] {processor.py:830} INFO - Processing file /opt/airflow/dags/dag_billpayment.py for tasks to queue
[2024-06-11T08:32:11.398+0000] {logging_mixin.py:188} INFO - [2024-06-11T08:32:11.397+0000] {dagbag.py:545} INFO - Filling up the DagBag from /opt/airflow/dags/dag_billpayment.py
[2024-06-11T08:32:11.444+0000] {processor.py:840} INFO - DAG(s) 'dag_ingest_cybertrack_superapps_v_billpayment' retrieved from /opt/airflow/dags/dag_billpayment.py
[2024-06-11T08:32:11.465+0000] {logging_mixin.py:188} INFO - [2024-06-11T08:32:11.465+0000] {dag.py:3096} INFO - Sync 1 DAGs
[2024-06-11T08:32:11.479+0000] {logging_mixin.py:188} INFO - [2024-06-11T08:32:11.479+0000] {dag.py:3954} INFO - Setting next_dagrun for dag_ingest_cybertrack_superapps_v_billpayment to 2024-06-10 17:00:00+00:00, run_after=2024-06-11 17:00:00+00:00
[2024-06-11T08:32:11.490+0000] {processor.py:183} INFO - Processing /opt/airflow/dags/dag_billpayment.py took 0.110 seconds
[2024-06-11T08:32:41.975+0000] {processor.py:161} INFO - Started process (PID=7204) to work on /opt/airflow/dags/dag_billpayment.py
[2024-06-11T08:32:41.978+0000] {processor.py:830} INFO - Processing file /opt/airflow/dags/dag_billpayment.py for tasks to queue
[2024-06-11T08:32:41.979+0000] {logging_mixin.py:188} INFO - [2024-06-11T08:32:41.979+0000] {dagbag.py:545} INFO - Filling up the DagBag from /opt/airflow/dags/dag_billpayment.py
[2024-06-11T08:32:42.022+0000] {processor.py:840} INFO - DAG(s) 'dag_ingest_cybertrack_superapps_v_billpayment' retrieved from /opt/airflow/dags/dag_billpayment.py
[2024-06-11T08:32:42.046+0000] {logging_mixin.py:188} INFO - [2024-06-11T08:32:42.046+0000] {dag.py:3096} INFO - Sync 1 DAGs
[2024-06-11T08:32:42.062+0000] {logging_mixin.py:188} INFO - [2024-06-11T08:32:42.062+0000] {dag.py:3954} INFO - Setting next_dagrun for dag_ingest_cybertrack_superapps_v_billpayment to 2024-06-10 17:00:00+00:00, run_after=2024-06-11 17:00:00+00:00
[2024-06-11T08:32:42.081+0000] {processor.py:183} INFO - Processing /opt/airflow/dags/dag_billpayment.py took 0.119 seconds
[2024-06-11T08:33:12.507+0000] {processor.py:161} INFO - Started process (PID=7241) to work on /opt/airflow/dags/dag_billpayment.py
[2024-06-11T08:33:12.508+0000] {processor.py:830} INFO - Processing file /opt/airflow/dags/dag_billpayment.py for tasks to queue
[2024-06-11T08:33:12.509+0000] {logging_mixin.py:188} INFO - [2024-06-11T08:33:12.509+0000] {dagbag.py:545} INFO - Filling up the DagBag from /opt/airflow/dags/dag_billpayment.py
[2024-06-11T08:33:12.559+0000] {processor.py:840} INFO - DAG(s) 'dag_ingest_cybertrack_superapps_v_billpayment' retrieved from /opt/airflow/dags/dag_billpayment.py
[2024-06-11T08:33:12.589+0000] {logging_mixin.py:188} INFO - [2024-06-11T08:33:12.589+0000] {dag.py:3096} INFO - Sync 1 DAGs
[2024-06-11T08:33:12.608+0000] {logging_mixin.py:188} INFO - [2024-06-11T08:33:12.608+0000] {dag.py:3954} INFO - Setting next_dagrun for dag_ingest_cybertrack_superapps_v_billpayment to 2024-06-10 17:00:00+00:00, run_after=2024-06-11 17:00:00+00:00
[2024-06-11T08:33:12.618+0000] {processor.py:183} INFO - Processing /opt/airflow/dags/dag_billpayment.py took 0.117 seconds
[2024-06-11T08:33:42.986+0000] {processor.py:161} INFO - Started process (PID=7275) to work on /opt/airflow/dags/dag_billpayment.py
[2024-06-11T08:33:42.989+0000] {processor.py:830} INFO - Processing file /opt/airflow/dags/dag_billpayment.py for tasks to queue
[2024-06-11T08:33:42.997+0000] {logging_mixin.py:188} INFO - [2024-06-11T08:33:42.990+0000] {dagbag.py:545} INFO - Filling up the DagBag from /opt/airflow/dags/dag_billpayment.py
[2024-06-11T08:33:43.057+0000] {processor.py:840} INFO - DAG(s) 'dag_ingest_cybertrack_superapps_v_billpayment' retrieved from /opt/airflow/dags/dag_billpayment.py
[2024-06-11T08:33:43.080+0000] {logging_mixin.py:188} INFO - [2024-06-11T08:33:43.079+0000] {dag.py:3096} INFO - Sync 1 DAGs
[2024-06-11T08:33:43.110+0000] {logging_mixin.py:188} INFO - [2024-06-11T08:33:43.110+0000] {dag.py:3954} INFO - Setting next_dagrun for dag_ingest_cybertrack_superapps_v_billpayment to 2024-06-10 17:00:00+00:00, run_after=2024-06-11 17:00:00+00:00
[2024-06-11T08:33:43.121+0000] {processor.py:183} INFO - Processing /opt/airflow/dags/dag_billpayment.py took 0.147 seconds
[2024-06-11T08:34:13.568+0000] {processor.py:161} INFO - Started process (PID=7306) to work on /opt/airflow/dags/dag_billpayment.py
[2024-06-11T08:34:13.569+0000] {processor.py:830} INFO - Processing file /opt/airflow/dags/dag_billpayment.py for tasks to queue
[2024-06-11T08:34:13.570+0000] {logging_mixin.py:188} INFO - [2024-06-11T08:34:13.570+0000] {dagbag.py:545} INFO - Filling up the DagBag from /opt/airflow/dags/dag_billpayment.py
[2024-06-11T08:34:13.595+0000] {processor.py:840} INFO - DAG(s) 'dag_ingest_cybertrack_superapps_v_billpayment' retrieved from /opt/airflow/dags/dag_billpayment.py
[2024-06-11T08:34:13.611+0000] {logging_mixin.py:188} INFO - [2024-06-11T08:34:13.611+0000] {dag.py:3096} INFO - Sync 1 DAGs
[2024-06-11T08:34:13.625+0000] {logging_mixin.py:188} INFO - [2024-06-11T08:34:13.624+0000] {dag.py:3954} INFO - Setting next_dagrun for dag_ingest_cybertrack_superapps_v_billpayment to 2024-06-10 17:00:00+00:00, run_after=2024-06-11 17:00:00+00:00
[2024-06-11T08:34:13.635+0000] {processor.py:183} INFO - Processing /opt/airflow/dags/dag_billpayment.py took 0.073 seconds
[2024-06-11T08:34:44.075+0000] {processor.py:161} INFO - Started process (PID=7337) to work on /opt/airflow/dags/dag_billpayment.py
[2024-06-11T08:34:44.077+0000] {processor.py:830} INFO - Processing file /opt/airflow/dags/dag_billpayment.py for tasks to queue
[2024-06-11T08:34:44.078+0000] {logging_mixin.py:188} INFO - [2024-06-11T08:34:44.077+0000] {dagbag.py:545} INFO - Filling up the DagBag from /opt/airflow/dags/dag_billpayment.py
[2024-06-11T08:34:44.108+0000] {processor.py:840} INFO - DAG(s) 'dag_ingest_cybertrack_superapps_v_billpayment' retrieved from /opt/airflow/dags/dag_billpayment.py
[2024-06-11T08:34:44.123+0000] {logging_mixin.py:188} INFO - [2024-06-11T08:34:44.123+0000] {dag.py:3096} INFO - Sync 1 DAGs
[2024-06-11T08:34:44.134+0000] {logging_mixin.py:188} INFO - [2024-06-11T08:34:44.133+0000] {dag.py:3954} INFO - Setting next_dagrun for dag_ingest_cybertrack_superapps_v_billpayment to 2024-06-10 17:00:00+00:00, run_after=2024-06-11 17:00:00+00:00
[2024-06-11T08:34:44.141+0000] {processor.py:183} INFO - Processing /opt/airflow/dags/dag_billpayment.py took 0.074 seconds
[2024-06-11T08:35:14.530+0000] {processor.py:161} INFO - Started process (PID=7368) to work on /opt/airflow/dags/dag_billpayment.py
[2024-06-11T08:35:14.532+0000] {processor.py:830} INFO - Processing file /opt/airflow/dags/dag_billpayment.py for tasks to queue
[2024-06-11T08:35:14.534+0000] {logging_mixin.py:188} INFO - [2024-06-11T08:35:14.533+0000] {dagbag.py:545} INFO - Filling up the DagBag from /opt/airflow/dags/dag_billpayment.py
[2024-06-11T08:35:14.585+0000] {processor.py:840} INFO - DAG(s) 'dag_ingest_cybertrack_superapps_v_billpayment' retrieved from /opt/airflow/dags/dag_billpayment.py
[2024-06-11T08:35:14.611+0000] {logging_mixin.py:188} INFO - [2024-06-11T08:35:14.611+0000] {dag.py:3096} INFO - Sync 1 DAGs
[2024-06-11T08:35:14.628+0000] {logging_mixin.py:188} INFO - [2024-06-11T08:35:14.628+0000] {dag.py:3954} INFO - Setting next_dagrun for dag_ingest_cybertrack_superapps_v_billpayment to 2024-06-10 17:00:00+00:00, run_after=2024-06-11 17:00:00+00:00
[2024-06-11T08:35:14.637+0000] {processor.py:183} INFO - Processing /opt/airflow/dags/dag_billpayment.py took 0.128 seconds
[2024-06-11T08:35:45.112+0000] {processor.py:161} INFO - Started process (PID=7399) to work on /opt/airflow/dags/dag_billpayment.py
[2024-06-11T08:35:45.114+0000] {processor.py:830} INFO - Processing file /opt/airflow/dags/dag_billpayment.py for tasks to queue
[2024-06-11T08:35:45.115+0000] {logging_mixin.py:188} INFO - [2024-06-11T08:35:45.114+0000] {dagbag.py:545} INFO - Filling up the DagBag from /opt/airflow/dags/dag_billpayment.py
[2024-06-11T08:35:45.142+0000] {processor.py:840} INFO - DAG(s) 'dag_ingest_cybertrack_superapps_v_billpayment' retrieved from /opt/airflow/dags/dag_billpayment.py
[2024-06-11T08:35:45.156+0000] {logging_mixin.py:188} INFO - [2024-06-11T08:35:45.156+0000] {dag.py:3096} INFO - Sync 1 DAGs
[2024-06-11T08:35:45.167+0000] {logging_mixin.py:188} INFO - [2024-06-11T08:35:45.167+0000] {dag.py:3954} INFO - Setting next_dagrun for dag_ingest_cybertrack_superapps_v_billpayment to 2024-06-10 17:00:00+00:00, run_after=2024-06-11 17:00:00+00:00
[2024-06-11T08:35:45.177+0000] {processor.py:183} INFO - Processing /opt/airflow/dags/dag_billpayment.py took 0.074 seconds
[2024-06-11T08:36:15.594+0000] {processor.py:161} INFO - Started process (PID=7430) to work on /opt/airflow/dags/dag_billpayment.py
[2024-06-11T08:36:15.596+0000] {processor.py:830} INFO - Processing file /opt/airflow/dags/dag_billpayment.py for tasks to queue
[2024-06-11T08:36:15.598+0000] {logging_mixin.py:188} INFO - [2024-06-11T08:36:15.597+0000] {dagbag.py:545} INFO - Filling up the DagBag from /opt/airflow/dags/dag_billpayment.py
[2024-06-11T08:36:15.662+0000] {processor.py:840} INFO - DAG(s) 'dag_ingest_cybertrack_superapps_v_billpayment' retrieved from /opt/airflow/dags/dag_billpayment.py
[2024-06-11T08:36:15.696+0000] {logging_mixin.py:188} INFO - [2024-06-11T08:36:15.696+0000] {dag.py:3096} INFO - Sync 1 DAGs
[2024-06-11T08:36:15.714+0000] {logging_mixin.py:188} INFO - [2024-06-11T08:36:15.714+0000] {dag.py:3954} INFO - Setting next_dagrun for dag_ingest_cybertrack_superapps_v_billpayment to 2024-06-10 17:00:00+00:00, run_after=2024-06-11 17:00:00+00:00
[2024-06-11T08:36:15.738+0000] {processor.py:183} INFO - Processing /opt/airflow/dags/dag_billpayment.py took 0.154 seconds
[2024-06-11T08:36:46.358+0000] {processor.py:161} INFO - Started process (PID=7461) to work on /opt/airflow/dags/dag_billpayment.py
[2024-06-11T08:36:46.364+0000] {processor.py:830} INFO - Processing file /opt/airflow/dags/dag_billpayment.py for tasks to queue
[2024-06-11T08:36:46.368+0000] {logging_mixin.py:188} INFO - [2024-06-11T08:36:46.366+0000] {dagbag.py:545} INFO - Filling up the DagBag from /opt/airflow/dags/dag_billpayment.py
[2024-06-11T08:36:46.460+0000] {processor.py:840} INFO - DAG(s) 'dag_ingest_cybertrack_superapps_v_billpayment' retrieved from /opt/airflow/dags/dag_billpayment.py
[2024-06-11T08:36:46.496+0000] {logging_mixin.py:188} INFO - [2024-06-11T08:36:46.496+0000] {dag.py:3096} INFO - Sync 1 DAGs
[2024-06-11T08:36:46.521+0000] {logging_mixin.py:188} INFO - [2024-06-11T08:36:46.521+0000] {dag.py:3954} INFO - Setting next_dagrun for dag_ingest_cybertrack_superapps_v_billpayment to 2024-06-10 17:00:00+00:00, run_after=2024-06-11 17:00:00+00:00
[2024-06-11T08:36:46.536+0000] {processor.py:183} INFO - Processing /opt/airflow/dags/dag_billpayment.py took 0.204 seconds
[2024-06-11T08:37:17.171+0000] {processor.py:161} INFO - Started process (PID=7497) to work on /opt/airflow/dags/dag_billpayment.py
[2024-06-11T08:37:17.173+0000] {processor.py:830} INFO - Processing file /opt/airflow/dags/dag_billpayment.py for tasks to queue
[2024-06-11T08:37:17.174+0000] {logging_mixin.py:188} INFO - [2024-06-11T08:37:17.173+0000] {dagbag.py:545} INFO - Filling up the DagBag from /opt/airflow/dags/dag_billpayment.py
[2024-06-11T08:37:17.204+0000] {processor.py:840} INFO - DAG(s) 'dag_ingest_cybertrack_superapps_v_billpayment' retrieved from /opt/airflow/dags/dag_billpayment.py
[2024-06-11T08:37:17.242+0000] {logging_mixin.py:188} INFO - [2024-06-11T08:37:17.241+0000] {dag.py:3096} INFO - Sync 1 DAGs
[2024-06-11T08:37:17.273+0000] {logging_mixin.py:188} INFO - [2024-06-11T08:37:17.273+0000] {dag.py:3954} INFO - Setting next_dagrun for dag_ingest_cybertrack_superapps_v_billpayment to 2024-06-10 17:00:00+00:00, run_after=2024-06-11 17:00:00+00:00
[2024-06-11T08:37:17.283+0000] {processor.py:183} INFO - Processing /opt/airflow/dags/dag_billpayment.py took 0.125 seconds
[2024-06-11T08:37:47.609+0000] {processor.py:161} INFO - Started process (PID=7534) to work on /opt/airflow/dags/dag_billpayment.py
[2024-06-11T08:37:47.611+0000] {processor.py:830} INFO - Processing file /opt/airflow/dags/dag_billpayment.py for tasks to queue
[2024-06-11T08:37:47.613+0000] {logging_mixin.py:188} INFO - [2024-06-11T08:37:47.612+0000] {dagbag.py:545} INFO - Filling up the DagBag from /opt/airflow/dags/dag_billpayment.py
[2024-06-11T08:37:47.641+0000] {processor.py:840} INFO - DAG(s) 'dag_ingest_cybertrack_superapps_v_billpayment' retrieved from /opt/airflow/dags/dag_billpayment.py
[2024-06-11T08:37:47.659+0000] {logging_mixin.py:188} INFO - [2024-06-11T08:37:47.659+0000] {dag.py:3096} INFO - Sync 1 DAGs
[2024-06-11T08:37:47.672+0000] {logging_mixin.py:188} INFO - [2024-06-11T08:37:47.672+0000] {dag.py:3954} INFO - Setting next_dagrun for dag_ingest_cybertrack_superapps_v_billpayment to 2024-06-10 17:00:00+00:00, run_after=2024-06-11 17:00:00+00:00
[2024-06-11T08:37:47.681+0000] {processor.py:183} INFO - Processing /opt/airflow/dags/dag_billpayment.py took 0.078 seconds
[2024-06-11T08:38:18.166+0000] {processor.py:161} INFO - Started process (PID=7565) to work on /opt/airflow/dags/dag_billpayment.py
[2024-06-11T08:38:18.168+0000] {processor.py:830} INFO - Processing file /opt/airflow/dags/dag_billpayment.py for tasks to queue
[2024-06-11T08:38:18.169+0000] {logging_mixin.py:188} INFO - [2024-06-11T08:38:18.169+0000] {dagbag.py:545} INFO - Filling up the DagBag from /opt/airflow/dags/dag_billpayment.py
[2024-06-11T08:38:18.200+0000] {processor.py:840} INFO - DAG(s) 'dag_ingest_cybertrack_superapps_v_billpayment' retrieved from /opt/airflow/dags/dag_billpayment.py
[2024-06-11T08:38:18.219+0000] {logging_mixin.py:188} INFO - [2024-06-11T08:38:18.219+0000] {dag.py:3096} INFO - Sync 1 DAGs
[2024-06-11T08:38:18.232+0000] {logging_mixin.py:188} INFO - [2024-06-11T08:38:18.231+0000] {dag.py:3954} INFO - Setting next_dagrun for dag_ingest_cybertrack_superapps_v_billpayment to 2024-06-10 17:00:00+00:00, run_after=2024-06-11 17:00:00+00:00
[2024-06-11T08:38:18.240+0000] {processor.py:183} INFO - Processing /opt/airflow/dags/dag_billpayment.py took 0.082 seconds
[2024-06-11T08:38:48.774+0000] {processor.py:161} INFO - Started process (PID=7596) to work on /opt/airflow/dags/dag_billpayment.py
[2024-06-11T08:38:48.775+0000] {processor.py:830} INFO - Processing file /opt/airflow/dags/dag_billpayment.py for tasks to queue
[2024-06-11T08:38:48.777+0000] {logging_mixin.py:188} INFO - [2024-06-11T08:38:48.776+0000] {dagbag.py:545} INFO - Filling up the DagBag from /opt/airflow/dags/dag_billpayment.py
[2024-06-11T08:38:48.807+0000] {processor.py:840} INFO - DAG(s) 'dag_ingest_cybertrack_superapps_v_billpayment' retrieved from /opt/airflow/dags/dag_billpayment.py
[2024-06-11T08:38:48.825+0000] {logging_mixin.py:188} INFO - [2024-06-11T08:38:48.825+0000] {dag.py:3096} INFO - Sync 1 DAGs
[2024-06-11T08:38:48.838+0000] {logging_mixin.py:188} INFO - [2024-06-11T08:38:48.837+0000] {dag.py:3954} INFO - Setting next_dagrun for dag_ingest_cybertrack_superapps_v_billpayment to 2024-06-10 17:00:00+00:00, run_after=2024-06-11 17:00:00+00:00
[2024-06-11T08:38:48.846+0000] {processor.py:183} INFO - Processing /opt/airflow/dags/dag_billpayment.py took 0.080 seconds
[2024-06-11T08:39:19.275+0000] {processor.py:161} INFO - Started process (PID=7627) to work on /opt/airflow/dags/dag_billpayment.py
[2024-06-11T08:39:19.277+0000] {processor.py:830} INFO - Processing file /opt/airflow/dags/dag_billpayment.py for tasks to queue
[2024-06-11T08:39:19.278+0000] {logging_mixin.py:188} INFO - [2024-06-11T08:39:19.278+0000] {dagbag.py:545} INFO - Filling up the DagBag from /opt/airflow/dags/dag_billpayment.py
[2024-06-11T08:39:19.310+0000] {processor.py:840} INFO - DAG(s) 'dag_ingest_cybertrack_superapps_v_billpayment' retrieved from /opt/airflow/dags/dag_billpayment.py
[2024-06-11T08:39:19.325+0000] {logging_mixin.py:188} INFO - [2024-06-11T08:39:19.325+0000] {dag.py:3096} INFO - Sync 1 DAGs
[2024-06-11T08:39:19.336+0000] {logging_mixin.py:188} INFO - [2024-06-11T08:39:19.335+0000] {dag.py:3954} INFO - Setting next_dagrun for dag_ingest_cybertrack_superapps_v_billpayment to 2024-06-10 17:00:00+00:00, run_after=2024-06-11 17:00:00+00:00
[2024-06-11T08:39:19.343+0000] {processor.py:183} INFO - Processing /opt/airflow/dags/dag_billpayment.py took 0.076 seconds
[2024-06-11T08:39:49.737+0000] {processor.py:161} INFO - Started process (PID=7658) to work on /opt/airflow/dags/dag_billpayment.py
[2024-06-11T08:39:49.738+0000] {processor.py:830} INFO - Processing file /opt/airflow/dags/dag_billpayment.py for tasks to queue
[2024-06-11T08:39:49.739+0000] {logging_mixin.py:188} INFO - [2024-06-11T08:39:49.739+0000] {dagbag.py:545} INFO - Filling up the DagBag from /opt/airflow/dags/dag_billpayment.py
[2024-06-11T08:39:49.769+0000] {processor.py:840} INFO - DAG(s) 'dag_ingest_cybertrack_superapps_v_billpayment' retrieved from /opt/airflow/dags/dag_billpayment.py
[2024-06-11T08:39:49.784+0000] {logging_mixin.py:188} INFO - [2024-06-11T08:39:49.783+0000] {dag.py:3096} INFO - Sync 1 DAGs
[2024-06-11T08:39:49.794+0000] {logging_mixin.py:188} INFO - [2024-06-11T08:39:49.794+0000] {dag.py:3954} INFO - Setting next_dagrun for dag_ingest_cybertrack_superapps_v_billpayment to 2024-06-10 17:00:00+00:00, run_after=2024-06-11 17:00:00+00:00
[2024-06-11T08:39:49.801+0000] {processor.py:183} INFO - Processing /opt/airflow/dags/dag_billpayment.py took 0.072 seconds
[2024-06-11T08:40:20.172+0000] {processor.py:161} INFO - Started process (PID=7689) to work on /opt/airflow/dags/dag_billpayment.py
[2024-06-11T08:40:20.173+0000] {processor.py:830} INFO - Processing file /opt/airflow/dags/dag_billpayment.py for tasks to queue
[2024-06-11T08:40:20.174+0000] {logging_mixin.py:188} INFO - [2024-06-11T08:40:20.173+0000] {dagbag.py:545} INFO - Filling up the DagBag from /opt/airflow/dags/dag_billpayment.py
[2024-06-11T08:40:20.199+0000] {processor.py:840} INFO - DAG(s) 'dag_ingest_cybertrack_superapps_v_billpayment' retrieved from /opt/airflow/dags/dag_billpayment.py
[2024-06-11T08:40:20.233+0000] {logging_mixin.py:188} INFO - [2024-06-11T08:40:20.233+0000] {dag.py:3096} INFO - Sync 1 DAGs
[2024-06-11T08:40:20.248+0000] {logging_mixin.py:188} INFO - [2024-06-11T08:40:20.248+0000] {dag.py:3954} INFO - Setting next_dagrun for dag_ingest_cybertrack_superapps_v_billpayment to 2024-06-10 17:00:00+00:00, run_after=2024-06-11 17:00:00+00:00
[2024-06-11T08:40:20.259+0000] {processor.py:183} INFO - Processing /opt/airflow/dags/dag_billpayment.py took 0.091 seconds
[2024-06-11T08:40:50.703+0000] {processor.py:161} INFO - Started process (PID=7720) to work on /opt/airflow/dags/dag_billpayment.py
[2024-06-11T08:40:50.705+0000] {processor.py:830} INFO - Processing file /opt/airflow/dags/dag_billpayment.py for tasks to queue
[2024-06-11T08:40:50.706+0000] {logging_mixin.py:188} INFO - [2024-06-11T08:40:50.706+0000] {dagbag.py:545} INFO - Filling up the DagBag from /opt/airflow/dags/dag_billpayment.py
[2024-06-11T08:40:50.736+0000] {processor.py:840} INFO - DAG(s) 'dag_ingest_cybertrack_superapps_v_billpayment' retrieved from /opt/airflow/dags/dag_billpayment.py
[2024-06-11T08:40:50.759+0000] {logging_mixin.py:188} INFO - [2024-06-11T08:40:50.759+0000] {dag.py:3096} INFO - Sync 1 DAGs
[2024-06-11T08:40:50.774+0000] {logging_mixin.py:188} INFO - [2024-06-11T08:40:50.774+0000] {dag.py:3954} INFO - Setting next_dagrun for dag_ingest_cybertrack_superapps_v_billpayment to 2024-06-10 17:00:00+00:00, run_after=2024-06-11 17:00:00+00:00
[2024-06-11T08:40:50.783+0000] {processor.py:183} INFO - Processing /opt/airflow/dags/dag_billpayment.py took 0.087 seconds
[2024-06-11T08:41:21.176+0000] {processor.py:161} INFO - Started process (PID=7751) to work on /opt/airflow/dags/dag_billpayment.py
[2024-06-11T08:41:21.178+0000] {processor.py:830} INFO - Processing file /opt/airflow/dags/dag_billpayment.py for tasks to queue
[2024-06-11T08:41:21.179+0000] {logging_mixin.py:188} INFO - [2024-06-11T08:41:21.178+0000] {dagbag.py:545} INFO - Filling up the DagBag from /opt/airflow/dags/dag_billpayment.py
[2024-06-11T08:41:21.211+0000] {processor.py:840} INFO - DAG(s) 'dag_ingest_cybertrack_superapps_v_billpayment' retrieved from /opt/airflow/dags/dag_billpayment.py
[2024-06-11T08:41:21.230+0000] {logging_mixin.py:188} INFO - [2024-06-11T08:41:21.230+0000] {dag.py:3096} INFO - Sync 1 DAGs
[2024-06-11T08:41:21.243+0000] {logging_mixin.py:188} INFO - [2024-06-11T08:41:21.243+0000] {dag.py:3954} INFO - Setting next_dagrun for dag_ingest_cybertrack_superapps_v_billpayment to 2024-06-10 17:00:00+00:00, run_after=2024-06-11 17:00:00+00:00
[2024-06-11T08:41:21.251+0000] {processor.py:183} INFO - Processing /opt/airflow/dags/dag_billpayment.py took 0.084 seconds
[2024-06-11T08:41:51.638+0000] {processor.py:161} INFO - Started process (PID=7782) to work on /opt/airflow/dags/dag_billpayment.py
[2024-06-11T08:41:51.641+0000] {processor.py:830} INFO - Processing file /opt/airflow/dags/dag_billpayment.py for tasks to queue
[2024-06-11T08:41:51.642+0000] {logging_mixin.py:188} INFO - [2024-06-11T08:41:51.641+0000] {dagbag.py:545} INFO - Filling up the DagBag from /opt/airflow/dags/dag_billpayment.py
[2024-06-11T08:41:51.673+0000] {processor.py:840} INFO - DAG(s) 'dag_ingest_cybertrack_superapps_v_billpayment' retrieved from /opt/airflow/dags/dag_billpayment.py
[2024-06-11T08:41:51.692+0000] {logging_mixin.py:188} INFO - [2024-06-11T08:41:51.692+0000] {dag.py:3096} INFO - Sync 1 DAGs
[2024-06-11T08:41:51.703+0000] {logging_mixin.py:188} INFO - [2024-06-11T08:41:51.703+0000] {dag.py:3954} INFO - Setting next_dagrun for dag_ingest_cybertrack_superapps_v_billpayment to 2024-06-10 17:00:00+00:00, run_after=2024-06-11 17:00:00+00:00
[2024-06-11T08:41:51.710+0000] {processor.py:183} INFO - Processing /opt/airflow/dags/dag_billpayment.py took 0.081 seconds
[2024-06-11T08:42:22.120+0000] {processor.py:161} INFO - Started process (PID=7813) to work on /opt/airflow/dags/dag_billpayment.py
[2024-06-11T08:42:22.124+0000] {processor.py:830} INFO - Processing file /opt/airflow/dags/dag_billpayment.py for tasks to queue
[2024-06-11T08:42:22.125+0000] {logging_mixin.py:188} INFO - [2024-06-11T08:42:22.124+0000] {dagbag.py:545} INFO - Filling up the DagBag from /opt/airflow/dags/dag_billpayment.py
[2024-06-11T08:42:22.155+0000] {processor.py:840} INFO - DAG(s) 'dag_ingest_cybertrack_superapps_v_billpayment' retrieved from /opt/airflow/dags/dag_billpayment.py
[2024-06-11T08:42:22.170+0000] {logging_mixin.py:188} INFO - [2024-06-11T08:42:22.169+0000] {dag.py:3096} INFO - Sync 1 DAGs
[2024-06-11T08:42:22.180+0000] {logging_mixin.py:188} INFO - [2024-06-11T08:42:22.180+0000] {dag.py:3954} INFO - Setting next_dagrun for dag_ingest_cybertrack_superapps_v_billpayment to 2024-06-10 17:00:00+00:00, run_after=2024-06-11 17:00:00+00:00
[2024-06-11T08:42:22.188+0000] {processor.py:183} INFO - Processing /opt/airflow/dags/dag_billpayment.py took 0.076 seconds
[2024-06-11T08:42:52.577+0000] {processor.py:161} INFO - Started process (PID=7844) to work on /opt/airflow/dags/dag_billpayment.py
[2024-06-11T08:42:52.579+0000] {processor.py:830} INFO - Processing file /opt/airflow/dags/dag_billpayment.py for tasks to queue
[2024-06-11T08:42:52.580+0000] {logging_mixin.py:188} INFO - [2024-06-11T08:42:52.580+0000] {dagbag.py:545} INFO - Filling up the DagBag from /opt/airflow/dags/dag_billpayment.py
[2024-06-11T08:42:52.611+0000] {processor.py:840} INFO - DAG(s) 'dag_ingest_cybertrack_superapps_v_billpayment' retrieved from /opt/airflow/dags/dag_billpayment.py
[2024-06-11T08:42:52.630+0000] {logging_mixin.py:188} INFO - [2024-06-11T08:42:52.630+0000] {dag.py:3096} INFO - Sync 1 DAGs
[2024-06-11T08:42:52.642+0000] {logging_mixin.py:188} INFO - [2024-06-11T08:42:52.641+0000] {dag.py:3954} INFO - Setting next_dagrun for dag_ingest_cybertrack_superapps_v_billpayment to 2024-06-10 17:00:00+00:00, run_after=2024-06-11 17:00:00+00:00
[2024-06-11T08:42:52.651+0000] {processor.py:183} INFO - Processing /opt/airflow/dags/dag_billpayment.py took 0.083 seconds
[2024-06-11T08:43:23.079+0000] {processor.py:161} INFO - Started process (PID=7875) to work on /opt/airflow/dags/dag_billpayment.py
[2024-06-11T08:43:23.081+0000] {processor.py:830} INFO - Processing file /opt/airflow/dags/dag_billpayment.py for tasks to queue
[2024-06-11T08:43:23.082+0000] {logging_mixin.py:188} INFO - [2024-06-11T08:43:23.082+0000] {dagbag.py:545} INFO - Filling up the DagBag from /opt/airflow/dags/dag_billpayment.py
[2024-06-11T08:43:23.114+0000] {processor.py:840} INFO - DAG(s) 'dag_ingest_cybertrack_superapps_v_billpayment' retrieved from /opt/airflow/dags/dag_billpayment.py
[2024-06-11T08:43:23.131+0000] {logging_mixin.py:188} INFO - [2024-06-11T08:43:23.131+0000] {dag.py:3096} INFO - Sync 1 DAGs
[2024-06-11T08:43:23.148+0000] {logging_mixin.py:188} INFO - [2024-06-11T08:43:23.148+0000] {dag.py:3954} INFO - Setting next_dagrun for dag_ingest_cybertrack_superapps_v_billpayment to 2024-06-10 17:00:00+00:00, run_after=2024-06-11 17:00:00+00:00
[2024-06-11T08:43:23.156+0000] {processor.py:183} INFO - Processing /opt/airflow/dags/dag_billpayment.py took 0.085 seconds
[2024-06-11T08:43:53.584+0000] {processor.py:161} INFO - Started process (PID=7906) to work on /opt/airflow/dags/dag_billpayment.py
[2024-06-11T08:43:53.585+0000] {processor.py:830} INFO - Processing file /opt/airflow/dags/dag_billpayment.py for tasks to queue
[2024-06-11T08:43:53.586+0000] {logging_mixin.py:188} INFO - [2024-06-11T08:43:53.586+0000] {dagbag.py:545} INFO - Filling up the DagBag from /opt/airflow/dags/dag_billpayment.py
[2024-06-11T08:43:53.612+0000] {processor.py:840} INFO - DAG(s) 'dag_ingest_cybertrack_superapps_v_billpayment' retrieved from /opt/airflow/dags/dag_billpayment.py
[2024-06-11T08:43:53.631+0000] {logging_mixin.py:188} INFO - [2024-06-11T08:43:53.631+0000] {dag.py:3096} INFO - Sync 1 DAGs
[2024-06-11T08:43:53.655+0000] {logging_mixin.py:188} INFO - [2024-06-11T08:43:53.654+0000] {dag.py:3954} INFO - Setting next_dagrun for dag_ingest_cybertrack_superapps_v_billpayment to 2024-06-10 17:00:00+00:00, run_after=2024-06-11 17:00:00+00:00
[2024-06-11T08:43:53.667+0000] {processor.py:183} INFO - Processing /opt/airflow/dags/dag_billpayment.py took 0.094 seconds
[2024-06-11T08:44:24.217+0000] {processor.py:161} INFO - Started process (PID=7937) to work on /opt/airflow/dags/dag_billpayment.py
[2024-06-11T08:44:24.219+0000] {processor.py:830} INFO - Processing file /opt/airflow/dags/dag_billpayment.py for tasks to queue
[2024-06-11T08:44:24.220+0000] {logging_mixin.py:188} INFO - [2024-06-11T08:44:24.220+0000] {dagbag.py:545} INFO - Filling up the DagBag from /opt/airflow/dags/dag_billpayment.py
[2024-06-11T08:44:24.250+0000] {processor.py:840} INFO - DAG(s) 'dag_ingest_cybertrack_superapps_v_billpayment' retrieved from /opt/airflow/dags/dag_billpayment.py
[2024-06-11T08:44:24.268+0000] {logging_mixin.py:188} INFO - [2024-06-11T08:44:24.268+0000] {dag.py:3096} INFO - Sync 1 DAGs
[2024-06-11T08:44:24.282+0000] {logging_mixin.py:188} INFO - [2024-06-11T08:44:24.282+0000] {dag.py:3954} INFO - Setting next_dagrun for dag_ingest_cybertrack_superapps_v_billpayment to 2024-06-10 17:00:00+00:00, run_after=2024-06-11 17:00:00+00:00
[2024-06-11T08:44:24.292+0000] {processor.py:183} INFO - Processing /opt/airflow/dags/dag_billpayment.py took 0.082 seconds
[2024-06-11T08:44:54.793+0000] {processor.py:161} INFO - Started process (PID=7968) to work on /opt/airflow/dags/dag_billpayment.py
[2024-06-11T08:44:54.794+0000] {processor.py:830} INFO - Processing file /opt/airflow/dags/dag_billpayment.py for tasks to queue
[2024-06-11T08:44:54.795+0000] {logging_mixin.py:188} INFO - [2024-06-11T08:44:54.795+0000] {dagbag.py:545} INFO - Filling up the DagBag from /opt/airflow/dags/dag_billpayment.py
[2024-06-11T08:44:54.822+0000] {processor.py:840} INFO - DAG(s) 'dag_ingest_cybertrack_superapps_v_billpayment' retrieved from /opt/airflow/dags/dag_billpayment.py
[2024-06-11T08:44:54.839+0000] {logging_mixin.py:188} INFO - [2024-06-11T08:44:54.839+0000] {dag.py:3096} INFO - Sync 1 DAGs
[2024-06-11T08:44:54.851+0000] {logging_mixin.py:188} INFO - [2024-06-11T08:44:54.851+0000] {dag.py:3954} INFO - Setting next_dagrun for dag_ingest_cybertrack_superapps_v_billpayment to 2024-06-10 17:00:00+00:00, run_after=2024-06-11 17:00:00+00:00
[2024-06-11T08:44:54.860+0000] {processor.py:183} INFO - Processing /opt/airflow/dags/dag_billpayment.py took 0.073 seconds
[2024-06-11T08:45:25.317+0000] {processor.py:161} INFO - Started process (PID=7999) to work on /opt/airflow/dags/dag_billpayment.py
[2024-06-11T08:45:25.319+0000] {processor.py:830} INFO - Processing file /opt/airflow/dags/dag_billpayment.py for tasks to queue
[2024-06-11T08:45:25.320+0000] {logging_mixin.py:188} INFO - [2024-06-11T08:45:25.320+0000] {dagbag.py:545} INFO - Filling up the DagBag from /opt/airflow/dags/dag_billpayment.py
[2024-06-11T08:45:25.352+0000] {processor.py:840} INFO - DAG(s) 'dag_ingest_cybertrack_superapps_v_billpayment' retrieved from /opt/airflow/dags/dag_billpayment.py
[2024-06-11T08:45:25.369+0000] {logging_mixin.py:188} INFO - [2024-06-11T08:45:25.369+0000] {dag.py:3096} INFO - Sync 1 DAGs
[2024-06-11T08:45:25.383+0000] {logging_mixin.py:188} INFO - [2024-06-11T08:45:25.383+0000] {dag.py:3954} INFO - Setting next_dagrun for dag_ingest_cybertrack_superapps_v_billpayment to 2024-06-10 17:00:00+00:00, run_after=2024-06-11 17:00:00+00:00
[2024-06-11T08:45:25.392+0000] {processor.py:183} INFO - Processing /opt/airflow/dags/dag_billpayment.py took 0.082 seconds
[2024-06-11T08:45:55.840+0000] {processor.py:161} INFO - Started process (PID=8030) to work on /opt/airflow/dags/dag_billpayment.py
[2024-06-11T08:45:55.842+0000] {processor.py:830} INFO - Processing file /opt/airflow/dags/dag_billpayment.py for tasks to queue
[2024-06-11T08:45:55.842+0000] {logging_mixin.py:188} INFO - [2024-06-11T08:45:55.842+0000] {dagbag.py:545} INFO - Filling up the DagBag from /opt/airflow/dags/dag_billpayment.py
[2024-06-11T08:45:55.863+0000] {processor.py:840} INFO - DAG(s) 'dag_ingest_cybertrack_superapps_v_billpayment' retrieved from /opt/airflow/dags/dag_billpayment.py
[2024-06-11T08:45:55.879+0000] {logging_mixin.py:188} INFO - [2024-06-11T08:45:55.878+0000] {dag.py:3096} INFO - Sync 1 DAGs
[2024-06-11T08:45:55.892+0000] {logging_mixin.py:188} INFO - [2024-06-11T08:45:55.892+0000] {dag.py:3954} INFO - Setting next_dagrun for dag_ingest_cybertrack_superapps_v_billpayment to 2024-06-10 17:00:00+00:00, run_after=2024-06-11 17:00:00+00:00
[2024-06-11T08:45:55.901+0000] {processor.py:183} INFO - Processing /opt/airflow/dags/dag_billpayment.py took 0.067 seconds
[2024-06-11T08:46:26.370+0000] {processor.py:161} INFO - Started process (PID=8061) to work on /opt/airflow/dags/dag_billpayment.py
[2024-06-11T08:46:26.372+0000] {processor.py:830} INFO - Processing file /opt/airflow/dags/dag_billpayment.py for tasks to queue
[2024-06-11T08:46:26.374+0000] {logging_mixin.py:188} INFO - [2024-06-11T08:46:26.373+0000] {dagbag.py:545} INFO - Filling up the DagBag from /opt/airflow/dags/dag_billpayment.py
[2024-06-11T08:46:26.406+0000] {processor.py:840} INFO - DAG(s) 'dag_ingest_cybertrack_superapps_v_billpayment' retrieved from /opt/airflow/dags/dag_billpayment.py
[2024-06-11T08:46:26.425+0000] {logging_mixin.py:188} INFO - [2024-06-11T08:46:26.425+0000] {dag.py:3096} INFO - Sync 1 DAGs
[2024-06-11T08:46:26.438+0000] {logging_mixin.py:188} INFO - [2024-06-11T08:46:26.438+0000] {dag.py:3954} INFO - Setting next_dagrun for dag_ingest_cybertrack_superapps_v_billpayment to 2024-06-10 17:00:00+00:00, run_after=2024-06-11 17:00:00+00:00
[2024-06-11T08:46:26.447+0000] {processor.py:183} INFO - Processing /opt/airflow/dags/dag_billpayment.py took 0.085 seconds
[2024-06-11T08:46:56.907+0000] {processor.py:161} INFO - Started process (PID=8091) to work on /opt/airflow/dags/dag_billpayment.py
[2024-06-11T08:46:56.909+0000] {processor.py:830} INFO - Processing file /opt/airflow/dags/dag_billpayment.py for tasks to queue
[2024-06-11T08:46:56.910+0000] {logging_mixin.py:188} INFO - [2024-06-11T08:46:56.910+0000] {dagbag.py:545} INFO - Filling up the DagBag from /opt/airflow/dags/dag_billpayment.py
[2024-06-11T08:46:56.944+0000] {processor.py:840} INFO - DAG(s) 'dag_ingest_cybertrack_superapps_v_billpayment' retrieved from /opt/airflow/dags/dag_billpayment.py
[2024-06-11T08:46:56.959+0000] {logging_mixin.py:188} INFO - [2024-06-11T08:46:56.959+0000] {dag.py:3096} INFO - Sync 1 DAGs
[2024-06-11T08:46:56.970+0000] {logging_mixin.py:188} INFO - [2024-06-11T08:46:56.970+0000] {dag.py:3954} INFO - Setting next_dagrun for dag_ingest_cybertrack_superapps_v_billpayment to 2024-06-10 17:00:00+00:00, run_after=2024-06-11 17:00:00+00:00
[2024-06-11T08:46:56.978+0000] {processor.py:183} INFO - Processing /opt/airflow/dags/dag_billpayment.py took 0.080 seconds
[2024-06-11T08:47:27.405+0000] {processor.py:161} INFO - Started process (PID=8122) to work on /opt/airflow/dags/dag_billpayment.py
[2024-06-11T08:47:27.406+0000] {processor.py:830} INFO - Processing file /opt/airflow/dags/dag_billpayment.py for tasks to queue
[2024-06-11T08:47:27.408+0000] {logging_mixin.py:188} INFO - [2024-06-11T08:47:27.407+0000] {dagbag.py:545} INFO - Filling up the DagBag from /opt/airflow/dags/dag_billpayment.py
[2024-06-11T08:47:27.455+0000] {processor.py:840} INFO - DAG(s) 'dag_ingest_cybertrack_superapps_v_billpayment' retrieved from /opt/airflow/dags/dag_billpayment.py
[2024-06-11T08:47:27.476+0000] {logging_mixin.py:188} INFO - [2024-06-11T08:47:27.476+0000] {dag.py:3096} INFO - Sync 1 DAGs
[2024-06-11T08:47:27.490+0000] {logging_mixin.py:188} INFO - [2024-06-11T08:47:27.490+0000] {dag.py:3954} INFO - Setting next_dagrun for dag_ingest_cybertrack_superapps_v_billpayment to 2024-06-10 17:00:00+00:00, run_after=2024-06-11 17:00:00+00:00
[2024-06-11T08:47:27.498+0000] {processor.py:183} INFO - Processing /opt/airflow/dags/dag_billpayment.py took 0.104 seconds
[2024-06-11T08:47:57.997+0000] {processor.py:161} INFO - Started process (PID=8153) to work on /opt/airflow/dags/dag_billpayment.py
[2024-06-11T08:47:57.999+0000] {processor.py:830} INFO - Processing file /opt/airflow/dags/dag_billpayment.py for tasks to queue
[2024-06-11T08:47:58.000+0000] {logging_mixin.py:188} INFO - [2024-06-11T08:47:58.000+0000] {dagbag.py:545} INFO - Filling up the DagBag from /opt/airflow/dags/dag_billpayment.py
[2024-06-11T08:47:58.037+0000] {processor.py:840} INFO - DAG(s) 'dag_ingest_cybertrack_superapps_v_billpayment' retrieved from /opt/airflow/dags/dag_billpayment.py
[2024-06-11T08:47:58.054+0000] {logging_mixin.py:188} INFO - [2024-06-11T08:47:58.054+0000] {dag.py:3096} INFO - Sync 1 DAGs
[2024-06-11T08:47:58.067+0000] {logging_mixin.py:188} INFO - [2024-06-11T08:47:58.067+0000] {dag.py:3954} INFO - Setting next_dagrun for dag_ingest_cybertrack_superapps_v_billpayment to 2024-06-10 17:00:00+00:00, run_after=2024-06-11 17:00:00+00:00
[2024-06-11T08:47:58.078+0000] {processor.py:183} INFO - Processing /opt/airflow/dags/dag_billpayment.py took 0.092 seconds
[2024-06-11T08:48:28.574+0000] {processor.py:161} INFO - Started process (PID=8184) to work on /opt/airflow/dags/dag_billpayment.py
[2024-06-11T08:48:28.576+0000] {processor.py:830} INFO - Processing file /opt/airflow/dags/dag_billpayment.py for tasks to queue
[2024-06-11T08:48:28.577+0000] {logging_mixin.py:188} INFO - [2024-06-11T08:48:28.577+0000] {dagbag.py:545} INFO - Filling up the DagBag from /opt/airflow/dags/dag_billpayment.py
[2024-06-11T08:48:28.607+0000] {processor.py:840} INFO - DAG(s) 'dag_ingest_cybertrack_superapps_v_billpayment' retrieved from /opt/airflow/dags/dag_billpayment.py
[2024-06-11T08:48:28.625+0000] {logging_mixin.py:188} INFO - [2024-06-11T08:48:28.625+0000] {dag.py:3096} INFO - Sync 1 DAGs
[2024-06-11T08:48:28.637+0000] {logging_mixin.py:188} INFO - [2024-06-11T08:48:28.637+0000] {dag.py:3954} INFO - Setting next_dagrun for dag_ingest_cybertrack_superapps_v_billpayment to 2024-06-10 17:00:00+00:00, run_after=2024-06-11 17:00:00+00:00
[2024-06-11T08:48:28.646+0000] {processor.py:183} INFO - Processing /opt/airflow/dags/dag_billpayment.py took 0.083 seconds
[2024-06-11T08:48:59.079+0000] {processor.py:161} INFO - Started process (PID=8215) to work on /opt/airflow/dags/dag_billpayment.py
[2024-06-11T08:48:59.080+0000] {processor.py:830} INFO - Processing file /opt/airflow/dags/dag_billpayment.py for tasks to queue
[2024-06-11T08:48:59.081+0000] {logging_mixin.py:188} INFO - [2024-06-11T08:48:59.080+0000] {dagbag.py:545} INFO - Filling up the DagBag from /opt/airflow/dags/dag_billpayment.py
[2024-06-11T08:48:59.104+0000] {processor.py:840} INFO - DAG(s) 'dag_ingest_cybertrack_superapps_v_billpayment' retrieved from /opt/airflow/dags/dag_billpayment.py
[2024-06-11T08:48:59.117+0000] {logging_mixin.py:188} INFO - [2024-06-11T08:48:59.117+0000] {dag.py:3096} INFO - Sync 1 DAGs
[2024-06-11T08:48:59.128+0000] {logging_mixin.py:188} INFO - [2024-06-11T08:48:59.128+0000] {dag.py:3954} INFO - Setting next_dagrun for dag_ingest_cybertrack_superapps_v_billpayment to 2024-06-10 17:00:00+00:00, run_after=2024-06-11 17:00:00+00:00
[2024-06-11T08:48:59.135+0000] {processor.py:183} INFO - Processing /opt/airflow/dags/dag_billpayment.py took 0.062 seconds
