[2024-06-11T04:11:07.040+0000] {local_task_job_runner.py:120} INFO - ::group::Pre task execution logs
[2024-06-11T04:11:07.054+0000] {taskinstance.py:2076} INFO - Dependencies all met for dep_context=non-requeueable deps ti=<TaskInstance: mssql_to_postgresql_02.load_to_postgresql scheduled__2024-06-10T00:00:00+00:00 [queued]>
[2024-06-11T04:11:07.057+0000] {taskinstance.py:2076} INFO - Dependencies all met for dep_context=requeueable deps ti=<TaskInstance: mssql_to_postgresql_02.load_to_postgresql scheduled__2024-06-10T00:00:00+00:00 [queued]>
[2024-06-11T04:11:07.058+0000] {taskinstance.py:2306} INFO - Starting attempt 1 of 1
[2024-06-11T04:11:07.063+0000] {taskinstance.py:2330} INFO - Executing <Task(PythonOperator): load_to_postgresql> on 2024-06-10 00:00:00+00:00
[2024-06-11T04:11:07.066+0000] {standard_task_runner.py:90} INFO - Running: ['***', 'tasks', 'run', 'mssql_to_postgresql_02', 'load_to_postgresql', 'scheduled__2024-06-10T00:00:00+00:00', '--job-id', '26', '--raw', '--subdir', 'DAGS_FOLDER/dag_testconnection.py', '--cfg-path', '/tmp/tmp9b09pakb']
[2024-06-11T04:11:07.067+0000] {logging_mixin.py:188} WARNING - /home/***/.local/lib/python3.12/site-packages/***/task/task_runner/standard_task_runner.py:61 DeprecationWarning: This process (pid=285) is multi-threaded, use of fork() may lead to deadlocks in the child.
[2024-06-11T04:11:07.067+0000] {standard_task_runner.py:91} INFO - Job 26: Subtask load_to_postgresql
[2024-06-11T04:11:07.067+0000] {standard_task_runner.py:63} INFO - Started process 286 to run task
[2024-06-11T04:11:07.087+0000] {task_command.py:426} INFO - Running <TaskInstance: mssql_to_postgresql_02.load_to_postgresql scheduled__2024-06-10T00:00:00+00:00 [running]> on host 2e5c63130483
[2024-06-11T04:11:07.119+0000] {taskinstance.py:2648} INFO - Exporting env vars: AIRFLOW_CTX_DAG_OWNER='***' AIRFLOW_CTX_DAG_ID='mssql_to_postgresql_02' AIRFLOW_CTX_TASK_ID='load_to_postgresql' AIRFLOW_CTX_EXECUTION_DATE='2024-06-10T00:00:00+00:00' AIRFLOW_CTX_TRY_NUMBER='1' AIRFLOW_CTX_DAG_RUN_ID='scheduled__2024-06-10T00:00:00+00:00'
[2024-06-11T04:11:07.120+0000] {taskinstance.py:430} INFO - ::endgroup::
[2024-06-11T04:11:07.133+0000] {base.py:84} INFO - Using connection ID 'postgres_conn' for task execution.
[2024-06-11T04:11:07.138+0000] {sql.py:470} INFO - Running statement: 
    INSERT INTO dummydata (ID, AccountName, AccountType)
    VALUES (%s, %s, %s)
    , parameters: (1, 'John Doe', 'Personal')
[2024-06-11T04:11:07.143+0000] {sql.py:479} INFO - Rows affected: 1
[2024-06-11T04:11:07.146+0000] {base.py:84} INFO - Using connection ID 'postgres_conn' for task execution.
[2024-06-11T04:11:07.149+0000] {sql.py:470} INFO - Running statement: 
    INSERT INTO dummydata (ID, AccountName, AccountType)
    VALUES (%s, %s, %s)
    , parameters: (2, 'Jane Smith', 'Personal')
[2024-06-11T04:11:07.150+0000] {sql.py:479} INFO - Rows affected: 1
[2024-06-11T04:11:07.153+0000] {base.py:84} INFO - Using connection ID 'postgres_conn' for task execution.
[2024-06-11T04:11:07.156+0000] {sql.py:470} INFO - Running statement: 
    INSERT INTO dummydata (ID, AccountName, AccountType)
    VALUES (%s, %s, %s)
    , parameters: (3, 'ABC Inc.', 'Business')
[2024-06-11T04:11:07.157+0000] {sql.py:479} INFO - Rows affected: 1
[2024-06-11T04:11:07.160+0000] {base.py:84} INFO - Using connection ID 'postgres_conn' for task execution.
[2024-06-11T04:11:07.163+0000] {sql.py:470} INFO - Running statement: 
    INSERT INTO dummydata (ID, AccountName, AccountType)
    VALUES (%s, %s, %s)
    , parameters: (4, 'XYZ Corp.', 'Business')
[2024-06-11T04:11:07.164+0000] {sql.py:479} INFO - Rows affected: 1
[2024-06-11T04:11:07.167+0000] {base.py:84} INFO - Using connection ID 'postgres_conn' for task execution.
[2024-06-11T04:11:07.170+0000] {sql.py:470} INFO - Running statement: 
    INSERT INTO dummydata (ID, AccountName, AccountType)
    VALUES (%s, %s, %s)
    , parameters: (5, 'Savings Account', 'Savings')
[2024-06-11T04:11:07.171+0000] {sql.py:479} INFO - Rows affected: 1
[2024-06-11T04:11:07.174+0000] {base.py:84} INFO - Using connection ID 'postgres_conn' for task execution.
[2024-06-11T04:11:07.176+0000] {sql.py:470} INFO - Running statement: 
    INSERT INTO dummydata (ID, AccountName, AccountType)
    VALUES (%s, %s, %s)
    , parameters: (6, 'Checking Account', 'Checking')
[2024-06-11T04:11:07.177+0000] {sql.py:479} INFO - Rows affected: 1
[2024-06-11T04:11:07.180+0000] {base.py:84} INFO - Using connection ID 'postgres_conn' for task execution.
[2024-06-11T04:11:07.183+0000] {sql.py:470} INFO - Running statement: 
    INSERT INTO dummydata (ID, AccountName, AccountType)
    VALUES (%s, %s, %s)
    , parameters: (7, 'Michael Johnson', 'Personal')
[2024-06-11T04:11:07.184+0000] {sql.py:479} INFO - Rows affected: 1
[2024-06-11T04:11:07.187+0000] {base.py:84} INFO - Using connection ID 'postgres_conn' for task execution.
[2024-06-11T04:11:07.189+0000] {sql.py:470} INFO - Running statement: 
    INSERT INTO dummydata (ID, AccountName, AccountType)
    VALUES (%s, %s, %s)
    , parameters: (8, 'Emily Brown', 'Personal')
[2024-06-11T04:11:07.190+0000] {sql.py:479} INFO - Rows affected: 1
[2024-06-11T04:11:07.193+0000] {base.py:84} INFO - Using connection ID 'postgres_conn' for task execution.
[2024-06-11T04:11:07.195+0000] {sql.py:470} INFO - Running statement: 
    INSERT INTO dummydata (ID, AccountName, AccountType)
    VALUES (%s, %s, %s)
    , parameters: (9, 'XYZ Ltd.', 'Business')
[2024-06-11T04:11:07.196+0000] {sql.py:479} INFO - Rows affected: 1
[2024-06-11T04:11:07.199+0000] {base.py:84} INFO - Using connection ID 'postgres_conn' for task execution.
[2024-06-11T04:11:07.202+0000] {sql.py:470} INFO - Running statement: 
    INSERT INTO dummydata (ID, AccountName, AccountType)
    VALUES (%s, %s, %s)
    , parameters: (10, 'ABC Co.', 'Business')
[2024-06-11T04:11:07.203+0000] {sql.py:479} INFO - Rows affected: 1
[2024-06-11T04:11:07.206+0000] {base.py:84} INFO - Using connection ID 'postgres_conn' for task execution.
[2024-06-11T04:11:07.208+0000] {sql.py:470} INFO - Running statement: 
    INSERT INTO dummydata (ID, AccountName, AccountType)
    VALUES (%s, %s, %s)
    , parameters: (11, 'Investment Account', 'Investment')
[2024-06-11T04:11:07.209+0000] {sql.py:479} INFO - Rows affected: 1
[2024-06-11T04:11:07.212+0000] {base.py:84} INFO - Using connection ID 'postgres_conn' for task execution.
[2024-06-11T04:11:07.214+0000] {sql.py:470} INFO - Running statement: 
    INSERT INTO dummydata (ID, AccountName, AccountType)
    VALUES (%s, %s, %s)
    , parameters: (12, 'Credit Card', 'Credit')
[2024-06-11T04:11:07.215+0000] {sql.py:479} INFO - Rows affected: 1
[2024-06-11T04:11:07.218+0000] {base.py:84} INFO - Using connection ID 'postgres_conn' for task execution.
[2024-06-11T04:11:07.221+0000] {sql.py:470} INFO - Running statement: 
    INSERT INTO dummydata (ID, AccountName, AccountType)
    VALUES (%s, %s, %s)
    , parameters: (13, 'Susan Wang', 'Personal')
[2024-06-11T04:11:07.222+0000] {sql.py:479} INFO - Rows affected: 1
[2024-06-11T04:11:07.225+0000] {base.py:84} INFO - Using connection ID 'postgres_conn' for task execution.
[2024-06-11T04:11:07.227+0000] {sql.py:470} INFO - Running statement: 
    INSERT INTO dummydata (ID, AccountName, AccountType)
    VALUES (%s, %s, %s)
    , parameters: (14, 'Peter Chan', 'Personal')
[2024-06-11T04:11:07.228+0000] {sql.py:479} INFO - Rows affected: 1
[2024-06-11T04:11:07.231+0000] {base.py:84} INFO - Using connection ID 'postgres_conn' for task execution.
[2024-06-11T04:11:07.233+0000] {sql.py:470} INFO - Running statement: 
    INSERT INTO dummydata (ID, AccountName, AccountType)
    VALUES (%s, %s, %s)
    , parameters: (15, 'LMN Corp.', 'Business')
[2024-06-11T04:11:07.234+0000] {sql.py:479} INFO - Rows affected: 1
[2024-06-11T04:11:07.240+0000] {base.py:84} INFO - Using connection ID 'postgres_conn' for task execution.
[2024-06-11T04:11:07.244+0000] {sql.py:470} INFO - Running statement: 
    INSERT INTO dummydata (ID, AccountName, AccountType)
    VALUES (%s, %s, %s)
    , parameters: (16, 'QRS Inc.', 'Business')
[2024-06-11T04:11:07.246+0000] {sql.py:479} INFO - Rows affected: 1
[2024-06-11T04:11:07.249+0000] {base.py:84} INFO - Using connection ID 'postgres_conn' for task execution.
[2024-06-11T04:11:07.252+0000] {sql.py:470} INFO - Running statement: 
    INSERT INTO dummydata (ID, AccountName, AccountType)
    VALUES (%s, %s, %s)
    , parameters: (17, 'Retirement Account', 'Investment')
[2024-06-11T04:11:07.253+0000] {sql.py:479} INFO - Rows affected: 1
[2024-06-11T04:11:07.256+0000] {base.py:84} INFO - Using connection ID 'postgres_conn' for task execution.
[2024-06-11T04:11:07.258+0000] {sql.py:470} INFO - Running statement: 
    INSERT INTO dummydata (ID, AccountName, AccountType)
    VALUES (%s, %s, %s)
    , parameters: (18, 'Loan Account', 'Loan')
[2024-06-11T04:11:07.259+0000] {sql.py:479} INFO - Rows affected: 1
[2024-06-11T04:11:07.263+0000] {base.py:84} INFO - Using connection ID 'postgres_conn' for task execution.
[2024-06-11T04:11:07.265+0000] {sql.py:470} INFO - Running statement: 
    INSERT INTO dummydata (ID, AccountName, AccountType)
    VALUES (%s, %s, %s)
    , parameters: (19, 'Jessica Lee', 'Personal')
[2024-06-11T04:11:07.266+0000] {sql.py:479} INFO - Rows affected: 1
[2024-06-11T04:11:07.269+0000] {base.py:84} INFO - Using connection ID 'postgres_conn' for task execution.
[2024-06-11T04:11:07.271+0000] {sql.py:470} INFO - Running statement: 
    INSERT INTO dummydata (ID, AccountName, AccountType)
    VALUES (%s, %s, %s)
    , parameters: (20, 'David Kim', 'Personal')
[2024-06-11T04:11:07.272+0000] {sql.py:479} INFO - Rows affected: 1
[2024-06-11T04:11:07.275+0000] {base.py:84} INFO - Using connection ID 'postgres_conn' for task execution.
[2024-06-11T04:11:07.278+0000] {sql.py:470} INFO - Running statement: 
    INSERT INTO dummydata (ID, AccountName, AccountType)
    VALUES (%s, %s, %s)
    , parameters: (21, 'GHI Ltd.', 'Business')
[2024-06-11T04:11:07.279+0000] {sql.py:479} INFO - Rows affected: 1
[2024-06-11T04:11:07.282+0000] {base.py:84} INFO - Using connection ID 'postgres_conn' for task execution.
[2024-06-11T04:11:07.284+0000] {sql.py:470} INFO - Running statement: 
    INSERT INTO dummydata (ID, AccountName, AccountType)
    VALUES (%s, %s, %s)
    , parameters: (22, 'PQR Co.', 'Business')
[2024-06-11T04:11:07.285+0000] {sql.py:479} INFO - Rows affected: 1
[2024-06-11T04:11:07.288+0000] {base.py:84} INFO - Using connection ID 'postgres_conn' for task execution.
[2024-06-11T04:11:07.291+0000] {sql.py:470} INFO - Running statement: 
    INSERT INTO dummydata (ID, AccountName, AccountType)
    VALUES (%s, %s, %s)
    , parameters: (23, 'College Fund', 'Savings')
[2024-06-11T04:11:07.292+0000] {sql.py:479} INFO - Rows affected: 1
[2024-06-11T04:11:07.295+0000] {base.py:84} INFO - Using connection ID 'postgres_conn' for task execution.
[2024-06-11T04:11:07.297+0000] {sql.py:470} INFO - Running statement: 
    INSERT INTO dummydata (ID, AccountName, AccountType)
    VALUES (%s, %s, %s)
    , parameters: (24, 'Emergency Fund', 'Savings')
[2024-06-11T04:11:07.298+0000] {sql.py:479} INFO - Rows affected: 1
[2024-06-11T04:11:07.301+0000] {base.py:84} INFO - Using connection ID 'postgres_conn' for task execution.
[2024-06-11T04:11:07.303+0000] {sql.py:470} INFO - Running statement: 
    INSERT INTO dummydata (ID, AccountName, AccountType)
    VALUES (%s, %s, %s)
    , parameters: (25, 'Utility Account', 'Expenses')
[2024-06-11T04:11:07.304+0000] {sql.py:479} INFO - Rows affected: 1
[2024-06-11T04:11:07.305+0000] {python.py:237} INFO - Done. Returned value was: None
[2024-06-11T04:11:07.305+0000] {taskinstance.py:441} INFO - ::group::Post task execution logs
[2024-06-11T04:11:07.308+0000] {taskinstance.py:1206} INFO - Marking task as SUCCESS. dag_id=mssql_to_postgresql_02, task_id=load_to_postgresql, run_id=scheduled__2024-06-10T00:00:00+00:00, execution_date=20240610T000000, start_date=20240611T041107, end_date=20240611T041107
[2024-06-11T04:11:07.330+0000] {local_task_job_runner.py:240} INFO - Task exited with return code 0
[2024-06-11T04:11:07.337+0000] {taskinstance.py:3498} INFO - 0 downstream tasks scheduled from follow-on schedule check
[2024-06-11T04:11:07.338+0000] {local_task_job_runner.py:222} INFO - ::endgroup::
