[2024-06-11T08:37:25.076+0000] {local_task_job_runner.py:120} INFO - ::group::Pre task execution logs
[2024-06-11T08:37:25.097+0000] {taskinstance.py:2076} INFO - Dependencies all met for dep_context=non-requeueable deps ti=<TaskInstance: dag_ingest_cybertrack_nmb_v_merchant_transaction.extract_from_mssql manual__2024-06-11T08:37:24.425403+00:00 [queued]>
[2024-06-11T08:37:25.101+0000] {taskinstance.py:2076} INFO - Dependencies all met for dep_context=requeueable deps ti=<TaskInstance: dag_ingest_cybertrack_nmb_v_merchant_transaction.extract_from_mssql manual__2024-06-11T08:37:24.425403+00:00 [queued]>
[2024-06-11T08:37:25.101+0000] {taskinstance.py:2306} INFO - Starting attempt 1 of 1
[2024-06-11T08:37:25.108+0000] {taskinstance.py:2330} INFO - Executing <Task(PythonOperator): extract_from_mssql> on 2024-06-11 08:37:24.425403+00:00
[2024-06-11T08:37:25.112+0000] {logging_mixin.py:188} WARNING - /home/***/.local/lib/python3.12/site-packages/***/task/task_runner/standard_task_runner.py:61 DeprecationWarning: This process (pid=7517) is multi-threaded, use of fork() may lead to deadlocks in the child.
[2024-06-11T08:37:25.112+0000] {standard_task_runner.py:90} INFO - Running: ['***', 'tasks', 'run', 'dag_ingest_cybertrack_nmb_v_merchant_transaction', 'extract_from_mssql', 'manual__2024-06-11T08:37:24.425403+00:00', '--job-id', '119', '--raw', '--subdir', 'DAGS_FOLDER/dag_nmb.py', '--cfg-path', '/tmp/tmpk8944_z7']
[2024-06-11T08:37:25.113+0000] {standard_task_runner.py:63} INFO - Started process 7518 to run task
[2024-06-11T08:37:25.113+0000] {standard_task_runner.py:91} INFO - Job 119: Subtask extract_from_mssql
[2024-06-11T08:37:25.137+0000] {task_command.py:426} INFO - Running <TaskInstance: dag_ingest_cybertrack_nmb_v_merchant_transaction.extract_from_mssql manual__2024-06-11T08:37:24.425403+00:00 [running]> on host 2e5c63130483
[2024-06-11T08:37:25.179+0000] {taskinstance.py:2648} INFO - Exporting env vars: AIRFLOW_CTX_DAG_OWNER='***' AIRFLOW_CTX_DAG_ID='dag_ingest_cybertrack_nmb_v_merchant_transaction' AIRFLOW_CTX_TASK_ID='extract_from_mssql' AIRFLOW_CTX_EXECUTION_DATE='2024-06-11T08:37:24.425403+00:00' AIRFLOW_CTX_TRY_NUMBER='1' AIRFLOW_CTX_DAG_RUN_ID='manual__2024-06-11T08:37:24.425403+00:00'
[2024-06-11T08:37:25.179+0000] {taskinstance.py:430} INFO - ::endgroup::
[2024-06-11T08:37:25.193+0000] {base.py:84} INFO - Using connection ID 'sql_server_conn' for task execution.
[2024-06-11T08:37:25.229+0000] {sql.py:470} INFO - Running statement: SELECT * FROM raw_data.cybertrack_nmb_v_merchant_transaction;, parameters: None
[2024-06-11T08:37:25.324+0000] {python.py:237} INFO - Done. Returned value was: None
[2024-06-11T08:37:25.324+0000] {taskinstance.py:441} INFO - ::group::Post task execution logs
[2024-06-11T08:37:25.328+0000] {taskinstance.py:1206} INFO - Marking task as SUCCESS. dag_id=dag_ingest_cybertrack_nmb_v_merchant_transaction, task_id=extract_from_mssql, run_id=manual__2024-06-11T08:37:24.425403+00:00, execution_date=20240611T083724, start_date=20240611T083725, end_date=20240611T083725
[2024-06-11T08:37:25.340+0000] {local_task_job_runner.py:240} INFO - Task exited with return code 0
[2024-06-11T08:37:25.354+0000] {taskinstance.py:3498} INFO - 1 downstream tasks scheduled from follow-on schedule check
[2024-06-11T08:37:25.355+0000] {local_task_job_runner.py:222} INFO - ::endgroup::
