[2024-06-11T07:16:13.789+0000] {local_task_job_runner.py:120} INFO - ::group::Pre task execution logs
[2024-06-11T07:16:13.807+0000] {taskinstance.py:2076} INFO - Dependencies all met for dep_context=non-requeueable deps ti=<TaskInstance: copy_raw_data.extract_from_mssql scheduled__2024-06-09T17:00:00+00:00 [queued]>
[2024-06-11T07:16:13.812+0000] {taskinstance.py:2076} INFO - Dependencies all met for dep_context=requeueable deps ti=<TaskInstance: copy_raw_data.extract_from_mssql scheduled__2024-06-09T17:00:00+00:00 [queued]>
[2024-06-11T07:16:13.812+0000] {taskinstance.py:2306} INFO - Starting attempt 1 of 1
[2024-06-11T07:16:13.818+0000] {taskinstance.py:2330} INFO - Executing <Task(PythonOperator): extract_from_mssql> on 2024-06-09 17:00:00+00:00
[2024-06-11T07:16:13.823+0000] {logging_mixin.py:188} WARNING - /home/***/.local/lib/python3.12/site-packages/***/task/task_runner/standard_task_runner.py:61 DeprecationWarning: This process (pid=4447) is multi-threaded, use of fork() may lead to deadlocks in the child.
[2024-06-11T07:16:13.823+0000] {standard_task_runner.py:63} INFO - Started process 4448 to run task
[2024-06-11T07:16:13.823+0000] {standard_task_runner.py:90} INFO - Running: ['***', 'tasks', 'run', 'copy_raw_data', 'extract_from_mssql', 'scheduled__2024-06-09T17:00:00+00:00', '--job-id', '81', '--raw', '--subdir', 'DAGS_FOLDER/copy_file_transfer.py', '--cfg-path', '/tmp/tmp3c8orr2j']
[2024-06-11T07:16:13.824+0000] {standard_task_runner.py:91} INFO - Job 81: Subtask extract_from_mssql
[2024-06-11T07:16:13.849+0000] {task_command.py:426} INFO - Running <TaskInstance: copy_raw_data.extract_from_mssql scheduled__2024-06-09T17:00:00+00:00 [running]> on host 2e5c63130483
[2024-06-11T07:16:13.895+0000] {taskinstance.py:2648} INFO - Exporting env vars: AIRFLOW_CTX_DAG_OWNER='***' AIRFLOW_CTX_DAG_ID='copy_raw_data' AIRFLOW_CTX_TASK_ID='extract_from_mssql' AIRFLOW_CTX_EXECUTION_DATE='2024-06-09T17:00:00+00:00' AIRFLOW_CTX_TRY_NUMBER='1' AIRFLOW_CTX_DAG_RUN_ID='scheduled__2024-06-09T17:00:00+00:00'
[2024-06-11T07:16:13.896+0000] {taskinstance.py:430} INFO - ::endgroup::
[2024-06-11T07:16:13.908+0000] {base.py:84} INFO - Using connection ID 'sql_server_conn' for task execution.
[2024-06-11T07:16:13.931+0000] {sql.py:470} INFO - Running statement: SELECT * FROM raw_data.cybertrack_superapps_v_transfer;, parameters: None
[2024-06-11T07:16:13.944+0000] {python.py:237} INFO - Done. Returned value was: None
[2024-06-11T07:16:13.944+0000] {taskinstance.py:441} INFO - ::group::Post task execution logs
[2024-06-11T07:16:13.948+0000] {taskinstance.py:1206} INFO - Marking task as SUCCESS. dag_id=copy_raw_data, task_id=extract_from_mssql, run_id=scheduled__2024-06-09T17:00:00+00:00, execution_date=20240609T170000, start_date=20240611T071613, end_date=20240611T071613
[2024-06-11T07:16:13.968+0000] {local_task_job_runner.py:240} INFO - Task exited with return code 0
[2024-06-11T07:16:13.979+0000] {taskinstance.py:3498} INFO - 1 downstream tasks scheduled from follow-on schedule check
[2024-06-11T07:16:13.980+0000] {local_task_job_runner.py:222} INFO - ::endgroup::
