[2024-06-10T08:03:31.177+0000] {processor.py:161} INFO - Started process (PID=43) to work on /home/airflow/.local/lib/python3.12/site-packages/airflow/example_dags/example_external_task_marker_dag.py
[2024-06-10T08:03:31.179+0000] {processor.py:830} INFO - Processing file /home/airflow/.local/lib/python3.12/site-packages/airflow/example_dags/example_external_task_marker_dag.py for tasks to queue
[2024-06-10T08:03:31.181+0000] {logging_mixin.py:188} INFO - [2024-06-10T08:03:31.181+0000] {dagbag.py:545} INFO - Filling up the DagBag from /home/airflow/.local/lib/python3.12/site-packages/airflow/example_dags/example_external_task_marker_dag.py
[2024-06-10T08:03:31.200+0000] {processor.py:840} INFO - DAG(s) 'example_external_task_marker_child', 'example_external_task_marker_parent' retrieved from /home/airflow/.local/lib/python3.12/site-packages/airflow/example_dags/example_external_task_marker_dag.py
[2024-06-10T08:03:31.453+0000] {logging_mixin.py:188} INFO - [2024-06-10T08:03:31.452+0000] {dag.py:3096} INFO - Sync 2 DAGs
[2024-06-10T08:03:31.472+0000] {logging_mixin.py:188} INFO - [2024-06-10T08:03:31.472+0000] {dag.py:3954} INFO - Setting next_dagrun for example_external_task_marker_child to None, run_after=None
[2024-06-10T08:03:31.475+0000] {logging_mixin.py:188} INFO - [2024-06-10T08:03:31.475+0000] {dag.py:3954} INFO - Setting next_dagrun for example_external_task_marker_parent to None, run_after=None
[2024-06-10T08:03:31.495+0000] {processor.py:183} INFO - Processing /home/airflow/.local/lib/python3.12/site-packages/airflow/example_dags/example_external_task_marker_dag.py took 0.325 seconds
[2024-06-10T08:04:01.985+0000] {processor.py:161} INFO - Started process (PID=100) to work on /home/airflow/.local/lib/python3.12/site-packages/airflow/example_dags/example_external_task_marker_dag.py
[2024-06-10T08:04:01.985+0000] {processor.py:830} INFO - Processing file /home/airflow/.local/lib/python3.12/site-packages/airflow/example_dags/example_external_task_marker_dag.py for tasks to queue
[2024-06-10T08:04:01.986+0000] {logging_mixin.py:188} INFO - [2024-06-10T08:04:01.986+0000] {dagbag.py:545} INFO - Filling up the DagBag from /home/airflow/.local/lib/python3.12/site-packages/airflow/example_dags/example_external_task_marker_dag.py
[2024-06-10T08:04:01.990+0000] {processor.py:840} INFO - DAG(s) 'example_external_task_marker_child', 'example_external_task_marker_parent' retrieved from /home/airflow/.local/lib/python3.12/site-packages/airflow/example_dags/example_external_task_marker_dag.py
[2024-06-10T08:04:02.000+0000] {logging_mixin.py:188} INFO - [2024-06-10T08:04:02.000+0000] {dag.py:3096} INFO - Sync 2 DAGs
[2024-06-10T08:04:02.006+0000] {logging_mixin.py:188} INFO - [2024-06-10T08:04:02.005+0000] {dag.py:3954} INFO - Setting next_dagrun for example_external_task_marker_child to None, run_after=None
[2024-06-10T08:04:02.007+0000] {logging_mixin.py:188} INFO - [2024-06-10T08:04:02.007+0000] {dag.py:3954} INFO - Setting next_dagrun for example_external_task_marker_parent to None, run_after=None
[2024-06-10T08:04:02.014+0000] {processor.py:183} INFO - Processing /home/airflow/.local/lib/python3.12/site-packages/airflow/example_dags/example_external_task_marker_dag.py took 0.032 seconds
[2024-06-10T08:14:15.131+0000] {processor.py:161} INFO - Started process (PID=225) to work on /home/airflow/.local/lib/python3.12/site-packages/airflow/example_dags/example_external_task_marker_dag.py
[2024-06-10T08:14:15.131+0000] {processor.py:830} INFO - Processing file /home/airflow/.local/lib/python3.12/site-packages/airflow/example_dags/example_external_task_marker_dag.py for tasks to queue
[2024-06-10T08:14:15.132+0000] {logging_mixin.py:188} INFO - [2024-06-10T08:14:15.132+0000] {dagbag.py:545} INFO - Filling up the DagBag from /home/airflow/.local/lib/python3.12/site-packages/airflow/example_dags/example_external_task_marker_dag.py
[2024-06-10T08:14:15.135+0000] {processor.py:840} INFO - DAG(s) 'example_external_task_marker_parent', 'example_external_task_marker_child' retrieved from /home/airflow/.local/lib/python3.12/site-packages/airflow/example_dags/example_external_task_marker_dag.py
[2024-06-10T08:14:15.142+0000] {logging_mixin.py:188} INFO - [2024-06-10T08:14:15.142+0000] {dag.py:3096} INFO - Sync 2 DAGs
[2024-06-10T08:14:15.149+0000] {logging_mixin.py:188} INFO - [2024-06-10T08:14:15.149+0000] {dag.py:3954} INFO - Setting next_dagrun for example_external_task_marker_child to None, run_after=None
[2024-06-10T08:14:15.151+0000] {logging_mixin.py:188} INFO - [2024-06-10T08:14:15.151+0000] {dag.py:3954} INFO - Setting next_dagrun for example_external_task_marker_parent to None, run_after=None
[2024-06-10T08:14:15.158+0000] {processor.py:183} INFO - Processing /home/airflow/.local/lib/python3.12/site-packages/airflow/example_dags/example_external_task_marker_dag.py took 0.031 seconds
[2024-06-10T08:14:45.845+0000] {processor.py:161} INFO - Started process (PID=486) to work on /home/airflow/.local/lib/python3.12/site-packages/airflow/example_dags/example_external_task_marker_dag.py
[2024-06-10T08:14:45.845+0000] {processor.py:830} INFO - Processing file /home/airflow/.local/lib/python3.12/site-packages/airflow/example_dags/example_external_task_marker_dag.py for tasks to queue
[2024-06-10T08:14:45.846+0000] {logging_mixin.py:188} INFO - [2024-06-10T08:14:45.846+0000] {dagbag.py:545} INFO - Filling up the DagBag from /home/airflow/.local/lib/python3.12/site-packages/airflow/example_dags/example_external_task_marker_dag.py
[2024-06-10T08:14:45.849+0000] {processor.py:840} INFO - DAG(s) 'example_external_task_marker_child', 'example_external_task_marker_parent' retrieved from /home/airflow/.local/lib/python3.12/site-packages/airflow/example_dags/example_external_task_marker_dag.py
[2024-06-10T08:14:45.898+0000] {logging_mixin.py:188} INFO - [2024-06-10T08:14:45.898+0000] {dag.py:3096} INFO - Sync 2 DAGs
[2024-06-10T08:14:45.903+0000] {logging_mixin.py:188} INFO - [2024-06-10T08:14:45.902+0000] {dag.py:3954} INFO - Setting next_dagrun for example_external_task_marker_child to None, run_after=None
[2024-06-10T08:14:45.904+0000] {logging_mixin.py:188} INFO - [2024-06-10T08:14:45.904+0000] {dag.py:3954} INFO - Setting next_dagrun for example_external_task_marker_parent to None, run_after=None
[2024-06-10T08:14:45.911+0000] {processor.py:183} INFO - Processing /home/airflow/.local/lib/python3.12/site-packages/airflow/example_dags/example_external_task_marker_dag.py took 0.069 seconds
