[2024-06-10T08:03:35.826+0000] {processor.py:161} INFO - Started process (PID=60) to work on /home/airflow/.local/lib/python3.12/site-packages/airflow/example_dags/example_latest_only.py
[2024-06-10T08:03:35.828+0000] {processor.py:830} INFO - Processing file /home/airflow/.local/lib/python3.12/site-packages/airflow/example_dags/example_latest_only.py for tasks to queue
[2024-06-10T08:03:35.832+0000] {logging_mixin.py:188} INFO - [2024-06-10T08:03:35.831+0000] {dagbag.py:545} INFO - Filling up the DagBag from /home/airflow/.local/lib/python3.12/site-packages/airflow/example_dags/example_latest_only.py
[2024-06-10T08:03:35.839+0000] {processor.py:840} INFO - DAG(s) 'latest_only' retrieved from /home/airflow/.local/lib/python3.12/site-packages/airflow/example_dags/example_latest_only.py
[2024-06-10T08:03:36.000+0000] {logging_mixin.py:188} INFO - [2024-06-10T08:03:35.999+0000] {dag.py:3096} INFO - Sync 1 DAGs
[2024-06-10T08:03:36.017+0000] {logging_mixin.py:188} INFO - [2024-06-10T08:03:36.017+0000] {dag.py:3954} INFO - Setting next_dagrun for latest_only to 2024-06-10 04:00:00+00:00, run_after=2024-06-10 08:00:00+00:00
[2024-06-10T08:03:36.032+0000] {processor.py:183} INFO - Processing /home/airflow/.local/lib/python3.12/site-packages/airflow/example_dags/example_latest_only.py took 0.214 seconds
[2024-06-10T08:14:15.547+0000] {processor.py:161} INFO - Started process (PID=308) to work on /home/airflow/.local/lib/python3.12/site-packages/airflow/example_dags/example_latest_only.py
[2024-06-10T08:14:15.547+0000] {processor.py:830} INFO - Processing file /home/airflow/.local/lib/python3.12/site-packages/airflow/example_dags/example_latest_only.py for tasks to queue
[2024-06-10T08:14:15.548+0000] {logging_mixin.py:188} INFO - [2024-06-10T08:14:15.548+0000] {dagbag.py:545} INFO - Filling up the DagBag from /home/airflow/.local/lib/python3.12/site-packages/airflow/example_dags/example_latest_only.py
[2024-06-10T08:14:15.551+0000] {processor.py:840} INFO - DAG(s) 'latest_only' retrieved from /home/airflow/.local/lib/python3.12/site-packages/airflow/example_dags/example_latest_only.py
[2024-06-10T08:14:15.557+0000] {logging_mixin.py:188} INFO - [2024-06-10T08:14:15.557+0000] {dag.py:3096} INFO - Sync 1 DAGs
[2024-06-10T08:14:15.567+0000] {logging_mixin.py:188} INFO - [2024-06-10T08:14:15.567+0000] {dag.py:3954} INFO - Setting next_dagrun for latest_only to 2024-06-10 04:00:00+00:00, run_after=2024-06-10 08:00:00+00:00
[2024-06-10T08:14:15.575+0000] {processor.py:183} INFO - Processing /home/airflow/.local/lib/python3.12/site-packages/airflow/example_dags/example_latest_only.py took 0.031 seconds
[2024-06-10T08:14:46.986+0000] {processor.py:161} INFO - Started process (PID=587) to work on /home/airflow/.local/lib/python3.12/site-packages/airflow/example_dags/example_latest_only.py
[2024-06-10T08:14:46.989+0000] {processor.py:830} INFO - Processing file /home/airflow/.local/lib/python3.12/site-packages/airflow/example_dags/example_latest_only.py for tasks to queue
[2024-06-10T08:14:46.991+0000] {logging_mixin.py:188} INFO - [2024-06-10T08:14:46.990+0000] {dagbag.py:545} INFO - Filling up the DagBag from /home/airflow/.local/lib/python3.12/site-packages/airflow/example_dags/example_latest_only.py
[2024-06-10T08:14:47.006+0000] {processor.py:840} INFO - DAG(s) 'latest_only' retrieved from /home/airflow/.local/lib/python3.12/site-packages/airflow/example_dags/example_latest_only.py
[2024-06-10T08:14:47.273+0000] {logging_mixin.py:188} INFO - [2024-06-10T08:14:47.269+0000] {dag.py:3096} INFO - Sync 1 DAGs
[2024-06-10T08:14:47.303+0000] {logging_mixin.py:188} INFO - [2024-06-10T08:14:47.303+0000] {dag.py:3954} INFO - Setting next_dagrun for latest_only to 2024-06-10 04:00:00+00:00, run_after=2024-06-10 08:00:00+00:00
[2024-06-10T08:14:47.358+0000] {processor.py:183} INFO - Processing /home/airflow/.local/lib/python3.12/site-packages/airflow/example_dags/example_latest_only.py took 0.381 seconds
