[2024-06-10T08:03:35.039+0000] {processor.py:161} INFO - Started process (PID=57) to work on /home/airflow/.local/lib/python3.12/site-packages/airflow/example_dags/example_complex.py
[2024-06-10T08:03:35.041+0000] {processor.py:830} INFO - Processing file /home/airflow/.local/lib/python3.12/site-packages/airflow/example_dags/example_complex.py for tasks to queue
[2024-06-10T08:03:35.045+0000] {logging_mixin.py:188} INFO - [2024-06-10T08:03:35.044+0000] {dagbag.py:545} INFO - Filling up the DagBag from /home/airflow/.local/lib/python3.12/site-packages/airflow/example_dags/example_complex.py
[2024-06-10T08:03:35.077+0000] {processor.py:840} INFO - DAG(s) 'example_complex' retrieved from /home/airflow/.local/lib/python3.12/site-packages/airflow/example_dags/example_complex.py
[2024-06-10T08:03:35.264+0000] {logging_mixin.py:188} INFO - [2024-06-10T08:03:35.263+0000] {dag.py:3096} INFO - Sync 1 DAGs
[2024-06-10T08:03:35.277+0000] {logging_mixin.py:188} INFO - [2024-06-10T08:03:35.277+0000] {dag.py:3954} INFO - Setting next_dagrun for example_complex to None, run_after=None
[2024-06-10T08:03:35.298+0000] {processor.py:183} INFO - Processing /home/airflow/.local/lib/python3.12/site-packages/airflow/example_dags/example_complex.py took 0.266 seconds
[2024-06-10T08:14:15.469+0000] {processor.py:161} INFO - Started process (PID=293) to work on /home/airflow/.local/lib/python3.12/site-packages/airflow/example_dags/example_complex.py
[2024-06-10T08:14:15.470+0000] {processor.py:830} INFO - Processing file /home/airflow/.local/lib/python3.12/site-packages/airflow/example_dags/example_complex.py for tasks to queue
[2024-06-10T08:14:15.471+0000] {logging_mixin.py:188} INFO - [2024-06-10T08:14:15.470+0000] {dagbag.py:545} INFO - Filling up the DagBag from /home/airflow/.local/lib/python3.12/site-packages/airflow/example_dags/example_complex.py
[2024-06-10T08:14:15.477+0000] {processor.py:840} INFO - DAG(s) 'example_complex' retrieved from /home/airflow/.local/lib/python3.12/site-packages/airflow/example_dags/example_complex.py
[2024-06-10T08:14:15.485+0000] {logging_mixin.py:188} INFO - [2024-06-10T08:14:15.485+0000] {dag.py:3096} INFO - Sync 1 DAGs
[2024-06-10T08:14:15.493+0000] {logging_mixin.py:188} INFO - [2024-06-10T08:14:15.493+0000] {dag.py:3954} INFO - Setting next_dagrun for example_complex to None, run_after=None
[2024-06-10T08:14:15.502+0000] {processor.py:183} INFO - Processing /home/airflow/.local/lib/python3.12/site-packages/airflow/example_dags/example_complex.py took 0.036 seconds
[2024-06-10T08:14:46.662+0000] {processor.py:161} INFO - Started process (PID=584) to work on /home/airflow/.local/lib/python3.12/site-packages/airflow/example_dags/example_complex.py
[2024-06-10T08:14:46.666+0000] {processor.py:830} INFO - Processing file /home/airflow/.local/lib/python3.12/site-packages/airflow/example_dags/example_complex.py for tasks to queue
[2024-06-10T08:14:46.669+0000] {logging_mixin.py:188} INFO - [2024-06-10T08:14:46.668+0000] {dagbag.py:545} INFO - Filling up the DagBag from /home/airflow/.local/lib/python3.12/site-packages/airflow/example_dags/example_complex.py
[2024-06-10T08:14:46.683+0000] {processor.py:840} INFO - DAG(s) 'example_complex' retrieved from /home/airflow/.local/lib/python3.12/site-packages/airflow/example_dags/example_complex.py
[2024-06-10T08:14:46.861+0000] {logging_mixin.py:188} INFO - [2024-06-10T08:14:46.860+0000] {dag.py:3096} INFO - Sync 1 DAGs
[2024-06-10T08:14:46.883+0000] {logging_mixin.py:188} INFO - [2024-06-10T08:14:46.882+0000] {dag.py:3954} INFO - Setting next_dagrun for example_complex to None, run_after=None
[2024-06-10T08:14:46.932+0000] {processor.py:183} INFO - Processing /home/airflow/.local/lib/python3.12/site-packages/airflow/example_dags/example_complex.py took 0.279 seconds
