[2024-06-10T08:03:31.550+0000] {processor.py:161} INFO - Started process (PID=45) to work on /home/airflow/.local/lib/python3.12/site-packages/airflow/example_dags/example_python_operator.py
[2024-06-10T08:03:31.554+0000] {processor.py:830} INFO - Processing file /home/airflow/.local/lib/python3.12/site-packages/airflow/example_dags/example_python_operator.py for tasks to queue
[2024-06-10T08:03:31.558+0000] {logging_mixin.py:188} INFO - [2024-06-10T08:03:31.557+0000] {dagbag.py:545} INFO - Filling up the DagBag from /home/airflow/.local/lib/python3.12/site-packages/airflow/example_dags/example_python_operator.py
[2024-06-10T08:03:31.770+0000] {processor.py:840} INFO - DAG(s) 'example_python_operator' retrieved from /home/airflow/.local/lib/python3.12/site-packages/airflow/example_dags/example_python_operator.py
[2024-06-10T08:03:32.011+0000] {logging_mixin.py:188} INFO - [2024-06-10T08:03:32.011+0000] {dag.py:3096} INFO - Sync 1 DAGs
[2024-06-10T08:03:32.024+0000] {logging_mixin.py:188} INFO - [2024-06-10T08:03:32.024+0000] {dag.py:3954} INFO - Setting next_dagrun for example_python_operator to None, run_after=None
[2024-06-10T08:03:32.066+0000] {processor.py:183} INFO - Processing /home/airflow/.local/lib/python3.12/site-packages/airflow/example_dags/example_python_operator.py took 0.527 seconds
[2024-06-10T08:04:03.019+0000] {processor.py:161} INFO - Started process (PID=102) to work on /home/airflow/.local/lib/python3.12/site-packages/airflow/example_dags/example_python_operator.py
[2024-06-10T08:04:03.021+0000] {processor.py:830} INFO - Processing file /home/airflow/.local/lib/python3.12/site-packages/airflow/example_dags/example_python_operator.py for tasks to queue
[2024-06-10T08:04:03.023+0000] {logging_mixin.py:188} INFO - [2024-06-10T08:04:03.022+0000] {dagbag.py:545} INFO - Filling up the DagBag from /home/airflow/.local/lib/python3.12/site-packages/airflow/example_dags/example_python_operator.py
[2024-06-10T08:04:03.034+0000] {processor.py:840} INFO - DAG(s) 'example_python_operator' retrieved from /home/airflow/.local/lib/python3.12/site-packages/airflow/example_dags/example_python_operator.py
[2024-06-10T08:04:03.050+0000] {logging_mixin.py:188} INFO - [2024-06-10T08:04:03.050+0000] {dag.py:3096} INFO - Sync 1 DAGs
[2024-06-10T08:04:03.057+0000] {logging_mixin.py:188} INFO - [2024-06-10T08:04:03.057+0000] {dag.py:3954} INFO - Setting next_dagrun for example_python_operator to None, run_after=None
[2024-06-10T08:04:03.067+0000] {processor.py:183} INFO - Processing /home/airflow/.local/lib/python3.12/site-packages/airflow/example_dags/example_python_operator.py took 0.054 seconds
[2024-06-10T08:14:15.172+0000] {processor.py:161} INFO - Started process (PID=233) to work on /home/airflow/.local/lib/python3.12/site-packages/airflow/example_dags/example_python_operator.py
[2024-06-10T08:14:15.172+0000] {processor.py:830} INFO - Processing file /home/airflow/.local/lib/python3.12/site-packages/airflow/example_dags/example_python_operator.py for tasks to queue
[2024-06-10T08:14:15.173+0000] {logging_mixin.py:188} INFO - [2024-06-10T08:14:15.173+0000] {dagbag.py:545} INFO - Filling up the DagBag from /home/airflow/.local/lib/python3.12/site-packages/airflow/example_dags/example_python_operator.py
[2024-06-10T08:14:15.179+0000] {processor.py:840} INFO - DAG(s) 'example_python_operator' retrieved from /home/airflow/.local/lib/python3.12/site-packages/airflow/example_dags/example_python_operator.py
[2024-06-10T08:14:15.186+0000] {logging_mixin.py:188} INFO - [2024-06-10T08:14:15.186+0000] {dag.py:3096} INFO - Sync 1 DAGs
[2024-06-10T08:14:15.192+0000] {logging_mixin.py:188} INFO - [2024-06-10T08:14:15.192+0000] {dag.py:3954} INFO - Setting next_dagrun for example_python_operator to None, run_after=None
[2024-06-10T08:14:15.201+0000] {processor.py:183} INFO - Processing /home/airflow/.local/lib/python3.12/site-packages/airflow/example_dags/example_python_operator.py took 0.032 seconds
[2024-06-10T08:14:45.923+0000] {processor.py:161} INFO - Started process (PID=494) to work on /home/airflow/.local/lib/python3.12/site-packages/airflow/example_dags/example_python_operator.py
[2024-06-10T08:14:45.924+0000] {processor.py:830} INFO - Processing file /home/airflow/.local/lib/python3.12/site-packages/airflow/example_dags/example_python_operator.py for tasks to queue
[2024-06-10T08:14:45.927+0000] {logging_mixin.py:188} INFO - [2024-06-10T08:14:45.927+0000] {dagbag.py:545} INFO - Filling up the DagBag from /home/airflow/.local/lib/python3.12/site-packages/airflow/example_dags/example_python_operator.py
[2024-06-10T08:14:45.932+0000] {processor.py:840} INFO - DAG(s) 'example_python_operator' retrieved from /home/airflow/.local/lib/python3.12/site-packages/airflow/example_dags/example_python_operator.py
[2024-06-10T08:14:45.975+0000] {logging_mixin.py:188} INFO - [2024-06-10T08:14:45.974+0000] {dag.py:3096} INFO - Sync 1 DAGs
[2024-06-10T08:14:45.979+0000] {logging_mixin.py:188} INFO - [2024-06-10T08:14:45.979+0000] {dag.py:3954} INFO - Setting next_dagrun for example_python_operator to None, run_after=None
[2024-06-10T08:14:45.986+0000] {processor.py:183} INFO - Processing /home/airflow/.local/lib/python3.12/site-packages/airflow/example_dags/example_python_operator.py took 0.066 seconds
