[2024-06-10T08:03:35.356+0000] {processor.py:161} INFO - Started process (PID=59) to work on /home/airflow/.local/lib/python3.12/site-packages/airflow/example_dags/example_dag_decorator.py
[2024-06-10T08:03:35.368+0000] {processor.py:830} INFO - Processing file /home/airflow/.local/lib/python3.12/site-packages/airflow/example_dags/example_dag_decorator.py for tasks to queue
[2024-06-10T08:03:35.378+0000] {logging_mixin.py:188} INFO - [2024-06-10T08:03:35.376+0000] {dagbag.py:545} INFO - Filling up the DagBag from /home/airflow/.local/lib/python3.12/site-packages/airflow/example_dags/example_dag_decorator.py
[2024-06-10T08:03:35.803+0000] {processor.py:840} INFO - DAG(s) 'example_dag_decorator' retrieved from /home/airflow/.local/lib/python3.12/site-packages/airflow/example_dags/example_dag_decorator.py
[2024-06-10T08:03:35.955+0000] {logging_mixin.py:188} INFO - [2024-06-10T08:03:35.955+0000] {dag.py:3096} INFO - Sync 1 DAGs
[2024-06-10T08:03:35.969+0000] {logging_mixin.py:188} INFO - [2024-06-10T08:03:35.968+0000] {dag.py:3954} INFO - Setting next_dagrun for example_dag_decorator to None, run_after=None
[2024-06-10T08:03:35.995+0000] {processor.py:183} INFO - Processing /home/airflow/.local/lib/python3.12/site-packages/airflow/example_dags/example_dag_decorator.py took 0.651 seconds
[2024-06-10T08:14:15.516+0000] {processor.py:161} INFO - Started process (PID=303) to work on /home/airflow/.local/lib/python3.12/site-packages/airflow/example_dags/example_dag_decorator.py
[2024-06-10T08:14:15.516+0000] {processor.py:830} INFO - Processing file /home/airflow/.local/lib/python3.12/site-packages/airflow/example_dags/example_dag_decorator.py for tasks to queue
[2024-06-10T08:14:15.517+0000] {logging_mixin.py:188} INFO - [2024-06-10T08:14:15.517+0000] {dagbag.py:545} INFO - Filling up the DagBag from /home/airflow/.local/lib/python3.12/site-packages/airflow/example_dags/example_dag_decorator.py
[2024-06-10T08:14:15.641+0000] {processor.py:840} INFO - DAG(s) 'example_dag_decorator' retrieved from /home/airflow/.local/lib/python3.12/site-packages/airflow/example_dags/example_dag_decorator.py
[2024-06-10T08:14:15.648+0000] {logging_mixin.py:188} INFO - [2024-06-10T08:14:15.648+0000] {dag.py:3096} INFO - Sync 1 DAGs
[2024-06-10T08:14:15.657+0000] {logging_mixin.py:188} INFO - [2024-06-10T08:14:15.656+0000] {dag.py:3954} INFO - Setting next_dagrun for example_dag_decorator to None, run_after=None
[2024-06-10T08:14:15.667+0000] {processor.py:183} INFO - Processing /home/airflow/.local/lib/python3.12/site-packages/airflow/example_dags/example_dag_decorator.py took 0.154 seconds
[2024-06-10T08:14:46.990+0000] {processor.py:161} INFO - Started process (PID=586) to work on /home/airflow/.local/lib/python3.12/site-packages/airflow/example_dags/example_dag_decorator.py
[2024-06-10T08:14:46.991+0000] {processor.py:830} INFO - Processing file /home/airflow/.local/lib/python3.12/site-packages/airflow/example_dags/example_dag_decorator.py for tasks to queue
[2024-06-10T08:14:47.004+0000] {logging_mixin.py:188} INFO - [2024-06-10T08:14:47.004+0000] {dagbag.py:545} INFO - Filling up the DagBag from /home/airflow/.local/lib/python3.12/site-packages/airflow/example_dags/example_dag_decorator.py
[2024-06-10T08:14:47.186+0000] {processor.py:840} INFO - DAG(s) 'example_dag_decorator' retrieved from /home/airflow/.local/lib/python3.12/site-packages/airflow/example_dags/example_dag_decorator.py
[2024-06-10T08:14:47.437+0000] {logging_mixin.py:188} INFO - [2024-06-10T08:14:47.436+0000] {dag.py:3096} INFO - Sync 1 DAGs
[2024-06-10T08:14:47.454+0000] {logging_mixin.py:188} INFO - [2024-06-10T08:14:47.454+0000] {dag.py:3954} INFO - Setting next_dagrun for example_dag_decorator to None, run_after=None
