[2024-06-10T08:03:36.022+0000] {processor.py:161} INFO - Started process (PID=61) to work on /home/airflow/.local/lib/python3.12/site-packages/airflow/example_dags/example_datasets.py
[2024-06-10T08:03:36.024+0000] {processor.py:830} INFO - Processing file /home/airflow/.local/lib/python3.12/site-packages/airflow/example_dags/example_datasets.py for tasks to queue
[2024-06-10T08:03:36.025+0000] {logging_mixin.py:188} INFO - [2024-06-10T08:03:36.025+0000] {dagbag.py:545} INFO - Filling up the DagBag from /home/airflow/.local/lib/python3.12/site-packages/airflow/example_dags/example_datasets.py
[2024-06-10T08:03:36.051+0000] {processor.py:840} INFO - DAG(s) 'consume_1_or_2_with_dataset_expressions', 'conditional_dataset_and_time_based_timetable', 'dataset_consumes_1_never_scheduled', 'consume_1_or_both_2_and_3_with_dataset_expressions', 'dataset_produces_2', 'dataset_consumes_unknown_never_scheduled', 'consume_1_and_2_with_dataset_expressions', 'dataset_consumes_1_and_2', 'dataset_consumes_1', 'dataset_produces_1' retrieved from /home/airflow/.local/lib/python3.12/site-packages/airflow/example_dags/example_datasets.py
[2024-06-10T08:03:36.258+0000] {logging_mixin.py:188} INFO - [2024-06-10T08:03:36.258+0000] {dag.py:3096} INFO - Sync 10 DAGs
[2024-06-10T08:03:36.277+0000] {logging_mixin.py:188} INFO - [2024-06-10T08:03:36.277+0000] {dag.py:3954} INFO - Setting next_dagrun for conditional_dataset_and_time_based_timetable to 2024-06-05 01:00:00+00:00, run_after=2024-06-05 01:00:00+00:00
[2024-06-10T08:03:36.289+0000] {logging_mixin.py:188} INFO - [2024-06-10T08:03:36.288+0000] {dag.py:3954} INFO - Setting next_dagrun for consume_1_and_2_with_dataset_expressions to None, run_after=None
[2024-06-10T08:03:36.295+0000] {logging_mixin.py:188} INFO - [2024-06-10T08:03:36.294+0000] {dag.py:3954} INFO - Setting next_dagrun for consume_1_or_2_with_dataset_expressions to None, run_after=None
[2024-06-10T08:03:36.298+0000] {logging_mixin.py:188} INFO - [2024-06-10T08:03:36.298+0000] {dag.py:3954} INFO - Setting next_dagrun for consume_1_or_both_2_and_3_with_dataset_expressions to None, run_after=None
[2024-06-10T08:03:36.300+0000] {logging_mixin.py:188} INFO - [2024-06-10T08:03:36.300+0000] {dag.py:3954} INFO - Setting next_dagrun for dataset_consumes_1 to None, run_after=None
[2024-06-10T08:03:36.304+0000] {logging_mixin.py:188} INFO - [2024-06-10T08:03:36.303+0000] {dag.py:3954} INFO - Setting next_dagrun for dataset_consumes_1_and_2 to None, run_after=None
[2024-06-10T08:03:36.307+0000] {logging_mixin.py:188} INFO - [2024-06-10T08:03:36.307+0000] {dag.py:3954} INFO - Setting next_dagrun for dataset_consumes_1_never_scheduled to None, run_after=None
[2024-06-10T08:03:36.311+0000] {logging_mixin.py:188} INFO - [2024-06-10T08:03:36.311+0000] {dag.py:3954} INFO - Setting next_dagrun for dataset_consumes_unknown_never_scheduled to None, run_after=None
[2024-06-10T08:03:36.313+0000] {logging_mixin.py:188} INFO - [2024-06-10T08:03:36.313+0000] {dag.py:3954} INFO - Setting next_dagrun for dataset_produces_1 to 2024-06-09 00:00:00+00:00, run_after=2024-06-10 00:00:00+00:00
[2024-06-10T08:03:36.314+0000] {logging_mixin.py:188} INFO - [2024-06-10T08:03:36.314+0000] {dag.py:3954} INFO - Setting next_dagrun for dataset_produces_2 to None, run_after=None
[2024-06-10T08:03:36.360+0000] {processor.py:183} INFO - Processing /home/airflow/.local/lib/python3.12/site-packages/airflow/example_dags/example_datasets.py took 0.343 seconds
[2024-06-10T08:14:15.589+0000] {processor.py:161} INFO - Started process (PID=313) to work on /home/airflow/.local/lib/python3.12/site-packages/airflow/example_dags/example_datasets.py
[2024-06-10T08:14:15.589+0000] {processor.py:830} INFO - Processing file /home/airflow/.local/lib/python3.12/site-packages/airflow/example_dags/example_datasets.py for tasks to queue
[2024-06-10T08:14:15.590+0000] {logging_mixin.py:188} INFO - [2024-06-10T08:14:15.590+0000] {dagbag.py:545} INFO - Filling up the DagBag from /home/airflow/.local/lib/python3.12/site-packages/airflow/example_dags/example_datasets.py
[2024-06-10T08:14:15.598+0000] {processor.py:840} INFO - DAG(s) 'consume_1_and_2_with_dataset_expressions', 'dataset_consumes_1_and_2', 'conditional_dataset_and_time_based_timetable', 'dataset_produces_1', 'consume_1_or_both_2_and_3_with_dataset_expressions', 'dataset_consumes_unknown_never_scheduled', 'dataset_produces_2', 'consume_1_or_2_with_dataset_expressions', 'dataset_consumes_1', 'dataset_consumes_1_never_scheduled' retrieved from /home/airflow/.local/lib/python3.12/site-packages/airflow/example_dags/example_datasets.py
[2024-06-10T08:14:15.607+0000] {logging_mixin.py:188} INFO - [2024-06-10T08:14:15.606+0000] {dag.py:3096} INFO - Sync 10 DAGs
[2024-06-10T08:14:15.621+0000] {logging_mixin.py:188} INFO - [2024-06-10T08:14:15.621+0000] {dag.py:3954} INFO - Setting next_dagrun for conditional_dataset_and_time_based_timetable to 2024-06-05 01:00:00+00:00, run_after=2024-06-05 01:00:00+00:00
[2024-06-10T08:14:15.623+0000] {logging_mixin.py:188} INFO - [2024-06-10T08:14:15.623+0000] {dag.py:3954} INFO - Setting next_dagrun for consume_1_and_2_with_dataset_expressions to None, run_after=None
[2024-06-10T08:14:15.624+0000] {logging_mixin.py:188} INFO - [2024-06-10T08:14:15.624+0000] {dag.py:3954} INFO - Setting next_dagrun for consume_1_or_2_with_dataset_expressions to None, run_after=None
[2024-06-10T08:14:15.624+0000] {logging_mixin.py:188} INFO - [2024-06-10T08:14:15.624+0000] {dag.py:3954} INFO - Setting next_dagrun for consume_1_or_both_2_and_3_with_dataset_expressions to None, run_after=None
[2024-06-10T08:14:15.625+0000] {logging_mixin.py:188} INFO - [2024-06-10T08:14:15.625+0000] {dag.py:3954} INFO - Setting next_dagrun for dataset_consumes_1 to None, run_after=None
[2024-06-10T08:14:15.625+0000] {logging_mixin.py:188} INFO - [2024-06-10T08:14:15.625+0000] {dag.py:3954} INFO - Setting next_dagrun for dataset_consumes_1_and_2 to None, run_after=None
[2024-06-10T08:14:15.626+0000] {logging_mixin.py:188} INFO - [2024-06-10T08:14:15.626+0000] {dag.py:3954} INFO - Setting next_dagrun for dataset_consumes_1_never_scheduled to None, run_after=None
[2024-06-10T08:14:15.627+0000] {logging_mixin.py:188} INFO - [2024-06-10T08:14:15.627+0000] {dag.py:3954} INFO - Setting next_dagrun for dataset_consumes_unknown_never_scheduled to None, run_after=None
[2024-06-10T08:14:15.629+0000] {logging_mixin.py:188} INFO - [2024-06-10T08:14:15.629+0000] {dag.py:3954} INFO - Setting next_dagrun for dataset_produces_1 to 2024-06-09 00:00:00+00:00, run_after=2024-06-10 00:00:00+00:00
[2024-06-10T08:14:15.630+0000] {logging_mixin.py:188} INFO - [2024-06-10T08:14:15.630+0000] {dag.py:3954} INFO - Setting next_dagrun for dataset_produces_2 to None, run_after=None
[2024-06-10T08:14:15.650+0000] {processor.py:183} INFO - Processing /home/airflow/.local/lib/python3.12/site-packages/airflow/example_dags/example_datasets.py took 0.064 seconds
[2024-06-10T08:14:47.437+0000] {processor.py:161} INFO - Started process (PID=588) to work on /home/airflow/.local/lib/python3.12/site-packages/airflow/example_dags/example_datasets.py
[2024-06-10T08:14:47.439+0000] {processor.py:830} INFO - Processing file /home/airflow/.local/lib/python3.12/site-packages/airflow/example_dags/example_datasets.py for tasks to queue
[2024-06-10T08:14:47.444+0000] {logging_mixin.py:188} INFO - [2024-06-10T08:14:47.444+0000] {dagbag.py:545} INFO - Filling up the DagBag from /home/airflow/.local/lib/python3.12/site-packages/airflow/example_dags/example_datasets.py
[2024-06-10T08:14:47.858+0000] {logging_mixin.py:188} INFO - [2024-06-10T08:14:47.857+0000] {process_utils.py:263} INFO - Waiting up to 5 seconds for processes to exit...
