[2024-06-10T08:03:28.019+0000] {processor.py:161} INFO - Started process (PID=31) to work on /home/airflow/.local/lib/python3.12/site-packages/airflow/example_dags/example_bash_operator.py
[2024-06-10T08:03:28.021+0000] {processor.py:830} INFO - Processing file /home/airflow/.local/lib/python3.12/site-packages/airflow/example_dags/example_bash_operator.py for tasks to queue
[2024-06-10T08:03:28.028+0000] {logging_mixin.py:188} INFO - [2024-06-10T08:03:28.027+0000] {dagbag.py:545} INFO - Filling up the DagBag from /home/airflow/.local/lib/python3.12/site-packages/airflow/example_dags/example_bash_operator.py
[2024-06-10T08:03:28.051+0000] {processor.py:840} INFO - DAG(s) 'example_bash_operator' retrieved from /home/airflow/.local/lib/python3.12/site-packages/airflow/example_dags/example_bash_operator.py
[2024-06-10T08:03:28.331+0000] {logging_mixin.py:188} INFO - [2024-06-10T08:03:28.331+0000] {dag.py:3096} INFO - Sync 1 DAGs
[2024-06-10T08:03:28.357+0000] {logging_mixin.py:188} INFO - [2024-06-10T08:03:28.357+0000] {dag.py:3954} INFO - Setting next_dagrun for example_bash_operator to 2024-06-09 00:00:00+00:00, run_after=2024-06-10 00:00:00+00:00
[2024-06-10T08:03:28.401+0000] {processor.py:183} INFO - Processing /home/airflow/.local/lib/python3.12/site-packages/airflow/example_dags/example_bash_operator.py took 0.389 seconds
[2024-06-10T08:03:58.619+0000] {processor.py:161} INFO - Started process (PID=88) to work on /home/airflow/.local/lib/python3.12/site-packages/airflow/example_dags/example_bash_operator.py
[2024-06-10T08:03:58.622+0000] {processor.py:830} INFO - Processing file /home/airflow/.local/lib/python3.12/site-packages/airflow/example_dags/example_bash_operator.py for tasks to queue
[2024-06-10T08:03:58.627+0000] {logging_mixin.py:188} INFO - [2024-06-10T08:03:58.626+0000] {dagbag.py:545} INFO - Filling up the DagBag from /home/airflow/.local/lib/python3.12/site-packages/airflow/example_dags/example_bash_operator.py
[2024-06-10T08:03:58.642+0000] {processor.py:840} INFO - DAG(s) 'example_bash_operator' retrieved from /home/airflow/.local/lib/python3.12/site-packages/airflow/example_dags/example_bash_operator.py
[2024-06-10T08:03:58.659+0000] {logging_mixin.py:188} INFO - [2024-06-10T08:03:58.659+0000] {dag.py:3096} INFO - Sync 1 DAGs
[2024-06-10T08:03:58.685+0000] {logging_mixin.py:188} INFO - [2024-06-10T08:03:58.685+0000] {dag.py:3954} INFO - Setting next_dagrun for example_bash_operator to 2024-06-09 00:00:00+00:00, run_after=2024-06-10 00:00:00+00:00
[2024-06-10T08:03:58.695+0000] {processor.py:183} INFO - Processing /home/airflow/.local/lib/python3.12/site-packages/airflow/example_dags/example_bash_operator.py took 0.088 seconds
[2024-06-10T08:14:14.686+0000] {processor.py:161} INFO - Started process (PID=165) to work on /home/airflow/.local/lib/python3.12/site-packages/airflow/example_dags/example_bash_operator.py
[2024-06-10T08:14:14.687+0000] {processor.py:830} INFO - Processing file /home/airflow/.local/lib/python3.12/site-packages/airflow/example_dags/example_bash_operator.py for tasks to queue
[2024-06-10T08:14:14.688+0000] {logging_mixin.py:188} INFO - [2024-06-10T08:14:14.688+0000] {dagbag.py:545} INFO - Filling up the DagBag from /home/airflow/.local/lib/python3.12/site-packages/airflow/example_dags/example_bash_operator.py
[2024-06-10T08:14:14.706+0000] {processor.py:840} INFO - DAG(s) 'example_bash_operator' retrieved from /home/airflow/.local/lib/python3.12/site-packages/airflow/example_dags/example_bash_operator.py
[2024-06-10T08:14:14.724+0000] {logging_mixin.py:188} INFO - [2024-06-10T08:14:14.724+0000] {dag.py:3096} INFO - Sync 1 DAGs
[2024-06-10T08:14:14.737+0000] {logging_mixin.py:188} INFO - [2024-06-10T08:14:14.737+0000] {dag.py:3954} INFO - Setting next_dagrun for example_bash_operator to 2024-06-09 00:00:00+00:00, run_after=2024-06-10 00:00:00+00:00
[2024-06-10T08:14:14.746+0000] {processor.py:183} INFO - Processing /home/airflow/.local/lib/python3.12/site-packages/airflow/example_dags/example_bash_operator.py took 0.064 seconds
[2024-06-10T08:14:45.162+0000] {processor.py:161} INFO - Started process (PID=426) to work on /home/airflow/.local/lib/python3.12/site-packages/airflow/example_dags/example_bash_operator.py
[2024-06-10T08:14:45.165+0000] {processor.py:830} INFO - Processing file /home/airflow/.local/lib/python3.12/site-packages/airflow/example_dags/example_bash_operator.py for tasks to queue
[2024-06-10T08:14:45.167+0000] {logging_mixin.py:188} INFO - [2024-06-10T08:14:45.167+0000] {dagbag.py:545} INFO - Filling up the DagBag from /home/airflow/.local/lib/python3.12/site-packages/airflow/example_dags/example_bash_operator.py
[2024-06-10T08:14:45.180+0000] {processor.py:840} INFO - DAG(s) 'example_bash_operator' retrieved from /home/airflow/.local/lib/python3.12/site-packages/airflow/example_dags/example_bash_operator.py
[2024-06-10T08:14:45.296+0000] {logging_mixin.py:188} INFO - [2024-06-10T08:14:45.296+0000] {dag.py:3096} INFO - Sync 1 DAGs
[2024-06-10T08:14:45.306+0000] {logging_mixin.py:188} INFO - [2024-06-10T08:14:45.306+0000] {dag.py:3954} INFO - Setting next_dagrun for example_bash_operator to 2024-06-09 00:00:00+00:00, run_after=2024-06-10 00:00:00+00:00
[2024-06-10T08:14:45.314+0000] {processor.py:183} INFO - Processing /home/airflow/.local/lib/python3.12/site-packages/airflow/example_dags/example_bash_operator.py took 0.161 seconds
