[2024-06-10T08:03:28.936+0000] {processor.py:161} INFO - Started process (PID=37) to work on /home/airflow/.local/lib/python3.12/site-packages/airflow/example_dags/tutorial.py
[2024-06-10T08:03:28.938+0000] {processor.py:830} INFO - Processing file /home/airflow/.local/lib/python3.12/site-packages/airflow/example_dags/tutorial.py for tasks to queue
[2024-06-10T08:03:28.941+0000] {logging_mixin.py:188} INFO - [2024-06-10T08:03:28.941+0000] {dagbag.py:545} INFO - Filling up the DagBag from /home/airflow/.local/lib/python3.12/site-packages/airflow/example_dags/tutorial.py
[2024-06-10T08:03:28.950+0000] {processor.py:840} INFO - DAG(s) 'tutorial' retrieved from /home/airflow/.local/lib/python3.12/site-packages/airflow/example_dags/tutorial.py
[2024-06-10T08:03:29.318+0000] {logging_mixin.py:188} INFO - [2024-06-10T08:03:29.318+0000] {dag.py:3096} INFO - Sync 1 DAGs
[2024-06-10T08:03:29.381+0000] {logging_mixin.py:188} INFO - [2024-06-10T08:03:29.381+0000] {dag.py:3954} INFO - Setting next_dagrun for tutorial to 2024-06-09 00:00:00+00:00, run_after=2024-06-10 00:00:00+00:00
[2024-06-10T08:03:29.428+0000] {processor.py:183} INFO - Processing /home/airflow/.local/lib/python3.12/site-packages/airflow/example_dags/tutorial.py took 0.498 seconds
[2024-06-10T08:03:59.814+0000] {processor.py:161} INFO - Started process (PID=94) to work on /home/airflow/.local/lib/python3.12/site-packages/airflow/example_dags/tutorial.py
[2024-06-10T08:03:59.815+0000] {processor.py:830} INFO - Processing file /home/airflow/.local/lib/python3.12/site-packages/airflow/example_dags/tutorial.py for tasks to queue
[2024-06-10T08:03:59.816+0000] {logging_mixin.py:188} INFO - [2024-06-10T08:03:59.816+0000] {dagbag.py:545} INFO - Filling up the DagBag from /home/airflow/.local/lib/python3.12/site-packages/airflow/example_dags/tutorial.py
[2024-06-10T08:03:59.822+0000] {processor.py:840} INFO - DAG(s) 'tutorial' retrieved from /home/airflow/.local/lib/python3.12/site-packages/airflow/example_dags/tutorial.py
[2024-06-10T08:03:59.833+0000] {logging_mixin.py:188} INFO - [2024-06-10T08:03:59.833+0000] {dag.py:3096} INFO - Sync 1 DAGs
[2024-06-10T08:03:59.843+0000] {logging_mixin.py:188} INFO - [2024-06-10T08:03:59.843+0000] {dag.py:3954} INFO - Setting next_dagrun for tutorial to 2024-06-09 00:00:00+00:00, run_after=2024-06-10 00:00:00+00:00
[2024-06-10T08:03:59.852+0000] {processor.py:183} INFO - Processing /home/airflow/.local/lib/python3.12/site-packages/airflow/example_dags/tutorial.py took 0.041 seconds
[2024-06-10T08:14:14.883+0000] {processor.py:161} INFO - Started process (PID=193) to work on /home/airflow/.local/lib/python3.12/site-packages/airflow/example_dags/tutorial.py
[2024-06-10T08:14:14.884+0000] {processor.py:830} INFO - Processing file /home/airflow/.local/lib/python3.12/site-packages/airflow/example_dags/tutorial.py for tasks to queue
[2024-06-10T08:14:14.885+0000] {logging_mixin.py:188} INFO - [2024-06-10T08:14:14.885+0000] {dagbag.py:545} INFO - Filling up the DagBag from /home/airflow/.local/lib/python3.12/site-packages/airflow/example_dags/tutorial.py
[2024-06-10T08:14:14.889+0000] {processor.py:840} INFO - DAG(s) 'tutorial' retrieved from /home/airflow/.local/lib/python3.12/site-packages/airflow/example_dags/tutorial.py
[2024-06-10T08:14:14.901+0000] {logging_mixin.py:188} INFO - [2024-06-10T08:14:14.901+0000] {dag.py:3096} INFO - Sync 1 DAGs
[2024-06-10T08:14:14.916+0000] {logging_mixin.py:188} INFO - [2024-06-10T08:14:14.916+0000] {dag.py:3954} INFO - Setting next_dagrun for tutorial to 2024-06-09 00:00:00+00:00, run_after=2024-06-10 00:00:00+00:00
[2024-06-10T08:14:14.925+0000] {processor.py:183} INFO - Processing /home/airflow/.local/lib/python3.12/site-packages/airflow/example_dags/tutorial.py took 0.046 seconds
[2024-06-10T08:14:45.490+0000] {processor.py:161} INFO - Started process (PID=454) to work on /home/airflow/.local/lib/python3.12/site-packages/airflow/example_dags/tutorial.py
[2024-06-10T08:14:45.491+0000] {processor.py:830} INFO - Processing file /home/airflow/.local/lib/python3.12/site-packages/airflow/example_dags/tutorial.py for tasks to queue
[2024-06-10T08:14:45.492+0000] {logging_mixin.py:188} INFO - [2024-06-10T08:14:45.492+0000] {dagbag.py:545} INFO - Filling up the DagBag from /home/airflow/.local/lib/python3.12/site-packages/airflow/example_dags/tutorial.py
[2024-06-10T08:14:45.495+0000] {processor.py:840} INFO - DAG(s) 'tutorial' retrieved from /home/airflow/.local/lib/python3.12/site-packages/airflow/example_dags/tutorial.py
[2024-06-10T08:14:45.535+0000] {logging_mixin.py:188} INFO - [2024-06-10T08:14:45.535+0000] {dag.py:3096} INFO - Sync 1 DAGs
[2024-06-10T08:14:45.543+0000] {logging_mixin.py:188} INFO - [2024-06-10T08:14:45.543+0000] {dag.py:3954} INFO - Setting next_dagrun for tutorial to 2024-06-09 00:00:00+00:00, run_after=2024-06-10 00:00:00+00:00
[2024-06-10T08:14:45.551+0000] {processor.py:183} INFO - Processing /home/airflow/.local/lib/python3.12/site-packages/airflow/example_dags/tutorial.py took 0.063 seconds
