[2024-06-11T05:03:32.997+0000] {local_task_job_runner.py:120} INFO - ::group::Pre task execution logs
[2024-06-11T05:03:33.014+0000] {taskinstance.py:2076} INFO - Dependencies all met for dep_context=non-requeueable deps ti=<TaskInstance: mssql_to_postgresql_04.extract_from_mssql scheduled__2024-06-10T00:00:00+00:00 [queued]>
[2024-06-11T05:03:33.017+0000] {taskinstance.py:2076} INFO - Dependencies all met for dep_context=requeueable deps ti=<TaskInstance: mssql_to_postgresql_04.extract_from_mssql scheduled__2024-06-10T00:00:00+00:00 [queued]>
[2024-06-11T05:03:33.018+0000] {taskinstance.py:2306} INFO - Starting attempt 1 of 1
[2024-06-11T05:03:33.024+0000] {taskinstance.py:2330} INFO - Executing <Task(PythonOperator): extract_from_mssql> on 2024-06-10 00:00:00+00:00
[2024-06-11T05:03:33.028+0000] {standard_task_runner.py:90} INFO - Running: ['***', 'tasks', 'run', 'mssql_to_postgresql_04', 'extract_from_mssql', 'scheduled__2024-06-10T00:00:00+00:00', '--job-id', '33', '--raw', '--subdir', 'DAGS_FOLDER/copy_file_transfer.py', '--cfg-path', '/tmp/tmpqz2ffx7z']
[2024-06-11T05:03:33.029+0000] {logging_mixin.py:188} WARNING - /home/***/.local/lib/python3.12/site-packages/***/task/task_runner/standard_task_runner.py:61 DeprecationWarning: This process (pid=1591) is multi-threaded, use of fork() may lead to deadlocks in the child.
[2024-06-11T05:03:33.029+0000] {standard_task_runner.py:91} INFO - Job 33: Subtask extract_from_mssql
[2024-06-11T05:03:33.029+0000] {standard_task_runner.py:63} INFO - Started process 1592 to run task
[2024-06-11T05:03:33.049+0000] {task_command.py:426} INFO - Running <TaskInstance: mssql_to_postgresql_04.extract_from_mssql scheduled__2024-06-10T00:00:00+00:00 [running]> on host 2e5c63130483
[2024-06-11T05:03:33.082+0000] {taskinstance.py:2648} INFO - Exporting env vars: AIRFLOW_CTX_DAG_OWNER='***' AIRFLOW_CTX_DAG_ID='mssql_to_postgresql_04' AIRFLOW_CTX_TASK_ID='extract_from_mssql' AIRFLOW_CTX_EXECUTION_DATE='2024-06-10T00:00:00+00:00' AIRFLOW_CTX_TRY_NUMBER='1' AIRFLOW_CTX_DAG_RUN_ID='scheduled__2024-06-10T00:00:00+00:00'
[2024-06-11T05:03:33.083+0000] {taskinstance.py:430} INFO - ::endgroup::
[2024-06-11T05:03:33.090+0000] {taskinstance.py:441} INFO - ::group::Post task execution logs
[2024-06-11T05:03:33.091+0000] {taskinstance.py:2905} ERROR - Task failed with exception
Traceback (most recent call last):
  File "/home/airflow/.local/lib/python3.12/site-packages/airflow/models/taskinstance.py", line 465, in _execute_task
    result = _execute_callable(context=context, **execute_callable_kwargs)
             ^^^^^^^^^^^^^^^^^^^^^^^^^^^^^^^^^^^^^^^^^^^^^^^^^^^^^^^^^^^^^
  File "/home/airflow/.local/lib/python3.12/site-packages/airflow/models/taskinstance.py", line 432, in _execute_callable
    return execute_callable(context=context, **execute_callable_kwargs)
           ^^^^^^^^^^^^^^^^^^^^^^^^^^^^^^^^^^^^^^^^^^^^^^^^^^^^^^^^^^^^
  File "/home/airflow/.local/lib/python3.12/site-packages/airflow/models/baseoperator.py", line 400, in wrapper
    return func(self, *args, **kwargs)
           ^^^^^^^^^^^^^^^^^^^^^^^^^^^
  File "/home/airflow/.local/lib/python3.12/site-packages/airflow/operators/python.py", line 235, in execute
    return_value = self.execute_callable()
                   ^^^^^^^^^^^^^^^^^^^^^^^
  File "/home/airflow/.local/lib/python3.12/site-packages/airflow/operators/python.py", line 252, in execute_callable
    return self.python_callable(*self.op_args, **self.op_kwargs)
           ^^^^^^^^^^^^^^^^^^^^^^^^^^^^^^^^^^^^^^^^^^^^^^^^^^^^^
  File "/opt/airflow/dags/copy_file_transfer.py", line 23, in extract_from_mssql
    mssql_hook = MsSqlHook(mssql_conn_id='sql_server_conn')
                 ^^^^^^^^^
NameError: name 'MsSqlHook' is not defined
[2024-06-11T05:03:33.098+0000] {taskinstance.py:1206} INFO - Marking task as FAILED. dag_id=mssql_to_postgresql_04, task_id=extract_from_mssql, run_id=scheduled__2024-06-10T00:00:00+00:00, execution_date=20240610T000000, start_date=20240611T050333, end_date=20240611T050333
[2024-06-11T05:03:33.102+0000] {standard_task_runner.py:110} ERROR - Failed to execute job 33 for task extract_from_mssql (name 'MsSqlHook' is not defined; 1592)
[2024-06-11T05:03:33.131+0000] {local_task_job_runner.py:240} INFO - Task exited with return code 1
[2024-06-11T05:03:33.142+0000] {taskinstance.py:3498} INFO - 0 downstream tasks scheduled from follow-on schedule check
[2024-06-11T05:03:33.143+0000] {local_task_job_runner.py:222} INFO - ::endgroup::
