[2024-06-11T08:31:44.670+0000] {local_task_job_runner.py:120} INFO - ::group::Pre task execution logs
[2024-06-11T08:31:44.687+0000] {taskinstance.py:2076} INFO - Dependencies all met for dep_context=non-requeueable deps ti=<TaskInstance: dag_ingest_cybertrack_nmb_v_merchant_transaction.extract_from_mssql manual__2024-06-11T08:31:44.259342+00:00 [queued]>
[2024-06-11T08:31:44.690+0000] {taskinstance.py:2076} INFO - Dependencies all met for dep_context=requeueable deps ti=<TaskInstance: dag_ingest_cybertrack_nmb_v_merchant_transaction.extract_from_mssql manual__2024-06-11T08:31:44.259342+00:00 [queued]>
[2024-06-11T08:31:44.691+0000] {taskinstance.py:2306} INFO - Starting attempt 1 of 1
[2024-06-11T08:31:44.696+0000] {taskinstance.py:2330} INFO - Executing <Task(PythonOperator): extract_from_mssql> on 2024-06-11 08:31:44.259342+00:00
[2024-06-11T08:31:44.700+0000] {logging_mixin.py:188} WARNING - /home/***/.local/lib/python3.12/site-packages/***/task/task_runner/standard_task_runner.py:61 DeprecationWarning: This process (pid=7158) is multi-threaded, use of fork() may lead to deadlocks in the child.
[2024-06-11T08:31:44.700+0000] {standard_task_runner.py:90} INFO - Running: ['***', 'tasks', 'run', 'dag_ingest_cybertrack_nmb_v_merchant_transaction', 'extract_from_mssql', 'manual__2024-06-11T08:31:44.259342+00:00', '--job-id', '115', '--raw', '--subdir', 'DAGS_FOLDER/dag_nmb.py', '--cfg-path', '/tmp/tmp666mvq_k']
[2024-06-11T08:31:44.701+0000] {standard_task_runner.py:63} INFO - Started process 7159 to run task
[2024-06-11T08:31:44.701+0000] {standard_task_runner.py:91} INFO - Job 115: Subtask extract_from_mssql
[2024-06-11T08:31:44.721+0000] {task_command.py:426} INFO - Running <TaskInstance: dag_ingest_cybertrack_nmb_v_merchant_transaction.extract_from_mssql manual__2024-06-11T08:31:44.259342+00:00 [running]> on host 2e5c63130483
[2024-06-11T08:31:44.783+0000] {taskinstance.py:2648} INFO - Exporting env vars: AIRFLOW_CTX_DAG_OWNER='***' AIRFLOW_CTX_DAG_ID='dag_ingest_cybertrack_nmb_v_merchant_transaction' AIRFLOW_CTX_TASK_ID='extract_from_mssql' AIRFLOW_CTX_EXECUTION_DATE='2024-06-11T08:31:44.259342+00:00' AIRFLOW_CTX_TRY_NUMBER='1' AIRFLOW_CTX_DAG_RUN_ID='manual__2024-06-11T08:31:44.259342+00:00'
[2024-06-11T08:31:44.784+0000] {taskinstance.py:430} INFO - ::endgroup::
[2024-06-11T08:31:44.797+0000] {base.py:84} INFO - Using connection ID 'sql_server_conn' for task execution.
[2024-06-11T08:31:44.822+0000] {sql.py:470} INFO - Running statement: SELECT * FROM raw_data.cybertrack_nmb_v_merchant_transaction;, parameters: None
[2024-06-11T08:31:44.958+0000] {python.py:237} INFO - Done. Returned value was: None
[2024-06-11T08:31:44.959+0000] {taskinstance.py:441} INFO - ::group::Post task execution logs
[2024-06-11T08:31:44.963+0000] {taskinstance.py:1206} INFO - Marking task as SUCCESS. dag_id=dag_ingest_cybertrack_nmb_v_merchant_transaction, task_id=extract_from_mssql, run_id=manual__2024-06-11T08:31:44.259342+00:00, execution_date=20240611T083144, start_date=20240611T083144, end_date=20240611T083144
[2024-06-11T08:31:45.010+0000] {local_task_job_runner.py:240} INFO - Task exited with return code 0
[2024-06-11T08:31:45.023+0000] {taskinstance.py:3498} INFO - 1 downstream tasks scheduled from follow-on schedule check
[2024-06-11T08:31:45.024+0000] {local_task_job_runner.py:222} INFO - ::endgroup::
