[2024-06-11T08:08:48.097+0000] {local_task_job_runner.py:120} INFO - ::group::Pre task execution logs
[2024-06-11T08:08:48.121+0000] {taskinstance.py:2076} INFO - Dependencies all met for dep_context=non-requeueable deps ti=<TaskInstance: dag_ingest_cybertrack_superapps_v_billpayment.extract_from_mssql manual__2024-06-11T08:08:46.823860+00:00 [queued]>
[2024-06-11T08:08:48.130+0000] {taskinstance.py:2076} INFO - Dependencies all met for dep_context=requeueable deps ti=<TaskInstance: dag_ingest_cybertrack_superapps_v_billpayment.extract_from_mssql manual__2024-06-11T08:08:46.823860+00:00 [queued]>
[2024-06-11T08:08:48.131+0000] {taskinstance.py:2306} INFO - Starting attempt 1 of 1
[2024-06-11T08:08:48.140+0000] {taskinstance.py:2330} INFO - Executing <Task(PythonOperator): extract_from_mssql> on 2024-06-11 08:08:46.823860+00:00
[2024-06-11T08:08:48.146+0000] {logging_mixin.py:188} WARNING - /home/***/.local/lib/python3.12/site-packages/***/task/task_runner/standard_task_runner.py:61 DeprecationWarning: This process (pid=6071) is multi-threaded, use of fork() may lead to deadlocks in the child.
[2024-06-11T08:08:48.145+0000] {standard_task_runner.py:90} INFO - Running: ['***', 'tasks', 'run', 'dag_ingest_cybertrack_superapps_v_billpayment', 'extract_from_mssql', 'manual__2024-06-11T08:08:46.823860+00:00', '--job-id', '109', '--raw', '--subdir', 'DAGS_FOLDER/dag_billpayment.py', '--cfg-path', '/tmp/tmpka53i_e6']
[2024-06-11T08:08:48.147+0000] {standard_task_runner.py:63} INFO - Started process 6072 to run task
[2024-06-11T08:08:48.147+0000] {standard_task_runner.py:91} INFO - Job 109: Subtask extract_from_mssql
[2024-06-11T08:08:48.173+0000] {task_command.py:426} INFO - Running <TaskInstance: dag_ingest_cybertrack_superapps_v_billpayment.extract_from_mssql manual__2024-06-11T08:08:46.823860+00:00 [running]> on host 2e5c63130483
[2024-06-11T08:08:48.227+0000] {taskinstance.py:2648} INFO - Exporting env vars: AIRFLOW_CTX_DAG_OWNER='***' AIRFLOW_CTX_DAG_ID='dag_ingest_cybertrack_superapps_v_billpayment' AIRFLOW_CTX_TASK_ID='extract_from_mssql' AIRFLOW_CTX_EXECUTION_DATE='2024-06-11T08:08:46.823860+00:00' AIRFLOW_CTX_TRY_NUMBER='1' AIRFLOW_CTX_DAG_RUN_ID='manual__2024-06-11T08:08:46.823860+00:00'
[2024-06-11T08:08:48.228+0000] {taskinstance.py:430} INFO - ::endgroup::
[2024-06-11T08:08:48.240+0000] {base.py:84} INFO - Using connection ID 'sql_server_conn' for task execution.
[2024-06-11T08:08:48.262+0000] {sql.py:470} INFO - Running statement: SELECT * FROM raw_data.cybertrack_superapps_v_billpayment;, parameters: None
[2024-06-11T08:08:48.275+0000] {python.py:237} INFO - Done. Returned value was: None
[2024-06-11T08:08:48.276+0000] {taskinstance.py:441} INFO - ::group::Post task execution logs
[2024-06-11T08:08:48.280+0000] {taskinstance.py:1206} INFO - Marking task as SUCCESS. dag_id=dag_ingest_cybertrack_superapps_v_billpayment, task_id=extract_from_mssql, run_id=manual__2024-06-11T08:08:46.823860+00:00, execution_date=20240611T080846, start_date=20240611T080848, end_date=20240611T080848
[2024-06-11T08:08:48.288+0000] {local_task_job_runner.py:240} INFO - Task exited with return code 0
[2024-06-11T08:08:48.300+0000] {taskinstance.py:3498} INFO - 1 downstream tasks scheduled from follow-on schedule check
[2024-06-11T08:08:48.301+0000] {local_task_job_runner.py:222} INFO - ::endgroup::
